Re-run cmake no build system arguments
-- The C compiler identification is GNU 9.2.1
-- Check for working C compiler: /home/zhous/ROS2/micros_ws/firmware/freertos_apps/microros_intel_A53Anony_extensions/../../toolchain/bin/aarch64-none-elf-gcc
-- Check for working C compiler: /home/zhous/ROS2/micros_ws/firmware/freertos_apps/microros_intel_A53Anony_extensions/../../toolchain/bin/aarch64-none-elf-gcc -- works
-- Detecting C compiler ABI info
-- Detecting C compiler ABI info - done
-- Detecting C compile features
-- Detecting C compile features - done
-- The CXX compiler identification is GNU 9.2.1
-- Check for working CXX compiler: /home/zhous/ROS2/micros_ws/firmware/freertos_apps/microros_intel_A53Anony_extensions/../../toolchain/bin/aarch64-none-elf-g++
-- Check for working CXX compiler: /home/zhous/ROS2/micros_ws/firmware/freertos_apps/microros_intel_A53Anony_extensions/../../toolchain/bin/aarch64-none-elf-g++ -- works
-- Detecting CXX compiler ABI info
-- Detecting CXX compiler ABI info - done
-- Detecting CXX compile features
-- Detecting CXX compile features - done
-- Configuring done
-- Generating done
-- Build files have been written to: /home/zhous/ROS2/micros_ws/firmware/mcu_ws/build/microcdr
make[1]: Entering directory '/home/zhous/ROS2/micros_ws/firmware/mcu_ws/build/microcdr'
/usr/bin/cmake -H/home/zhous/ROS2/micros_ws/firmware/mcu_ws/eProsima/Micro-CDR -B/home/zhous/ROS2/micros_ws/firmware/mcu_ws/build/microcdr --check-build-system CMakeFiles/Makefile.cmake 0
/usr/bin/cmake -E cmake_progress_start /home/zhous/ROS2/micros_ws/firmware/mcu_ws/build/microcdr/CMakeFiles /home/zhous/ROS2/micros_ws/firmware/mcu_ws/build/microcdr/CMakeFiles/progress.marks
/usr/bin/make -f CMakeFiles/Makefile2 all
make[2]: Entering directory '/home/zhous/ROS2/micros_ws/firmware/mcu_ws/build/microcdr'
/usr/bin/make -f CMakeFiles/ucdr.dir/build.make CMakeFiles/ucdr.dir/depend
make[3]: Entering directory '/home/zhous/ROS2/micros_ws/firmware/mcu_ws/build/microcdr'
cd /home/zhous/ROS2/micros_ws/firmware/mcu_ws/build/microcdr && /usr/bin/cmake -E cmake_depends "Unix Makefiles" /home/zhous/ROS2/micros_ws/firmware/mcu_ws/eProsima/Micro-CDR /home/zhous/ROS2/micros_ws/firmware/mcu_ws/eProsima/Micro-CDR /home/zhous/ROS2/micros_ws/firmware/mcu_ws/build/microcdr /home/zhous/ROS2/micros_ws/firmware/mcu_ws/build/microcdr /home/zhous/ROS2/micros_ws/firmware/mcu_ws/build/microcdr/CMakeFiles/ucdr.dir/DependInfo.cmake --color=
Dependee "/home/zhous/ROS2/micros_ws/firmware/mcu_ws/build/microcdr/CMakeFiles/ucdr.dir/DependInfo.cmake" is newer than depender "/home/zhous/ROS2/micros_ws/firmware/mcu_ws/build/microcdr/CMakeFiles/ucdr.dir/depend.internal".
Dependee "/home/zhous/ROS2/micros_ws/firmware/mcu_ws/build/microcdr/CMakeFiles/CMakeDirectoryInformation.cmake" is newer than depender "/home/zhous/ROS2/micros_ws/firmware/mcu_ws/build/microcdr/CMakeFiles/ucdr.dir/depend.internal".
[35m[1mScanning dependencies of target ucdr[0m
make[3]: Leaving directory '/home/zhous/ROS2/micros_ws/firmware/mcu_ws/build/microcdr'
/usr/bin/make -f CMakeFiles/ucdr.dir/build.make CMakeFiles/ucdr.dir/build
make[3]: Entering directory '/home/zhous/ROS2/micros_ws/firmware/mcu_ws/build/microcdr'
[ 12%] [34m[1mCreating directories for 'ucdr'[0m
/usr/bin/cmake -E make_directory /home/zhous/ROS2/micros_ws/firmware/mcu_ws/eProsima/Micro-CDR
/usr/bin/cmake -E make_directory /home/zhous/ROS2/micros_ws/firmware/mcu_ws/build/microcdr
/usr/bin/cmake -E make_directory /home/zhous/ROS2/micros_ws/firmware/mcu_ws/build/microcdr/ucdr-prefix
/usr/bin/cmake -E make_directory /home/zhous/ROS2/micros_ws/firmware/mcu_ws/build/microcdr/ucdr-prefix/tmp
/usr/bin/cmake -E make_directory /home/zhous/ROS2/micros_ws/firmware/mcu_ws/build/microcdr/ucdr-prefix/src/ucdr-stamp
/usr/bin/cmake -E make_directory /home/zhous/ROS2/micros_ws/firmware/mcu_ws/build/microcdr/ucdr-prefix/src
/usr/bin/cmake -E touch /home/zhous/ROS2/micros_ws/firmware/mcu_ws/build/microcdr/ucdr-prefix/src/ucdr-stamp/ucdr-mkdir
[ 25%] [34m[1mNo download step for 'ucdr'[0m
/usr/bin/cmake -E echo_append
/usr/bin/cmake -E touch /home/zhous/ROS2/micros_ws/firmware/mcu_ws/build/microcdr/ucdr-prefix/src/ucdr-stamp/ucdr-download
[ 37%] [34m[1mNo patch step for 'ucdr'[0m
/usr/bin/cmake -E echo_append
[ 50%] [34m[1mNo update step for 'ucdr'[0m
/usr/bin/cmake -E echo_append
/usr/bin/cmake -E touch /home/zhous/ROS2/micros_ws/firmware/mcu_ws/build/microcdr/ucdr-prefix/src/ucdr-stamp/ucdr-patch
/usr/bin/cmake -E touch /home/zhous/ROS2/micros_ws/firmware/mcu_ws/build/microcdr/ucdr-prefix/src/ucdr-stamp/ucdr-update
[ 62%] [34m[1mPerforming configure step for 'ucdr'[0m
/usr/bin/cmake -C/home/zhous/ROS2/micros_ws/firmware/mcu_ws/build/microcdr/ucdr-prefix/tmp/ucdr-cache-Debug.cmake "-GUnix Makefiles" /home/zhous/ROS2/micros_ws/firmware/mcu_ws/eProsima/Micro-CDR
loading initial cache file /home/zhous/ROS2/micros_ws/firmware/mcu_ws/build/microcdr/ucdr-prefix/tmp/ucdr-cache-Debug.cmake
Re-run cmake no build system arguments
-- Configuring done
-- Generating done
-- Build files have been written to: /home/zhous/ROS2/micros_ws/firmware/mcu_ws/build/microcdr
/usr/bin/cmake -E touch /home/zhous/ROS2/micros_ws/firmware/mcu_ws/build/microcdr/ucdr-prefix/src/ucdr-stamp/ucdr-configure
[ 75%] [34m[1mPerforming build step for 'ucdr'[0m
/usr/bin/make
make[4]: Entering directory '/home/zhous/ROS2/micros_ws/firmware/mcu_ws/build/microcdr'
/usr/bin/cmake -H/home/zhous/ROS2/micros_ws/firmware/mcu_ws/eProsima/Micro-CDR -B/home/zhous/ROS2/micros_ws/firmware/mcu_ws/build/microcdr --check-build-system CMakeFiles/Makefile.cmake 0
/usr/bin/cmake -E cmake_progress_start /home/zhous/ROS2/micros_ws/firmware/mcu_ws/build/microcdr/CMakeFiles /home/zhous/ROS2/micros_ws/firmware/mcu_ws/build/microcdr/CMakeFiles/progress.marks
/usr/bin/make -f CMakeFiles/Makefile2 all
make[5]: Entering directory '/home/zhous/ROS2/micros_ws/firmware/mcu_ws/build/microcdr'
/usr/bin/make -f CMakeFiles/microcdr.dir/build.make CMakeFiles/microcdr.dir/depend
make[6]: Entering directory '/home/zhous/ROS2/micros_ws/firmware/mcu_ws/build/microcdr'
cd /home/zhous/ROS2/micros_ws/firmware/mcu_ws/build/microcdr && /usr/bin/cmake -E cmake_depends "Unix Makefiles" /home/zhous/ROS2/micros_ws/firmware/mcu_ws/eProsima/Micro-CDR /home/zhous/ROS2/micros_ws/firmware/mcu_ws/eProsima/Micro-CDR /home/zhous/ROS2/micros_ws/firmware/mcu_ws/build/microcdr /home/zhous/ROS2/micros_ws/firmware/mcu_ws/build/microcdr /home/zhous/ROS2/micros_ws/firmware/mcu_ws/build/microcdr/CMakeFiles/microcdr.dir/DependInfo.cmake --color=
Dependee "/home/zhous/ROS2/micros_ws/firmware/mcu_ws/build/microcdr/CMakeFiles/microcdr.dir/DependInfo.cmake" is newer than depender "/home/zhous/ROS2/micros_ws/firmware/mcu_ws/build/microcdr/CMakeFiles/microcdr.dir/depend.internal".
Dependee "/home/zhous/ROS2/micros_ws/firmware/mcu_ws/build/microcdr/CMakeFiles/CMakeDirectoryInformation.cmake" is newer than depender "/home/zhous/ROS2/micros_ws/firmware/mcu_ws/build/microcdr/CMakeFiles/microcdr.dir/depend.internal".
[35m[1mScanning dependencies of target microcdr[0m
make[6]: Leaving directory '/home/zhous/ROS2/micros_ws/firmware/mcu_ws/build/microcdr'
/usr/bin/make -f CMakeFiles/microcdr.dir/build.make CMakeFiles/microcdr.dir/build
make[6]: Entering directory '/home/zhous/ROS2/micros_ws/firmware/mcu_ws/build/microcdr'
[ 16%] [32mBuilding C object CMakeFiles/microcdr.dir/src/c/common.c.obj[0m
[ 33%] [32mBuilding C object CMakeFiles/microcdr.dir/src/c/types/string.c.obj[0m
[ 50%] [32mBuilding C object CMakeFiles/microcdr.dir/src/c/types/array.c.obj[0m
/home/zhous/ROS2/micros_ws/firmware/freertos_apps/microros_intel_A53Anony_extensions/../../toolchain/bin/aarch64-none-elf-gcc --sysroot=/home/zhous/ROS2/micros_ws/firmware/freertos_apps/microros_intel_A53Anony_extensions/../..  -isystem /home/zhous/ROS2/micros_ws/firmware/freertos_apps/microros_intel_A53Anony_extensions/include -isystem /home/zhous/ROS2/micros_ws/firmware/freertos_apps/microros_intel_A53Anony_extensions/include/private -isystem /home/zhous/ROS2/micros_ws/firmware/freertos_apps/microros_intel_A53Anony_extensions/include/FreeRTOS_POSIX -isystem /home/zhous/ROS2/micros_ws/firmware/freertos_apps/microros_intel_A53Anony_extensions/FreeRTOS-Plus-POSIX/include -isystem /home/zhous/ROS2/micros_ws/firmware/freertos_apps/microros_intel_A53Anony_extensions/include/FreeRTOS_POSIX/sys -isystem /home/zhous/A53Anony/uros/os/freertos/os_shared/include -isystem /home/zhous/A53Anony/uros/os/freertos/os_shared/core/include -isystem /home/zhous/A53Anony/uros/os/freertos/FreeRTOS/Source/include -isystem /home/zhous/A53Anony/uros/os/freertos/Boards/A53Anony/freertos-smp -isystem /home/zhous/A53Anony/uros/os/freertos/Boards/A53Anony/freertos-smp/include -isystem /home/zhous/A53Anony/uros/os/freertos/Boards/A53Anony/freertos-smp/portable/include -isystem /home/zhous/A53Anony/uros/os/freertos/Boards/A53Anony/drivers -isystem /home/zhous/A53Anony/uros/os/freertos/Boards/A53Anony/drivers/delay_timer -isystem /home/zhous/A53Anony/uros/os/freertos/Boards/A53Anony/drivers/ehu -isystem /home/zhous/A53Anony/uros/os/freertos/Boards/A53Anony/drivers/gic -isystem /home/zhous/A53Anony/uros/os/freertos/Boards/A53Anony/drivers/hal -isystem /home/zhous/A53Anony/uros/os/freertos/Boards/A53Anony/drivers/A53Anony -isystem /home/zhous/A53Anony/uros/os/freertos/Boards/A53Anony/drivers/include -isystem /home/zhous/A53Anony/uros/os/freertos/Boards/A53Anony/drivers/mmu -isystem /home/zhous/A53Anony/uros/os/freertos/Boards/A53Anony/drivers/perf_pmu -isystem /home/zhous/A53Anony/uros/os/freertos/Boards/A53Anony/drivers/uart -isystem /home/zhous/A53Anony/uros/os/freertos/Boards/A53Anony/drivers/wdt -isystem /home/zhous/A53Anony/uros/os/freertos/Boards/A53Anony/heaps -isystem /home/zhous/A53Anony/uros/os/freertos/Boards/A53Anony/include -isystem /home/zhous/A53Anony/uros/os/freertos/Boards/A53Anony/rtos_support/include -isystem /home/zhous/A53Anony/uros/os/freertos/Boards/A53Anony/tests/benchmarks -isystem /home/zhous/A53Anony/uros/os/freertos/Boards/A53Anony/tests/freertos-test/include -isystem /home/zhous/A53Anony/uros/os/freertos/Boards/A53Anony/third-party -isystem /home/zhous/A53Anony/uros/os/freertos/Boards/A53Anony/third-party/benchmark/include -isystem /home/zhous/A53Anony/uros/os/freertos/Boards/A53Anony/third-party/console -isystem /home/zhous/A53Anony/uros/os/freertos/Boards/A53Anony/third-party/debug -isystem /home/zhous/A53Anony/uros/os/freertos/FreeRTOS-Posix/FreeRTOS-Plus-POSIX/include -isystem /home/zhous/A53Anony/uros/os/freertos/FreeRTOS-Posix/FreeRTOS-Plus-POSIX/include/portable -isystem /home/zhous/A53Anony/uros/os/freertos/FreeRTOS-Posix/FreeRTOS-Plus-POSIX/include/portable/intel/A53Anony -isystem /home/zhous/A53Anony/uros/io/ethernet -isystem /home/zhous/A53Anony/uros/io/ethernet/eqos -isystem /home/zhous/A53Anony/uros/io/ethernet/include -isystem /home/zhous/A53Anony/uros/io/ethernet/include/freertos -isystem /home/zhous/A53Anony/uros/io/ethernet/phy -isystem /home/zhous/A53Anony/uros/os/freertos/FreeRTOS-Plus/Source/FreeRTOS-Plus-TCP/include -isystem /home/zhous/A53Anony/uros/os/freertos/FreeRTOS-Plus/Source/FreeRTOS-Plus-TCP/portable/Compiler/GCC -isystem /home/zhous/A53Anony/uros/runtime/ert_cxx/include -isystem /home/zhous/A53Anony/uros/runtime/libc/include -isystem /home/zhous/A53Anony/uros/runtime/libc/include/sys -isystem /home/zhous/A53Anony/uros/runtime/libc/include/aarch64 -isystem /home/zhous/A53Anony/uros/runtime/libc/src/math -isystem /home/zhous/A53Anony/uros/runtime/libcxx/include -isystem /home/zhous/A53Anony/uros/runtime/osal/include -isystem /home/zhous/A53Anony/uros/common/cbm/include -isystem /home/zhous/A53Anony/uros/common/component_base/interface -isystem /home/zhous/A53Anony/uros/common/drv_utils/include -isystem /home/zhous/A53Anony/uros/common/kosal/interface -isystem /home/zhous/A53Anony/uros/common/mef/include -isystem /home/zhous/A53Anony/uros/common/pm/include -isystem /home/zhous/A53Anony/uros/common/socket/include -isystem /home/zhous/A53Anony/uros/common/top_pbk/include -isystem /home/zhous/A53Anony/uros/common/trace_log/include -I/home/zhous/ROS2/micros_ws/firmware/mcu_ws/eProsima/Micro-CDR/include -I/home/zhous/ROS2/micros_ws/firmware/mcu_ws/build/microcdr/include  -std=c99 -mcpu=cortex-a53 -fno-exceptions -fno-non-call-exceptions   -g -O0 -DFREERTOS -DGUEST -DBOARD_A53Anony=1 -DPLAT_A53Anony -DBUILD_RVP -DBOOT_FW_FROM_SRAM -DENABLE_MMU -DBUILD_UNITY -DBUILD_ETH -DNETWORK_UTILS -DNET_AUTOLOAD -DBUILD_DM -DBUILD_SYSM -DFOOTPRINT_TEST  -nostdinc -fno-builtin -Wall -fdata-sections -ffunction-sections -g -fPIC   -Wall -Wextra -Wshadow -pedantic -Wcast-align -Wunused -Wconversion -Wsign-conversion -Wdouble-promotion -Wnull-dereference -Wduplicated-branches -Wduplicated-cond -Wrestrict -fdata-sections -ffunction-sections -std=gnu99 -o CMakeFiles/microcdr.dir/src/c/common.c.obj   -c /home/zhous/ROS2/micros_ws/firmware/mcu_ws/eProsima/Micro-CDR/src/c/common.c
/home/zhous/ROS2/micros_ws/firmware/freertos_apps/microros_intel_A53Anony_extensions/../../toolchain/bin/aarch64-none-elf-gcc --sysroot=/home/zhous/ROS2/micros_ws/firmware/freertos_apps/microros_intel_A53Anony_extensions/../..  -isystem /home/zhous/ROS2/micros_ws/firmware/freertos_apps/microros_intel_A53Anony_extensions/include -isystem /home/zhous/ROS2/micros_ws/firmware/freertos_apps/microros_intel_A53Anony_extensions/include/private -isystem /home/zhous/ROS2/micros_ws/firmware/freertos_apps/microros_intel_A53Anony_extensions/include/FreeRTOS_POSIX -isystem /home/zhous/ROS2/micros_ws/firmware/freertos_apps/microros_intel_A53Anony_extensions/FreeRTOS-Plus-POSIX/include -isystem /home/zhous/ROS2/micros_ws/firmware/freertos_apps/microros_intel_A53Anony_extensions/include/FreeRTOS_POSIX/sys -isystem /home/zhous/A53Anony/uros/os/freertos/os_shared/include -isystem /home/zhous/A53Anony/uros/os/freertos/os_shared/core/include -isystem /home/zhous/A53Anony/uros/os/freertos/FreeRTOS/Source/include -isystem /home/zhous/A53Anony/uros/os/freertos/Boards/A53Anony/freertos-smp -isystem /home/zhous/A53Anony/uros/os/freertos/Boards/A53Anony/freertos-smp/include -isystem /home/zhous/A53Anony/uros/os/freertos/Boards/A53Anony/freertos-smp/portable/include -isystem /home/zhous/A53Anony/uros/os/freertos/Boards/A53Anony/drivers -isystem /home/zhous/A53Anony/uros/os/freertos/Boards/A53Anony/drivers/delay_timer -isystem /home/zhous/A53Anony/uros/os/freertos/Boards/A53Anony/drivers/ehu -isystem /home/zhous/A53Anony/uros/os/freertos/Boards/A53Anony/drivers/gic -isystem /home/zhous/A53Anony/uros/os/freertos/Boards/A53Anony/drivers/hal -isystem /home/zhous/A53Anony/uros/os/freertos/Boards/A53Anony/drivers/A53Anony -isystem /home/zhous/A53Anony/uros/os/freertos/Boards/A53Anony/drivers/include -isystem /home/zhous/A53Anony/uros/os/freertos/Boards/A53Anony/drivers/mmu -isystem /home/zhous/A53Anony/uros/os/freertos/Boards/A53Anony/drivers/perf_pmu -isystem /home/zhous/A53Anony/uros/os/freertos/Boards/A53Anony/drivers/uart -isystem /home/zhous/A53Anony/uros/os/freertos/Boards/A53Anony/drivers/wdt -isystem /home/zhous/A53Anony/uros/os/freertos/Boards/A53Anony/heaps -isystem /home/zhous/A53Anony/uros/os/freertos/Boards/A53Anony/include -isystem /home/zhous/A53Anony/uros/os/freertos/Boards/A53Anony/rtos_support/include -isystem /home/zhous/A53Anony/uros/os/freertos/Boards/A53Anony/tests/benchmarks -isystem /home/zhous/A53Anony/uros/os/freertos/Boards/A53Anony/tests/freertos-test/include -isystem /home/zhous/A53Anony/uros/os/freertos/Boards/A53Anony/third-party -isystem /home/zhous/A53Anony/uros/os/freertos/Boards/A53Anony/third-party/benchmark/include -isystem /home/zhous/A53Anony/uros/os/freertos/Boards/A53Anony/third-party/console -isystem /home/zhous/A53Anony/uros/os/freertos/Boards/A53Anony/third-party/debug -isystem /home/zhous/A53Anony/uros/os/freertos/FreeRTOS-Posix/FreeRTOS-Plus-POSIX/include -isystem /home/zhous/A53Anony/uros/os/freertos/FreeRTOS-Posix/FreeRTOS-Plus-POSIX/include/portable -isystem /home/zhous/A53Anony/uros/os/freertos/FreeRTOS-Posix/FreeRTOS-Plus-POSIX/include/portable/intel/A53Anony -isystem /home/zhous/A53Anony/uros/io/ethernet -isystem /home/zhous/A53Anony/uros/io/ethernet/eqos -isystem /home/zhous/A53Anony/uros/io/ethernet/include -isystem /home/zhous/A53Anony/uros/io/ethernet/include/freertos -isystem /home/zhous/A53Anony/uros/io/ethernet/phy -isystem /home/zhous/A53Anony/uros/os/freertos/FreeRTOS-Plus/Source/FreeRTOS-Plus-TCP/include -isystem /home/zhous/A53Anony/uros/os/freertos/FreeRTOS-Plus/Source/FreeRTOS-Plus-TCP/portable/Compiler/GCC -isystem /home/zhous/A53Anony/uros/runtime/ert_cxx/include -isystem /home/zhous/A53Anony/uros/runtime/libc/include -isystem /home/zhous/A53Anony/uros/runtime/libc/include/sys -isystem /home/zhous/A53Anony/uros/runtime/libc/include/aarch64 -isystem /home/zhous/A53Anony/uros/runtime/libc/src/math -isystem /home/zhous/A53Anony/uros/runtime/libcxx/include -isystem /home/zhous/A53Anony/uros/runtime/osal/include -isystem /home/zhous/A53Anony/uros/common/cbm/include -isystem /home/zhous/A53Anony/uros/common/component_base/interface -isystem /home/zhous/A53Anony/uros/common/drv_utils/include -isystem /home/zhous/A53Anony/uros/common/kosal/interface -isystem /home/zhous/A53Anony/uros/common/mef/include -isystem /home/zhous/A53Anony/uros/common/pm/include -isystem /home/zhous/A53Anony/uros/common/socket/include -isystem /home/zhous/A53Anony/uros/common/top_pbk/include -isystem /home/zhous/A53Anony/uros/common/trace_log/include -I/home/zhous/ROS2/micros_ws/firmware/mcu_ws/eProsima/Micro-CDR/include -I/home/zhous/ROS2/micros_ws/firmware/mcu_ws/build/microcdr/include  -std=c99 -mcpu=cortex-a53 -fno-exceptions -fno-non-call-exceptions   -g -O0 -DFREERTOS -DGUEST -DBOARD_A53Anony=1 -DPLAT_A53Anony -DBUILD_RVP -DBOOT_FW_FROM_SRAM -DENABLE_MMU -DBUILD_UNITY -DBUILD_ETH -DNETWORK_UTILS -DNET_AUTOLOAD -DBUILD_DM -DBUILD_SYSM -DFOOTPRINT_TEST  -nostdinc -fno-builtin -Wall -fdata-sections -ffunction-sections -g -fPIC   -Wall -Wextra -Wshadow -pedantic -Wcast-align -Wunused -Wconversion -Wsign-conversion -Wdouble-promotion -Wnull-dereference -Wduplicated-branches -Wduplicated-cond -Wrestrict -fdata-sections -ffunction-sections -std=gnu99 -o CMakeFiles/microcdr.dir/src/c/types/string.c.obj   -c /home/zhous/ROS2/micros_ws/firmware/mcu_ws/eProsima/Micro-CDR/src/c/types/string.c
/home/zhous/ROS2/micros_ws/firmware/freertos_apps/microros_intel_A53Anony_extensions/../../toolchain/bin/aarch64-none-elf-gcc --sysroot=/home/zhous/ROS2/micros_ws/firmware/freertos_apps/microros_intel_A53Anony_extensions/../..  -isystem /home/zhous/ROS2/micros_ws/firmware/freertos_apps/microros_intel_A53Anony_extensions/include -isystem /home/zhous/ROS2/micros_ws/firmware/freertos_apps/microros_intel_A53Anony_extensions/include/private -isystem /home/zhous/ROS2/micros_ws/firmware/freertos_apps/microros_intel_A53Anony_extensions/include/FreeRTOS_POSIX -isystem /home/zhous/ROS2/micros_ws/firmware/freertos_apps/microros_intel_A53Anony_extensions/FreeRTOS-Plus-POSIX/include -isystem /home/zhous/ROS2/micros_ws/firmware/freertos_apps/microros_intel_A53Anony_extensions/include/FreeRTOS_POSIX/sys -isystem /home/zhous/A53Anony/uros/os/freertos/os_shared/include -isystem /home/zhous/A53Anony/uros/os/freertos/os_shared/core/include -isystem /home/zhous/A53Anony/uros/os/freertos/FreeRTOS/Source/include -isystem /home/zhous/A53Anony/uros/os/freertos/Boards/A53Anony/freertos-smp -isystem /home/zhous/A53Anony/uros/os/freertos/Boards/A53Anony/freertos-smp/include -isystem /home/zhous/A53Anony/uros/os/freertos/Boards/A53Anony/freertos-smp/portable/include -isystem /home/zhous/A53Anony/uros/os/freertos/Boards/A53Anony/drivers -isystem /home/zhous/A53Anony/uros/os/freertos/Boards/A53Anony/drivers/delay_timer -isystem /home/zhous/A53Anony/uros/os/freertos/Boards/A53Anony/drivers/ehu -isystem /home/zhous/A53Anony/uros/os/freertos/Boards/A53Anony/drivers/gic -isystem /home/zhous/A53Anony/uros/os/freertos/Boards/A53Anony/drivers/hal -isystem /home/zhous/A53Anony/uros/os/freertos/Boards/A53Anony/drivers/A53Anony -isystem /home/zhous/A53Anony/uros/os/freertos/Boards/A53Anony/drivers/include -isystem /home/zhous/A53Anony/uros/os/freertos/Boards/A53Anony/drivers/mmu -isystem /home/zhous/A53Anony/uros/os/freertos/Boards/A53Anony/drivers/perf_pmu -isystem /home/zhous/A53Anony/uros/os/freertos/Boards/A53Anony/drivers/uart -isystem /home/zhous/A53Anony/uros/os/freertos/Boards/A53Anony/drivers/wdt -isystem /home/zhous/A53Anony/uros/os/freertos/Boards/A53Anony/heaps -isystem /home/zhous/A53Anony/uros/os/freertos/Boards/A53Anony/include -isystem /home/zhous/A53Anony/uros/os/freertos/Boards/A53Anony/rtos_support/include -isystem /home/zhous/A53Anony/uros/os/freertos/Boards/A53Anony/tests/benchmarks -isystem /home/zhous/A53Anony/uros/os/freertos/Boards/A53Anony/tests/freertos-test/include -isystem /home/zhous/A53Anony/uros/os/freertos/Boards/A53Anony/third-party -isystem /home/zhous/A53Anony/uros/os/freertos/Boards/A53Anony/third-party/benchmark/include -isystem /home/zhous/A53Anony/uros/os/freertos/Boards/A53Anony/third-party/console -isystem /home/zhous/A53Anony/uros/os/freertos/Boards/A53Anony/third-party/debug -isystem /home/zhous/A53Anony/uros/os/freertos/FreeRTOS-Posix/FreeRTOS-Plus-POSIX/include -isystem /home/zhous/A53Anony/uros/os/freertos/FreeRTOS-Posix/FreeRTOS-Plus-POSIX/include/portable -isystem /home/zhous/A53Anony/uros/os/freertos/FreeRTOS-Posix/FreeRTOS-Plus-POSIX/include/portable/intel/A53Anony -isystem /home/zhous/A53Anony/uros/io/ethernet -isystem /home/zhous/A53Anony/uros/io/ethernet/eqos -isystem /home/zhous/A53Anony/uros/io/ethernet/include -isystem /home/zhous/A53Anony/uros/io/ethernet/include/freertos -isystem /home/zhous/A53Anony/uros/io/ethernet/phy -isystem /home/zhous/A53Anony/uros/os/freertos/FreeRTOS-Plus/Source/FreeRTOS-Plus-TCP/include -isystem /home/zhous/A53Anony/uros/os/freertos/FreeRTOS-Plus/Source/FreeRTOS-Plus-TCP/portable/Compiler/GCC -isystem /home/zhous/A53Anony/uros/runtime/ert_cxx/include -isystem /home/zhous/A53Anony/uros/runtime/libc/include -isystem /home/zhous/A53Anony/uros/runtime/libc/include/sys -isystem /home/zhous/A53Anony/uros/runtime/libc/include/aarch64 -isystem /home/zhous/A53Anony/uros/runtime/libc/src/math -isystem /home/zhous/A53Anony/uros/runtime/libcxx/include -isystem /home/zhous/A53Anony/uros/runtime/osal/include -isystem /home/zhous/A53Anony/uros/common/cbm/include -isystem /home/zhous/A53Anony/uros/common/component_base/interface -isystem /home/zhous/A53Anony/uros/common/drv_utils/include -isystem /home/zhous/A53Anony/uros/common/kosal/interface -isystem /home/zhous/A53Anony/uros/common/mef/include -isystem /home/zhous/A53Anony/uros/common/pm/include -isystem /home/zhous/A53Anony/uros/common/socket/include -isystem /home/zhous/A53Anony/uros/common/top_pbk/include -isystem /home/zhous/A53Anony/uros/common/trace_log/include -I/home/zhous/ROS2/micros_ws/firmware/mcu_ws/eProsima/Micro-CDR/include -I/home/zhous/ROS2/micros_ws/firmware/mcu_ws/build/microcdr/include  -std=c99 -mcpu=cortex-a53 -fno-exceptions -fno-non-call-exceptions   -g -O0 -DFREERTOS -DGUEST -DBOARD_A53Anony=1 -DPLAT_A53Anony -DBUILD_RVP -DBOOT_FW_FROM_SRAM -DENABLE_MMU -DBUILD_UNITY -DBUILD_ETH -DNETWORK_UTILS -DNET_AUTOLOAD -DBUILD_DM -DBUILD_SYSM -DFOOTPRINT_TEST  -nostdinc -fno-builtin -Wall -fdata-sections -ffunction-sections -g -fPIC   -Wall -Wextra -Wshadow -pedantic -Wcast-align -Wunused -Wconversion -Wsign-conversion -Wdouble-promotion -Wnull-dereference -Wduplicated-branches -Wduplicated-cond -Wrestrict -fdata-sections -ffunction-sections -std=gnu99 -o CMakeFiles/microcdr.dir/src/c/types/array.c.obj   -c /home/zhous/ROS2/micros_ws/firmware/mcu_ws/eProsima/Micro-CDR/src/c/types/array.c
[ 83%] [32mBuilding C object CMakeFiles/microcdr.dir/src/c/types/sequence.c.obj[0m
[ 83%] [32mBuilding C object CMakeFiles/microcdr.dir/src/c/types/basic.c.obj[0m
/home/zhous/ROS2/micros_ws/firmware/freertos_apps/microros_intel_A53Anony_extensions/../../toolchain/bin/aarch64-none-elf-gcc --sysroot=/home/zhous/ROS2/micros_ws/firmware/freertos_apps/microros_intel_A53Anony_extensions/../..  -isystem /home/zhous/ROS2/micros_ws/firmware/freertos_apps/microros_intel_A53Anony_extensions/include -isystem /home/zhous/ROS2/micros_ws/firmware/freertos_apps/microros_intel_A53Anony_extensions/include/private -isystem /home/zhous/ROS2/micros_ws/firmware/freertos_apps/microros_intel_A53Anony_extensions/include/FreeRTOS_POSIX -isystem /home/zhous/ROS2/micros_ws/firmware/freertos_apps/microros_intel_A53Anony_extensions/FreeRTOS-Plus-POSIX/include -isystem /home/zhous/ROS2/micros_ws/firmware/freertos_apps/microros_intel_A53Anony_extensions/include/FreeRTOS_POSIX/sys -isystem /home/zhous/A53Anony/uros/os/freertos/os_shared/include -isystem /home/zhous/A53Anony/uros/os/freertos/os_shared/core/include -isystem /home/zhous/A53Anony/uros/os/freertos/FreeRTOS/Source/include -isystem /home/zhous/A53Anony/uros/os/freertos/Boards/A53Anony/freertos-smp -isystem /home/zhous/A53Anony/uros/os/freertos/Boards/A53Anony/freertos-smp/include -isystem /home/zhous/A53Anony/uros/os/freertos/Boards/A53Anony/freertos-smp/portable/include -isystem /home/zhous/A53Anony/uros/os/freertos/Boards/A53Anony/drivers -isystem /home/zhous/A53Anony/uros/os/freertos/Boards/A53Anony/drivers/delay_timer -isystem /home/zhous/A53Anony/uros/os/freertos/Boards/A53Anony/drivers/ehu -isystem /home/zhous/A53Anony/uros/os/freertos/Boards/A53Anony/drivers/gic -isystem /home/zhous/A53Anony/uros/os/freertos/Boards/A53Anony/drivers/hal -isystem /home/zhous/A53Anony/uros/os/freertos/Boards/A53Anony/drivers/A53Anony -isystem /home/zhous/A53Anony/uros/os/freertos/Boards/A53Anony/drivers/include -isystem /home/zhous/A53Anony/uros/os/freertos/Boards/A53Anony/drivers/mmu -isystem /home/zhous/A53Anony/uros/os/freertos/Boards/A53Anony/drivers/perf_pmu -isystem /home/zhous/A53Anony/uros/os/freertos/Boards/A53Anony/drivers/uart -isystem /home/zhous/A53Anony/uros/os/freertos/Boards/A53Anony/drivers/wdt -isystem /home/zhous/A53Anony/uros/os/freertos/Boards/A53Anony/heaps -isystem /home/zhous/A53Anony/uros/os/freertos/Boards/A53Anony/include -isystem /home/zhous/A53Anony/uros/os/freertos/Boards/A53Anony/rtos_support/include -isystem /home/zhous/A53Anony/uros/os/freertos/Boards/A53Anony/tests/benchmarks -isystem /home/zhous/A53Anony/uros/os/freertos/Boards/A53Anony/tests/freertos-test/include -isystem /home/zhous/A53Anony/uros/os/freertos/Boards/A53Anony/third-party -isystem /home/zhous/A53Anony/uros/os/freertos/Boards/A53Anony/third-party/benchmark/include -isystem /home/zhous/A53Anony/uros/os/freertos/Boards/A53Anony/third-party/console -isystem /home/zhous/A53Anony/uros/os/freertos/Boards/A53Anony/third-party/debug -isystem /home/zhous/A53Anony/uros/os/freertos/FreeRTOS-Posix/FreeRTOS-Plus-POSIX/include -isystem /home/zhous/A53Anony/uros/os/freertos/FreeRTOS-Posix/FreeRTOS-Plus-POSIX/include/portable -isystem /home/zhous/A53Anony/uros/os/freertos/FreeRTOS-Posix/FreeRTOS-Plus-POSIX/include/portable/intel/A53Anony -isystem /home/zhous/A53Anony/uros/io/ethernet -isystem /home/zhous/A53Anony/uros/io/ethernet/eqos -isystem /home/zhous/A53Anony/uros/io/ethernet/include -isystem /home/zhous/A53Anony/uros/io/ethernet/include/freertos -isystem /home/zhous/A53Anony/uros/io/ethernet/phy -isystem /home/zhous/A53Anony/uros/os/freertos/FreeRTOS-Plus/Source/FreeRTOS-Plus-TCP/include -isystem /home/zhous/A53Anony/uros/os/freertos/FreeRTOS-Plus/Source/FreeRTOS-Plus-TCP/portable/Compiler/GCC -isystem /home/zhous/A53Anony/uros/runtime/ert_cxx/include -isystem /home/zhous/A53Anony/uros/runtime/libc/include -isystem /home/zhous/A53Anony/uros/runtime/libc/include/sys -isystem /home/zhous/A53Anony/uros/runtime/libc/include/aarch64 -isystem /home/zhous/A53Anony/uros/runtime/libc/src/math -isystem /home/zhous/A53Anony/uros/runtime/libcxx/include -isystem /home/zhous/A53Anony/uros/runtime/osal/include -isystem /home/zhous/A53Anony/uros/common/cbm/include -isystem /home/zhous/A53Anony/uros/common/component_base/interface -isystem /home/zhous/A53Anony/uros/common/drv_utils/include -isystem /home/zhous/A53Anony/uros/common/kosal/interface -isystem /home/zhous/A53Anony/uros/common/mef/include -isystem /home/zhous/A53Anony/uros/common/pm/include -isystem /home/zhous/A53Anony/uros/common/socket/include -isystem /home/zhous/A53Anony/uros/common/top_pbk/include -isystem /home/zhous/A53Anony/uros/common/trace_log/include -I/home/zhous/ROS2/micros_ws/firmware/mcu_ws/eProsima/Micro-CDR/include -I/home/zhous/ROS2/micros_ws/firmware/mcu_ws/build/microcdr/include  -std=c99 -mcpu=cortex-a53 -fno-exceptions -fno-non-call-exceptions   -g -O0 -DFREERTOS -DGUEST -DBOARD_A53Anony=1 -DPLAT_A53Anony -DBUILD_RVP -DBOOT_FW_FROM_SRAM -DENABLE_MMU -DBUILD_UNITY -DBUILD_ETH -DNETWORK_UTILS -DNET_AUTOLOAD -DBUILD_DM -DBUILD_SYSM -DFOOTPRINT_TEST  -nostdinc -fno-builtin -Wall -fdata-sections -ffunction-sections -g -fPIC   -Wall -Wextra -Wshadow -pedantic -Wcast-align -Wunused -Wconversion -Wsign-conversion -Wdouble-promotion -Wnull-dereference -Wduplicated-branches -Wduplicated-cond -Wrestrict -fdata-sections -ffunction-sections -std=gnu99 -o CMakeFiles/microcdr.dir/src/c/types/basic.c.obj   -c /home/zhous/ROS2/micros_ws/firmware/mcu_ws/eProsima/Micro-CDR/src/c/types/basic.c
/home/zhous/ROS2/micros_ws/firmware/freertos_apps/microros_intel_A53Anony_extensions/../../toolchain/bin/aarch64-none-elf-gcc --sysroot=/home/zhous/ROS2/micros_ws/firmware/freertos_apps/microros_intel_A53Anony_extensions/../..  -isystem /home/zhous/ROS2/micros_ws/firmware/freertos_apps/microros_intel_A53Anony_extensions/include -isystem /home/zhous/ROS2/micros_ws/firmware/freertos_apps/microros_intel_A53Anony_extensions/include/private -isystem /home/zhous/ROS2/micros_ws/firmware/freertos_apps/microros_intel_A53Anony_extensions/include/FreeRTOS_POSIX -isystem /home/zhous/ROS2/micros_ws/firmware/freertos_apps/microros_intel_A53Anony_extensions/FreeRTOS-Plus-POSIX/include -isystem /home/zhous/ROS2/micros_ws/firmware/freertos_apps/microros_intel_A53Anony_extensions/include/FreeRTOS_POSIX/sys -isystem /home/zhous/A53Anony/uros/os/freertos/os_shared/include -isystem /home/zhous/A53Anony/uros/os/freertos/os_shared/core/include -isystem /home/zhous/A53Anony/uros/os/freertos/FreeRTOS/Source/include -isystem /home/zhous/A53Anony/uros/os/freertos/Boards/A53Anony/freertos-smp -isystem /home/zhous/A53Anony/uros/os/freertos/Boards/A53Anony/freertos-smp/include -isystem /home/zhous/A53Anony/uros/os/freertos/Boards/A53Anony/freertos-smp/portable/include -isystem /home/zhous/A53Anony/uros/os/freertos/Boards/A53Anony/drivers -isystem /home/zhous/A53Anony/uros/os/freertos/Boards/A53Anony/drivers/delay_timer -isystem /home/zhous/A53Anony/uros/os/freertos/Boards/A53Anony/drivers/ehu -isystem /home/zhous/A53Anony/uros/os/freertos/Boards/A53Anony/drivers/gic -isystem /home/zhous/A53Anony/uros/os/freertos/Boards/A53Anony/drivers/hal -isystem /home/zhous/A53Anony/uros/os/freertos/Boards/A53Anony/drivers/A53Anony -isystem /home/zhous/A53Anony/uros/os/freertos/Boards/A53Anony/drivers/include -isystem /home/zhous/A53Anony/uros/os/freertos/Boards/A53Anony/drivers/mmu -isystem /home/zhous/A53Anony/uros/os/freertos/Boards/A53Anony/drivers/perf_pmu -isystem /home/zhous/A53Anony/uros/os/freertos/Boards/A53Anony/drivers/uart -isystem /home/zhous/A53Anony/uros/os/freertos/Boards/A53Anony/drivers/wdt -isystem /home/zhous/A53Anony/uros/os/freertos/Boards/A53Anony/heaps -isystem /home/zhous/A53Anony/uros/os/freertos/Boards/A53Anony/include -isystem /home/zhous/A53Anony/uros/os/freertos/Boards/A53Anony/rtos_support/include -isystem /home/zhous/A53Anony/uros/os/freertos/Boards/A53Anony/tests/benchmarks -isystem /home/zhous/A53Anony/uros/os/freertos/Boards/A53Anony/tests/freertos-test/include -isystem /home/zhous/A53Anony/uros/os/freertos/Boards/A53Anony/third-party -isystem /home/zhous/A53Anony/uros/os/freertos/Boards/A53Anony/third-party/benchmark/include -isystem /home/zhous/A53Anony/uros/os/freertos/Boards/A53Anony/third-party/console -isystem /home/zhous/A53Anony/uros/os/freertos/Boards/A53Anony/third-party/debug -isystem /home/zhous/A53Anony/uros/os/freertos/FreeRTOS-Posix/FreeRTOS-Plus-POSIX/include -isystem /home/zhous/A53Anony/uros/os/freertos/FreeRTOS-Posix/FreeRTOS-Plus-POSIX/include/portable -isystem /home/zhous/A53Anony/uros/os/freertos/FreeRTOS-Posix/FreeRTOS-Plus-POSIX/include/portable/intel/A53Anony -isystem /home/zhous/A53Anony/uros/io/ethernet -isystem /home/zhous/A53Anony/uros/io/ethernet/eqos -isystem /home/zhous/A53Anony/uros/io/ethernet/include -isystem /home/zhous/A53Anony/uros/io/ethernet/include/freertos -isystem /home/zhous/A53Anony/uros/io/ethernet/phy -isystem /home/zhous/A53Anony/uros/os/freertos/FreeRTOS-Plus/Source/FreeRTOS-Plus-TCP/include -isystem /home/zhous/A53Anony/uros/os/freertos/FreeRTOS-Plus/Source/FreeRTOS-Plus-TCP/portable/Compiler/GCC -isystem /home/zhous/A53Anony/uros/runtime/ert_cxx/include -isystem /home/zhous/A53Anony/uros/runtime/libc/include -isystem /home/zhous/A53Anony/uros/runtime/libc/include/sys -isystem /home/zhous/A53Anony/uros/runtime/libc/include/aarch64 -isystem /home/zhous/A53Anony/uros/runtime/libc/src/math -isystem /home/zhous/A53Anony/uros/runtime/libcxx/include -isystem /home/zhous/A53Anony/uros/runtime/osal/include -isystem /home/zhous/A53Anony/uros/common/cbm/include -isystem /home/zhous/A53Anony/uros/common/component_base/interface -isystem /home/zhous/A53Anony/uros/common/drv_utils/include -isystem /home/zhous/A53Anony/uros/common/kosal/interface -isystem /home/zhous/A53Anony/uros/common/mef/include -isystem /home/zhous/A53Anony/uros/common/pm/include -isystem /home/zhous/A53Anony/uros/common/socket/include -isystem /home/zhous/A53Anony/uros/common/top_pbk/include -isystem /home/zhous/A53Anony/uros/common/trace_log/include -I/home/zhous/ROS2/micros_ws/firmware/mcu_ws/eProsima/Micro-CDR/include -I/home/zhous/ROS2/micros_ws/firmware/mcu_ws/build/microcdr/include  -std=c99 -mcpu=cortex-a53 -fno-exceptions -fno-non-call-exceptions   -g -O0 -DFREERTOS -DGUEST -DBOARD_A53Anony=1 -DPLAT_A53Anony -DBUILD_RVP -DBOOT_FW_FROM_SRAM -DENABLE_MMU -DBUILD_UNITY -DBUILD_ETH -DNETWORK_UTILS -DNET_AUTOLOAD -DBUILD_DM -DBUILD_SYSM -DFOOTPRINT_TEST  -nostdinc -fno-builtin -Wall -fdata-sections -ffunction-sections -g -fPIC   -Wall -Wextra -Wshadow -pedantic -Wcast-align -Wunused -Wconversion -Wsign-conversion -Wdouble-promotion -Wnull-dereference -Wduplicated-branches -Wduplicated-cond -Wrestrict -fdata-sections -ffunction-sections -std=gnu99 -o CMakeFiles/microcdr.dir/src/c/types/sequence.c.obj   -c /home/zhous/ROS2/micros_ws/firmware/mcu_ws/eProsima/Micro-CDR/src/c/types/sequence.c
[100%] [32m[1mLinking C static library libmicrocdr.a[0m
/usr/bin/cmake -P CMakeFiles/microcdr.dir/cmake_clean_target.cmake
/usr/bin/cmake -E cmake_link_script CMakeFiles/microcdr.dir/link.txt --verbose=1
/home/zhous/ROS2/micros_ws/firmware/toolchain/bin/aarch64-none-elf-ar qc libmicrocdr.a  CMakeFiles/microcdr.dir/src/c/common.c.obj CMakeFiles/microcdr.dir/src/c/types/basic.c.obj CMakeFiles/microcdr.dir/src/c/types/string.c.obj CMakeFiles/microcdr.dir/src/c/types/array.c.obj CMakeFiles/microcdr.dir/src/c/types/sequence.c.obj
/home/zhous/ROS2/micros_ws/firmware/toolchain/bin/aarch64-none-elf-ranlib libmicrocdr.a
make[6]: Leaving directory '/home/zhous/ROS2/micros_ws/firmware/mcu_ws/build/microcdr'
[100%] Built target microcdr
make[5]: Leaving directory '/home/zhous/ROS2/micros_ws/firmware/mcu_ws/build/microcdr'
/usr/bin/cmake -E cmake_progress_start /home/zhous/ROS2/micros_ws/firmware/mcu_ws/build/microcdr/CMakeFiles 0
make[4]: Leaving directory '/home/zhous/ROS2/micros_ws/firmware/mcu_ws/build/microcdr'
/usr/bin/cmake -E touch /home/zhous/ROS2/micros_ws/firmware/mcu_ws/build/microcdr/ucdr-prefix/src/ucdr-stamp/ucdr-build
[34m[1mNo install step for 'ucdr'[0m
/usr/bin/cmake -E echo_append
/usr/bin/cmake -E touch /home/zhous/ROS2/micros_ws/firmware/mcu_ws/build/microcdr/ucdr-prefix/src/ucdr-stamp/ucdr-install
[34m[1mCompleted 'ucdr'[0m
/usr/bin/cmake -E make_directory /home/zhous/ROS2/micros_ws/firmware/mcu_ws/build/microcdr/CMakeFiles
/usr/bin/cmake -E touch /home/zhous/ROS2/micros_ws/firmware/mcu_ws/build/microcdr/CMakeFiles/ucdr-complete
/usr/bin/cmake -E touch /home/zhous/ROS2/micros_ws/firmware/mcu_ws/build/microcdr/ucdr-prefix/src/ucdr-stamp/ucdr-done
make[3]: Leaving directory '/home/zhous/ROS2/micros_ws/firmware/mcu_ws/build/microcdr'
Built target ucdr
make[2]: Leaving directory '/home/zhous/ROS2/micros_ws/firmware/mcu_ws/build/microcdr'
/usr/bin/cmake -E cmake_progress_start /home/zhous/ROS2/micros_ws/firmware/mcu_ws/build/microcdr/CMakeFiles 0
make[1]: Leaving directory '/home/zhous/ROS2/micros_ws/firmware/mcu_ws/build/microcdr'
make[1]: Entering directory '/home/zhous/ROS2/micros_ws/firmware/mcu_ws/build/microcdr'
/usr/bin/cmake -H/home/zhous/ROS2/micros_ws/firmware/mcu_ws/eProsima/Micro-CDR -B/home/zhous/ROS2/micros_ws/firmware/mcu_ws/build/microcdr --check-build-system CMakeFiles/Makefile.cmake 0
/usr/bin/cmake -E cmake_progress_start /home/zhous/ROS2/micros_ws/firmware/mcu_ws/build/microcdr/CMakeFiles /home/zhous/ROS2/micros_ws/firmware/mcu_ws/build/microcdr/CMakeFiles/progress.marks
/usr/bin/make -f CMakeFiles/Makefile2 all
make[2]: Entering directory '/home/zhous/ROS2/micros_ws/firmware/mcu_ws/build/microcdr'
/usr/bin/make -f CMakeFiles/microcdr.dir/build.make CMakeFiles/microcdr.dir/depend
make[3]: Entering directory '/home/zhous/ROS2/micros_ws/firmware/mcu_ws/build/microcdr'
cd /home/zhous/ROS2/micros_ws/firmware/mcu_ws/build/microcdr && /usr/bin/cmake -E cmake_depends "Unix Makefiles" /home/zhous/ROS2/micros_ws/firmware/mcu_ws/eProsima/Micro-CDR /home/zhous/ROS2/micros_ws/firmware/mcu_ws/eProsima/Micro-CDR /home/zhous/ROS2/micros_ws/firmware/mcu_ws/build/microcdr /home/zhous/ROS2/micros_ws/firmware/mcu_ws/build/microcdr /home/zhous/ROS2/micros_ws/firmware/mcu_ws/build/microcdr/CMakeFiles/microcdr.dir/DependInfo.cmake --color=
make[3]: Leaving directory '/home/zhous/ROS2/micros_ws/firmware/mcu_ws/build/microcdr'
/usr/bin/make -f CMakeFiles/microcdr.dir/build.make CMakeFiles/microcdr.dir/build
make[3]: Entering directory '/home/zhous/ROS2/micros_ws/firmware/mcu_ws/build/microcdr'
make[3]: Nothing to be done for 'CMakeFiles/microcdr.dir/build'.
make[3]: Leaving directory '/home/zhous/ROS2/micros_ws/firmware/mcu_ws/build/microcdr'
[100%] Built target microcdr
make[2]: Leaving directory '/home/zhous/ROS2/micros_ws/firmware/mcu_ws/build/microcdr'
/usr/bin/cmake -E cmake_progress_start /home/zhous/ROS2/micros_ws/firmware/mcu_ws/build/microcdr/CMakeFiles 0
/usr/bin/make -f CMakeFiles/Makefile2 preinstall
make[2]: Entering directory '/home/zhous/ROS2/micros_ws/firmware/mcu_ws/build/microcdr'
make[2]: Nothing to be done for 'preinstall'.
make[2]: Leaving directory '/home/zhous/ROS2/micros_ws/firmware/mcu_ws/build/microcdr'
[36mInstall the project...[0m
/usr/bin/cmake -P cmake_install.cmake
-- Install configuration: "Debug"
-- Installing: /home/zhous/ROS2/micros_ws/firmware/mcu_ws/install/microcdr/lib/libmicrocdr.a
-- Installing: /home/zhous/ROS2/micros_ws/firmware/mcu_ws/install/microcdr/include/ucdr
-- Installing: /home/zhous/ROS2/micros_ws/firmware/mcu_ws/install/microcdr/include/ucdr/microcdr.h
-- Installing: /home/zhous/ROS2/micros_ws/firmware/mcu_ws/install/microcdr/include/ucdr/visibility.h
-- Installing: /home/zhous/ROS2/micros_ws/firmware/mcu_ws/install/microcdr/include/ucdr/config.h
-- Installing: /home/zhous/ROS2/micros_ws/firmware/mcu_ws/install/microcdr/share/microcdr/cmake/microcdrTargets.cmake
-- Installing: /home/zhous/ROS2/micros_ws/firmware/mcu_ws/install/microcdr/share/microcdr/cmake/microcdrTargets-debug.cmake
-- Installing: /home/zhous/ROS2/micros_ws/firmware/mcu_ws/install/microcdr/share/microcdr/cmake/microcdrConfig.cmake
-- Installing: /home/zhous/ROS2/micros_ws/firmware/mcu_ws/install/microcdr/share/microcdr/cmake/microcdrConfigVersion.cmake
make[1]: Leaving directory '/home/zhous/ROS2/micros_ws/firmware/mcu_ws/build/microcdr'
