Re-run cmake no build system arguments
-- The C compiler identification is GNU 9.2.1
-- The CXX compiler identification is GNU 9.2.1
-- Check for working C compiler: /home/zhous/ROS2/micros_ws/firmware/freertos_apps/microros_intel_A53Anony_extensions/../../toolchain/bin/aarch64-none-elf-gcc
-- Check for working C compiler: /home/zhous/ROS2/micros_ws/firmware/freertos_apps/microros_intel_A53Anony_extensions/../../toolchain/bin/aarch64-none-elf-gcc -- works
-- Detecting C compiler ABI info
-- Detecting C compiler ABI info - done
-- Detecting C compile features
-- Detecting C compile features - done
-- Check for working CXX compiler: /home/zhous/ROS2/micros_ws/firmware/freertos_apps/microros_intel_A53Anony_extensions/../../toolchain/bin/aarch64-none-elf-g++
-- Check for working CXX compiler: /home/zhous/ROS2/micros_ws/firmware/freertos_apps/microros_intel_A53Anony_extensions/../../toolchain/bin/aarch64-none-elf-g++ -- works
-- Detecting CXX compiler ABI info
-- Detecting CXX compiler ABI info - done
-- Detecting CXX compile features
-- Detecting CXX compile features - done
-- Found ament_cmake_ros: 0.7.0 (/home/zhous/ROS2/micros_ws/firmware/dev_ws/install/ament_cmake_ros/share/ament_cmake_ros/cmake)
-- Found PythonInterp: /usr/bin/python3 (found suitable version "3.6.9", minimum required is "3") 
-- Using PYTHON_EXECUTABLE: /usr/bin/python3
-- Found rcutils: 0.7.3 (/home/zhous/ROS2/micros_ws/firmware/mcu_ws/install/rcutils/share/rcutils/cmake)
-- Found rcl: 0.7.7 (/home/zhous/ROS2/micros_ws/firmware/mcu_ws/install/rcl/share/rcl/cmake)
-- Found rosidl_adapter: 0.7.10 (/home/zhous/ROS2/micros_ws/firmware/mcu_ws/install/rosidl_adapter/share/rosidl_adapter/cmake)
-- Found rmw_implementation_cmake: 0.7.2 (/home/zhous/ROS2/micros_ws/firmware/mcu_ws/install/rmw_implementation_cmake/share/rmw_implementation_cmake/cmake)
-- Using RMW implementation 'rmw_microxrcedds'
-- Found rmw_microxrcedds: 0.0.1 (/home/zhous/ROS2/micros_ws/firmware/mcu_ws/install/rmw_microxrcedds/share/rmw_microxrcedds/cmake)
-- Looking for pthread.h
-- Looking for pthread.h - found
-- Looking for pthread_create
-- Looking for pthread_create - found
-- Found Threads: TRUE  
-- Found libyaml_vendor: 1.0.0 (/home/zhous/ROS2/micros_ws/firmware/mcu_ws/install/libyaml_vendor/share/libyaml_vendor/cmake)
-- Configuring done
-- Generating done
-- Build files have been written to: /home/zhous/ROS2/micros_ws/firmware/mcu_ws/build/rcl_yaml_param_parser
make[1]: Entering directory '/home/zhous/ROS2/micros_ws/firmware/mcu_ws/build/rcl_yaml_param_parser'
/usr/bin/cmake -H/home/zhous/ROS2/micros_ws/firmware/mcu_ws/uros/rcl/rcl_yaml_param_parser -B/home/zhous/ROS2/micros_ws/firmware/mcu_ws/build/rcl_yaml_param_parser --check-build-system CMakeFiles/Makefile.cmake 0
/usr/bin/cmake -E cmake_progress_start /home/zhous/ROS2/micros_ws/firmware/mcu_ws/build/rcl_yaml_param_parser/CMakeFiles /home/zhous/ROS2/micros_ws/firmware/mcu_ws/build/rcl_yaml_param_parser/CMakeFiles/progress.marks
/usr/bin/make -f CMakeFiles/Makefile2 all
make[2]: Entering directory '/home/zhous/ROS2/micros_ws/firmware/mcu_ws/build/rcl_yaml_param_parser'
/usr/bin/make -f CMakeFiles/rcl_yaml_param_parser.dir/build.make CMakeFiles/rcl_yaml_param_parser.dir/depend
make[3]: Entering directory '/home/zhous/ROS2/micros_ws/firmware/mcu_ws/build/rcl_yaml_param_parser'
cd /home/zhous/ROS2/micros_ws/firmware/mcu_ws/build/rcl_yaml_param_parser && /usr/bin/cmake -E cmake_depends "Unix Makefiles" /home/zhous/ROS2/micros_ws/firmware/mcu_ws/uros/rcl/rcl_yaml_param_parser /home/zhous/ROS2/micros_ws/firmware/mcu_ws/uros/rcl/rcl_yaml_param_parser /home/zhous/ROS2/micros_ws/firmware/mcu_ws/build/rcl_yaml_param_parser /home/zhous/ROS2/micros_ws/firmware/mcu_ws/build/rcl_yaml_param_parser /home/zhous/ROS2/micros_ws/firmware/mcu_ws/build/rcl_yaml_param_parser/CMakeFiles/rcl_yaml_param_parser.dir/DependInfo.cmake --color=
Dependee "/home/zhous/ROS2/micros_ws/firmware/mcu_ws/build/rcl_yaml_param_parser/CMakeFiles/rcl_yaml_param_parser.dir/DependInfo.cmake" is newer than depender "/home/zhous/ROS2/micros_ws/firmware/mcu_ws/build/rcl_yaml_param_parser/CMakeFiles/rcl_yaml_param_parser.dir/depend.internal".
Dependee "/home/zhous/ROS2/micros_ws/firmware/mcu_ws/build/rcl_yaml_param_parser/CMakeFiles/CMakeDirectoryInformation.cmake" is newer than depender "/home/zhous/ROS2/micros_ws/firmware/mcu_ws/build/rcl_yaml_param_parser/CMakeFiles/rcl_yaml_param_parser.dir/depend.internal".
[35m[1mScanning dependencies of target rcl_yaml_param_parser[0m
make[3]: Leaving directory '/home/zhous/ROS2/micros_ws/firmware/mcu_ws/build/rcl_yaml_param_parser'
/usr/bin/make -f CMakeFiles/rcl_yaml_param_parser.dir/build.make CMakeFiles/rcl_yaml_param_parser.dir/build
make[3]: Entering directory '/home/zhous/ROS2/micros_ws/firmware/mcu_ws/build/rcl_yaml_param_parser'
[ 50%] [32mBuilding C object CMakeFiles/rcl_yaml_param_parser.dir/src/parser.c.obj[0m
/home/zhous/ROS2/micros_ws/firmware/freertos_apps/microros_intel_A53Anony_extensions/../../toolchain/bin/aarch64-none-elf-gcc --sysroot=/home/zhous/ROS2/micros_ws/firmware/freertos_apps/microros_intel_A53Anony_extensions/../.. -DRCL_YAML_PARAM_PARSER_BUILDING_DLL -DROS_PACKAGE_NAME=\"rcl_yaml_param_parser\" -isystem /home/zhous/ROS2/micros_ws/firmware/freertos_apps/microros_intel_A53Anony_extensions/include -isystem /home/zhous/ROS2/micros_ws/firmware/freertos_apps/microros_intel_A53Anony_extensions/include/private -isystem /home/zhous/ROS2/micros_ws/firmware/freertos_apps/microros_intel_A53Anony_extensions/include/FreeRTOS_POSIX -isystem /home/zhous/ROS2/micros_ws/firmware/freertos_apps/microros_intel_A53Anony_extensions/FreeRTOS-Plus-POSIX/include -isystem /home/zhous/ROS2/micros_ws/firmware/freertos_apps/microros_intel_A53Anony_extensions/include/FreeRTOS_POSIX/sys -isystem /home/zhous/A53Anony/uros/os/freertos/os_shared/include -isystem /home/zhous/A53Anony/uros/os/freertos/os_shared/core/include -isystem /home/zhous/A53Anony/uros/os/freertos/FreeRTOS/Source/include -isystem /home/zhous/A53Anony/uros/os/freertos/Boards/A53Anony/freertos-smp -isystem /home/zhous/A53Anony/uros/os/freertos/Boards/A53Anony/freertos-smp/include -isystem /home/zhous/A53Anony/uros/os/freertos/Boards/A53Anony/freertos-smp/portable/include -isystem /home/zhous/A53Anony/uros/os/freertos/Boards/A53Anony/drivers -isystem /home/zhous/A53Anony/uros/os/freertos/Boards/A53Anony/drivers/delay_timer -isystem /home/zhous/A53Anony/uros/os/freertos/Boards/A53Anony/drivers/ehu -isystem /home/zhous/A53Anony/uros/os/freertos/Boards/A53Anony/drivers/gic -isystem /home/zhous/A53Anony/uros/os/freertos/Boards/A53Anony/drivers/hal -isystem /home/zhous/A53Anony/uros/os/freertos/Boards/A53Anony/drivers/A53Anony -isystem /home/zhous/A53Anony/uros/os/freertos/Boards/A53Anony/drivers/include -isystem /home/zhous/A53Anony/uros/os/freertos/Boards/A53Anony/drivers/mmu -isystem /home/zhous/A53Anony/uros/os/freertos/Boards/A53Anony/drivers/perf_pmu -isystem /home/zhous/A53Anony/uros/os/freertos/Boards/A53Anony/drivers/uart -isystem /home/zhous/A53Anony/uros/os/freertos/Boards/A53Anony/drivers/wdt -isystem /home/zhous/A53Anony/uros/os/freertos/Boards/A53Anony/heaps -isystem /home/zhous/A53Anony/uros/os/freertos/Boards/A53Anony/include -isystem /home/zhous/A53Anony/uros/os/freertos/Boards/A53Anony/rtos_support/include -isystem /home/zhous/A53Anony/uros/os/freertos/Boards/A53Anony/tests/benchmarks -isystem /home/zhous/A53Anony/uros/os/freertos/Boards/A53Anony/tests/freertos-test/include -isystem /home/zhous/A53Anony/uros/os/freertos/Boards/A53Anony/third-party -isystem /home/zhous/A53Anony/uros/os/freertos/Boards/A53Anony/third-party/benchmark/include -isystem /home/zhous/A53Anony/uros/os/freertos/Boards/A53Anony/third-party/console -isystem /home/zhous/A53Anony/uros/os/freertos/Boards/A53Anony/third-party/debug -isystem /home/zhous/A53Anony/uros/os/freertos/FreeRTOS-Posix/FreeRTOS-Plus-POSIX/include -isystem /home/zhous/A53Anony/uros/os/freertos/FreeRTOS-Posix/FreeRTOS-Plus-POSIX/include/portable -isystem /home/zhous/A53Anony/uros/os/freertos/FreeRTOS-Posix/FreeRTOS-Plus-POSIX/include/portable/intel/A53Anony -isystem /home/zhous/A53Anony/uros/io/ethernet -isystem /home/zhous/A53Anony/uros/io/ethernet/eqos -isystem /home/zhous/A53Anony/uros/io/ethernet/include -isystem /home/zhous/A53Anony/uros/io/ethernet/include/freertos -isystem /home/zhous/A53Anony/uros/io/ethernet/phy -isystem /home/zhous/A53Anony/uros/os/freertos/FreeRTOS-Plus/Source/FreeRTOS-Plus-TCP/include -isystem /home/zhous/A53Anony/uros/os/freertos/FreeRTOS-Plus/Source/FreeRTOS-Plus-TCP/portable/Compiler/GCC -isystem /home/zhous/A53Anony/uros/runtime/ert_cxx/include -isystem /home/zhous/A53Anony/uros/runtime/libc/include -isystem /home/zhous/A53Anony/uros/runtime/libc/include/sys -isystem /home/zhous/A53Anony/uros/runtime/libc/include/aarch64 -isystem /home/zhous/A53Anony/uros/runtime/libc/src/math -isystem /home/zhous/A53Anony/uros/runtime/libcxx/include -isystem /home/zhous/A53Anony/uros/runtime/osal/include -isystem /home/zhous/A53Anony/uros/common/cbm/include -isystem /home/zhous/A53Anony/uros/common/component_base/interface -isystem /home/zhous/A53Anony/uros/common/drv_utils/include -isystem /home/zhous/A53Anony/uros/common/kosal/interface -isystem /home/zhous/A53Anony/uros/common/mef/include -isystem /home/zhous/A53Anony/uros/common/pm/include -isystem /home/zhous/A53Anony/uros/common/socket/include -isystem /home/zhous/A53Anony/uros/common/top_pbk/include -isystem /home/zhous/A53Anony/uros/common/trace_log/include -I/home/zhous/ROS2/micros_ws/firmware/mcu_ws/uros/rcl/rcl_yaml_param_parser/include -I/home/zhous/ROS2/micros_ws/firmware/mcu_ws/install/rcutils/include -I/home/zhous/ROS2/micros_ws/firmware/mcu_ws/install/rcl/include -I/home/zhous/ROS2/micros_ws/firmware/mcu_ws/install/builtin_interfaces/include -I/home/zhous/ROS2/micros_ws/firmware/mcu_ws/install/rosidl_typesupport_interface/include -I/home/zhous/ROS2/micros_ws/firmware/mcu_ws/install/rosidl_typesupport_c/include -I/home/zhous/ROS2/micros_ws/firmware/mcu_ws/install/rosidl_generator_c/include -I/home/zhous/ROS2/micros_ws/firmware/mcu_ws/install/rosidl_typesupport_introspection_c/include -I/home/zhous/ROS2/micros_ws/firmware/mcu_ws/install/rcl_interfaces/include -I/home/zhous/ROS2/micros_ws/firmware/mcu_ws/uros/rmw_microxrcedds/rmw_microxrcedds_c/include -I/home/zhous/ROS2/micros_ws/firmware/mcu_ws/install/rmw/include -I/home/zhous/ROS2/micros_ws/firmware/mcu_ws/install/rosidl_typesupport_microxrcedds_c/include -isystem /home/zhous/ROS2/micros_ws/firmware/mcu_ws/install/libyaml_vendor/include -isystem /home/zhous/ROS2/micros_ws/firmware/mcu_ws/install/microcdr/include  -std=c99 -mcpu=cortex-a53 -fno-exceptions -fno-non-call-exceptions   -g -O0 -DFREERTOS -DGUEST -DBOARD_A53Anony=1 -DPLAT_A53Anony -DBUILD_RVP -DBOOT_FW_FROM_SRAM -DENABLE_MMU -DBUILD_UNITY -DBUILD_ETH -DNETWORK_UTILS -DNET_AUTOLOAD -DBUILD_DM -DBUILD_SYSM -DFOOTPRINT_TEST  -nostdinc -fno-builtin -Wall -fdata-sections -ffunction-sections -g   -fvisibility=hidden -Wall -Wextra -Wpedantic -o CMakeFiles/rcl_yaml_param_parser.dir/src/parser.c.obj   -c /home/zhous/ROS2/micros_ws/firmware/mcu_ws/uros/rcl/rcl_yaml_param_parser/src/parser.c
[100%] [32m[1mLinking C static library librcl_yaml_param_parser.a[0m
/usr/bin/cmake -P CMakeFiles/rcl_yaml_param_parser.dir/cmake_clean_target.cmake
/usr/bin/cmake -E cmake_link_script CMakeFiles/rcl_yaml_param_parser.dir/link.txt --verbose=1
/home/zhous/ROS2/micros_ws/firmware/toolchain/bin/aarch64-none-elf-ar qc librcl_yaml_param_parser.a  CMakeFiles/rcl_yaml_param_parser.dir/src/parser.c.obj
/home/zhous/ROS2/micros_ws/firmware/toolchain/bin/aarch64-none-elf-ranlib librcl_yaml_param_parser.a
make[3]: Leaving directory '/home/zhous/ROS2/micros_ws/firmware/mcu_ws/build/rcl_yaml_param_parser'
[100%] Built target rcl_yaml_param_parser
make[2]: Leaving directory '/home/zhous/ROS2/micros_ws/firmware/mcu_ws/build/rcl_yaml_param_parser'
/usr/bin/cmake -E cmake_progress_start /home/zhous/ROS2/micros_ws/firmware/mcu_ws/build/rcl_yaml_param_parser/CMakeFiles 0
make[1]: Leaving directory '/home/zhous/ROS2/micros_ws/firmware/mcu_ws/build/rcl_yaml_param_parser'
make[1]: Entering directory '/home/zhous/ROS2/micros_ws/firmware/mcu_ws/build/rcl_yaml_param_parser'
/usr/bin/cmake -H/home/zhous/ROS2/micros_ws/firmware/mcu_ws/uros/rcl/rcl_yaml_param_parser -B/home/zhous/ROS2/micros_ws/firmware/mcu_ws/build/rcl_yaml_param_parser --check-build-system CMakeFiles/Makefile.cmake 0
/usr/bin/cmake -E cmake_progress_start /home/zhous/ROS2/micros_ws/firmware/mcu_ws/build/rcl_yaml_param_parser/CMakeFiles /home/zhous/ROS2/micros_ws/firmware/mcu_ws/build/rcl_yaml_param_parser/CMakeFiles/progress.marks
/usr/bin/make -f CMakeFiles/Makefile2 all
make[2]: Entering directory '/home/zhous/ROS2/micros_ws/firmware/mcu_ws/build/rcl_yaml_param_parser'
/usr/bin/make -f CMakeFiles/rcl_yaml_param_parser.dir/build.make CMakeFiles/rcl_yaml_param_parser.dir/depend
make[3]: Entering directory '/home/zhous/ROS2/micros_ws/firmware/mcu_ws/build/rcl_yaml_param_parser'
cd /home/zhous/ROS2/micros_ws/firmware/mcu_ws/build/rcl_yaml_param_parser && /usr/bin/cmake -E cmake_depends "Unix Makefiles" /home/zhous/ROS2/micros_ws/firmware/mcu_ws/uros/rcl/rcl_yaml_param_parser /home/zhous/ROS2/micros_ws/firmware/mcu_ws/uros/rcl/rcl_yaml_param_parser /home/zhous/ROS2/micros_ws/firmware/mcu_ws/build/rcl_yaml_param_parser /home/zhous/ROS2/micros_ws/firmware/mcu_ws/build/rcl_yaml_param_parser /home/zhous/ROS2/micros_ws/firmware/mcu_ws/build/rcl_yaml_param_parser/CMakeFiles/rcl_yaml_param_parser.dir/DependInfo.cmake --color=
make[3]: Leaving directory '/home/zhous/ROS2/micros_ws/firmware/mcu_ws/build/rcl_yaml_param_parser'
/usr/bin/make -f CMakeFiles/rcl_yaml_param_parser.dir/build.make CMakeFiles/rcl_yaml_param_parser.dir/build
make[3]: Entering directory '/home/zhous/ROS2/micros_ws/firmware/mcu_ws/build/rcl_yaml_param_parser'
make[3]: Nothing to be done for 'CMakeFiles/rcl_yaml_param_parser.dir/build'.
make[3]: Leaving directory '/home/zhous/ROS2/micros_ws/firmware/mcu_ws/build/rcl_yaml_param_parser'
[100%] Built target rcl_yaml_param_parser
make[2]: Leaving directory '/home/zhous/ROS2/micros_ws/firmware/mcu_ws/build/rcl_yaml_param_parser'
/usr/bin/cmake -E cmake_progress_start /home/zhous/ROS2/micros_ws/firmware/mcu_ws/build/rcl_yaml_param_parser/CMakeFiles 0
/usr/bin/make -f CMakeFiles/Makefile2 preinstall
make[2]: Entering directory '/home/zhous/ROS2/micros_ws/firmware/mcu_ws/build/rcl_yaml_param_parser'
make[2]: Nothing to be done for 'preinstall'.
make[2]: Leaving directory '/home/zhous/ROS2/micros_ws/firmware/mcu_ws/build/rcl_yaml_param_parser'
[36mInstall the project...[0m
/usr/bin/cmake -P cmake_install.cmake
-- Install configuration: "Debug"
-- Installing: /home/zhous/ROS2/micros_ws/firmware/mcu_ws/install/rcl_yaml_param_parser/lib/librcl_yaml_param_parser.a
-- Installing: /home/zhous/ROS2/micros_ws/firmware/mcu_ws/install/rcl_yaml_param_parser/include
-- Installing: /home/zhous/ROS2/micros_ws/firmware/mcu_ws/install/rcl_yaml_param_parser/include/rcl_yaml_param_parser
-- Installing: /home/zhous/ROS2/micros_ws/firmware/mcu_ws/install/rcl_yaml_param_parser/include/rcl_yaml_param_parser/visibility_control.h
-- Installing: /home/zhous/ROS2/micros_ws/firmware/mcu_ws/install/rcl_yaml_param_parser/include/rcl_yaml_param_parser/parser.h
-- Installing: /home/zhous/ROS2/micros_ws/firmware/mcu_ws/install/rcl_yaml_param_parser/include/rcl_yaml_param_parser/types.h
-- Installing: /home/zhous/ROS2/micros_ws/firmware/mcu_ws/install/rcl_yaml_param_parser/share/rcl_yaml_param_parser/environment/library_path.sh
-- Installing: /home/zhous/ROS2/micros_ws/firmware/mcu_ws/install/rcl_yaml_param_parser/share/ament_index/resource_index/package_run_dependencies/rcl_yaml_param_parser
-- Installing: /home/zhous/ROS2/micros_ws/firmware/mcu_ws/install/rcl_yaml_param_parser/share/ament_index/resource_index/parent_prefix_path/rcl_yaml_param_parser
-- Installing: /home/zhous/ROS2/micros_ws/firmware/mcu_ws/install/rcl_yaml_param_parser/share/rcl_yaml_param_parser/environment/ament_prefix_path.sh
-- Installing: /home/zhous/ROS2/micros_ws/firmware/mcu_ws/install/rcl_yaml_param_parser/share/rcl_yaml_param_parser/environment/path.sh
-- Installing: /home/zhous/ROS2/micros_ws/firmware/mcu_ws/install/rcl_yaml_param_parser/share/rcl_yaml_param_parser/local_setup.bash
-- Installing: /home/zhous/ROS2/micros_ws/firmware/mcu_ws/install/rcl_yaml_param_parser/share/rcl_yaml_param_parser/local_setup.sh
-- Installing: /home/zhous/ROS2/micros_ws/firmware/mcu_ws/install/rcl_yaml_param_parser/share/rcl_yaml_param_parser/local_setup.zsh
-- Installing: /home/zhous/ROS2/micros_ws/firmware/mcu_ws/install/rcl_yaml_param_parser/share/ament_index/resource_index/packages/rcl_yaml_param_parser
-- Installing: /home/zhous/ROS2/micros_ws/firmware/mcu_ws/install/rcl_yaml_param_parser/share/rcl_yaml_param_parser/cmake/ament_cmake_export_dependencies-extras.cmake
-- Installing: /home/zhous/ROS2/micros_ws/firmware/mcu_ws/install/rcl_yaml_param_parser/share/rcl_yaml_param_parser/cmake/ament_cmake_export_include_directories-extras.cmake
-- Installing: /home/zhous/ROS2/micros_ws/firmware/mcu_ws/install/rcl_yaml_param_parser/share/rcl_yaml_param_parser/cmake/ament_cmake_export_libraries-extras.cmake
-- Installing: /home/zhous/ROS2/micros_ws/firmware/mcu_ws/install/rcl_yaml_param_parser/share/rcl_yaml_param_parser/cmake/rcl_yaml_param_parserConfig.cmake
-- Installing: /home/zhous/ROS2/micros_ws/firmware/mcu_ws/install/rcl_yaml_param_parser/share/rcl_yaml_param_parser/cmake/rcl_yaml_param_parserConfig-version.cmake
-- Installing: /home/zhous/ROS2/micros_ws/firmware/mcu_ws/install/rcl_yaml_param_parser/share/rcl_yaml_param_parser/package.xml
make[1]: Leaving directory '/home/zhous/ROS2/micros_ws/firmware/mcu_ws/build/rcl_yaml_param_parser'
