[0.061s] Invoking command in '/home/zhous/ROS2/micros_ws/firmware/mcu_ws/build/rmw_implementation_cmake': CMAKE_PREFIX_PATH=${CMAKE_PREFIX_PATH}:/home/zhous/ROS2/micros_ws/firmware/dev_ws/install/ament_uncrustify:/home/zhous/ROS2/micros_ws/firmware/dev_ws/install/ament_xmllint:/home/zhous/ROS2/micros_ws/firmware/dev_ws/install/ament_pyflakes:/home/zhous/ROS2/micros_ws/firmware/dev_ws/install/ament_pep8:/home/zhous/ROS2/micros_ws/firmware/dev_ws/install/ament_pep257:/home/zhous/ROS2/micros_ws/firmware/dev_ws/install/ament_pclint:/home/zhous/ROS2/micros_ws/firmware/dev_ws/install/ament_package:/home/zhous/ROS2/micros_ws/firmware/dev_ws/install/ament_lint_cmake:/home/zhous/ROS2/micros_ws/firmware/dev_ws/install/ament_flake8:/home/zhous/ROS2/micros_ws/firmware/dev_ws/install/ament_copyright:/home/zhous/ROS2/micros_ws/firmware/dev_ws/install/ament_lint:/home/zhous/ROS2/micros_ws/firmware/dev_ws/install/ament_index_python:/home/zhous/ROS2/micros_ws/firmware/dev_ws/install/ament_cpplint:/home/zhous/ROS2/micros_ws/firmware/dev_ws/install/ament_cppcheck:/home/zhous/ROS2/micros_ws/firmware/dev_ws/install/ament_clang_tidy:/home/zhous/ROS2/micros_ws/firmware/dev_ws/install/ament_clang_format mytag_args= *.h -o -name *.c -o -name *.inc -o -name *.hpp -o -name *.cpp -o -name *.S -o -name *.s /usr/bin/cmake /home/zhous/ROS2/micros_ws/firmware/mcu_ws/ros2/rmw/rmw_implementation_cmake -DCMAKE_POSITION_INDEPENDENT_CODE=OFF -DTHIRDPARTY=ON -DBUILD_SHARED_LIBS=OFF -DBUILD_TESTING=OFF -DCMAKE_BUILD_TYPE=Debug -DCMAKE_TOOLCHAIN_FILE=/home/zhous/ROS2/micros_ws/firmware/freertos_apps/microros_intel_A53Anony_extensions/arm_toolchain.cmake -DCMAKE_VERBOSE_MAKEFILE=ON -DCMAKE_INSTALL_PREFIX=/home/zhous/ROS2/micros_ws/firmware/mcu_ws/install/rmw_implementation_cmake
[0.126s] Re-run cmake no build system arguments
[0.127s] -- Found ament_cmake: 0.7.6 (/home/zhous/ROS2/micros_ws/firmware/dev_ws/install/ament_cmake/share/ament_cmake/cmake)
[0.140s] -- Found PythonInterp: /usr/bin/python3 (found suitable version "3.6.9", minimum required is "3") 
[0.140s] -- Using PYTHON_EXECUTABLE: /usr/bin/python3
[0.548s] -- Configuring done
[0.550s] -- Generating done
[0.551s] -- Build files have been written to: /home/zhous/ROS2/micros_ws/firmware/mcu_ws/build/rmw_implementation_cmake
[0.551s] CMake Warning:
[0.551s]   Manually-specified variables were not used by the project:
[0.551s] 
[0.552s]     BUILD_SHARED_LIBS
[0.552s]     THIRDPARTY
[0.552s] 
[0.552s] 
[0.554s] Invoked command in '/home/zhous/ROS2/micros_ws/firmware/mcu_ws/build/rmw_implementation_cmake' returned '0': CMAKE_PREFIX_PATH=${CMAKE_PREFIX_PATH}:/home/zhous/ROS2/micros_ws/firmware/dev_ws/install/ament_uncrustify:/home/zhous/ROS2/micros_ws/firmware/dev_ws/install/ament_xmllint:/home/zhous/ROS2/micros_ws/firmware/dev_ws/install/ament_pyflakes:/home/zhous/ROS2/micros_ws/firmware/dev_ws/install/ament_pep8:/home/zhous/ROS2/micros_ws/firmware/dev_ws/install/ament_pep257:/home/zhous/ROS2/micros_ws/firmware/dev_ws/install/ament_pclint:/home/zhous/ROS2/micros_ws/firmware/dev_ws/install/ament_package:/home/zhous/ROS2/micros_ws/firmware/dev_ws/install/ament_lint_cmake:/home/zhous/ROS2/micros_ws/firmware/dev_ws/install/ament_flake8:/home/zhous/ROS2/micros_ws/firmware/dev_ws/install/ament_copyright:/home/zhous/ROS2/micros_ws/firmware/dev_ws/install/ament_lint:/home/zhous/ROS2/micros_ws/firmware/dev_ws/install/ament_index_python:/home/zhous/ROS2/micros_ws/firmware/dev_ws/install/ament_cpplint:/home/zhous/ROS2/micros_ws/firmware/dev_ws/install/ament_cppcheck:/home/zhous/ROS2/micros_ws/firmware/dev_ws/install/ament_clang_tidy:/home/zhous/ROS2/micros_ws/firmware/dev_ws/install/ament_clang_format mytag_args= *.h -o -name *.c -o -name *.inc -o -name *.hpp -o -name *.cpp -o -name *.S -o -name *.s /usr/bin/cmake /home/zhous/ROS2/micros_ws/firmware/mcu_ws/ros2/rmw/rmw_implementation_cmake -DCMAKE_POSITION_INDEPENDENT_CODE=OFF -DTHIRDPARTY=ON -DBUILD_SHARED_LIBS=OFF -DBUILD_TESTING=OFF -DCMAKE_BUILD_TYPE=Debug -DCMAKE_TOOLCHAIN_FILE=/home/zhous/ROS2/micros_ws/firmware/freertos_apps/microros_intel_A53Anony_extensions/arm_toolchain.cmake -DCMAKE_VERBOSE_MAKEFILE=ON -DCMAKE_INSTALL_PREFIX=/home/zhous/ROS2/micros_ws/firmware/mcu_ws/install/rmw_implementation_cmake
[0.556s] Invoking command in '/home/zhous/ROS2/micros_ws/firmware/mcu_ws/build/rmw_implementation_cmake': CMAKE_PREFIX_PATH=${CMAKE_PREFIX_PATH}:/home/zhous/ROS2/micros_ws/firmware/dev_ws/install/ament_uncrustify:/home/zhous/ROS2/micros_ws/firmware/dev_ws/install/ament_xmllint:/home/zhous/ROS2/micros_ws/firmware/dev_ws/install/ament_pyflakes:/home/zhous/ROS2/micros_ws/firmware/dev_ws/install/ament_pep8:/home/zhous/ROS2/micros_ws/firmware/dev_ws/install/ament_pep257:/home/zhous/ROS2/micros_ws/firmware/dev_ws/install/ament_pclint:/home/zhous/ROS2/micros_ws/firmware/dev_ws/install/ament_package:/home/zhous/ROS2/micros_ws/firmware/dev_ws/install/ament_lint_cmake:/home/zhous/ROS2/micros_ws/firmware/dev_ws/install/ament_flake8:/home/zhous/ROS2/micros_ws/firmware/dev_ws/install/ament_copyright:/home/zhous/ROS2/micros_ws/firmware/dev_ws/install/ament_lint:/home/zhous/ROS2/micros_ws/firmware/dev_ws/install/ament_index_python:/home/zhous/ROS2/micros_ws/firmware/dev_ws/install/ament_cpplint:/home/zhous/ROS2/micros_ws/firmware/dev_ws/install/ament_cppcheck:/home/zhous/ROS2/micros_ws/firmware/dev_ws/install/ament_clang_tidy:/home/zhous/ROS2/micros_ws/firmware/dev_ws/install/ament_clang_format mytag_args= *.h -o -name *.c -o -name *.inc -o -name *.hpp -o -name *.cpp -o -name *.S -o -name *.s /usr/bin/cmake --build /home/zhous/ROS2/micros_ws/firmware/mcu_ws/build/rmw_implementation_cmake -- -j8 -l8
[0.573s] make[1]: Entering directory '/home/zhous/ROS2/micros_ws/firmware/mcu_ws/build/rmw_implementation_cmake'
[0.574s] /usr/bin/cmake -H/home/zhous/ROS2/micros_ws/firmware/mcu_ws/ros2/rmw/rmw_implementation_cmake -B/home/zhous/ROS2/micros_ws/firmware/mcu_ws/build/rmw_implementation_cmake --check-build-system CMakeFiles/Makefile.cmake 0
[0.586s] /usr/bin/cmake -E cmake_progress_start /home/zhous/ROS2/micros_ws/firmware/mcu_ws/build/rmw_implementation_cmake/CMakeFiles /home/zhous/ROS2/micros_ws/firmware/mcu_ws/build/rmw_implementation_cmake/CMakeFiles/progress.marks
[0.598s] /usr/bin/make -f CMakeFiles/Makefile2 all
[0.604s] make[2]: Entering directory '/home/zhous/ROS2/micros_ws/firmware/mcu_ws/build/rmw_implementation_cmake'
[0.604s] make[2]: Nothing to be done for 'all'.
[0.604s] make[2]: Leaving directory '/home/zhous/ROS2/micros_ws/firmware/mcu_ws/build/rmw_implementation_cmake'
[0.604s] /usr/bin/cmake -E cmake_progress_start /home/zhous/ROS2/micros_ws/firmware/mcu_ws/build/rmw_implementation_cmake/CMakeFiles 0
[0.613s] make[1]: Leaving directory '/home/zhous/ROS2/micros_ws/firmware/mcu_ws/build/rmw_implementation_cmake'
[0.615s] Invoked command in '/home/zhous/ROS2/micros_ws/firmware/mcu_ws/build/rmw_implementation_cmake' returned '0': CMAKE_PREFIX_PATH=${CMAKE_PREFIX_PATH}:/home/zhous/ROS2/micros_ws/firmware/dev_ws/install/ament_uncrustify:/home/zhous/ROS2/micros_ws/firmware/dev_ws/install/ament_xmllint:/home/zhous/ROS2/micros_ws/firmware/dev_ws/install/ament_pyflakes:/home/zhous/ROS2/micros_ws/firmware/dev_ws/install/ament_pep8:/home/zhous/ROS2/micros_ws/firmware/dev_ws/install/ament_pep257:/home/zhous/ROS2/micros_ws/firmware/dev_ws/install/ament_pclint:/home/zhous/ROS2/micros_ws/firmware/dev_ws/install/ament_package:/home/zhous/ROS2/micros_ws/firmware/dev_ws/install/ament_lint_cmake:/home/zhous/ROS2/micros_ws/firmware/dev_ws/install/ament_flake8:/home/zhous/ROS2/micros_ws/firmware/dev_ws/install/ament_copyright:/home/zhous/ROS2/micros_ws/firmware/dev_ws/install/ament_lint:/home/zhous/ROS2/micros_ws/firmware/dev_ws/install/ament_index_python:/home/zhous/ROS2/micros_ws/firmware/dev_ws/install/ament_cpplint:/home/zhous/ROS2/micros_ws/firmware/dev_ws/install/ament_cppcheck:/home/zhous/ROS2/micros_ws/firmware/dev_ws/install/ament_clang_tidy:/home/zhous/ROS2/micros_ws/firmware/dev_ws/install/ament_clang_format mytag_args= *.h -o -name *.c -o -name *.inc -o -name *.hpp -o -name *.cpp -o -name *.S -o -name *.s /usr/bin/cmake --build /home/zhous/ROS2/micros_ws/firmware/mcu_ws/build/rmw_implementation_cmake -- -j8 -l8
[0.650s] Invoking command in '/home/zhous/ROS2/micros_ws/firmware/mcu_ws/build/rmw_implementation_cmake': CMAKE_PREFIX_PATH=${CMAKE_PREFIX_PATH}:/home/zhous/ROS2/micros_ws/firmware/dev_ws/install/ament_uncrustify:/home/zhous/ROS2/micros_ws/firmware/dev_ws/install/ament_xmllint:/home/zhous/ROS2/micros_ws/firmware/dev_ws/install/ament_pyflakes:/home/zhous/ROS2/micros_ws/firmware/dev_ws/install/ament_pep8:/home/zhous/ROS2/micros_ws/firmware/dev_ws/install/ament_pep257:/home/zhous/ROS2/micros_ws/firmware/dev_ws/install/ament_pclint:/home/zhous/ROS2/micros_ws/firmware/dev_ws/install/ament_package:/home/zhous/ROS2/micros_ws/firmware/dev_ws/install/ament_lint_cmake:/home/zhous/ROS2/micros_ws/firmware/dev_ws/install/ament_flake8:/home/zhous/ROS2/micros_ws/firmware/dev_ws/install/ament_copyright:/home/zhous/ROS2/micros_ws/firmware/dev_ws/install/ament_lint:/home/zhous/ROS2/micros_ws/firmware/dev_ws/install/ament_index_python:/home/zhous/ROS2/micros_ws/firmware/dev_ws/install/ament_cpplint:/home/zhous/ROS2/micros_ws/firmware/dev_ws/install/ament_cppcheck:/home/zhous/ROS2/micros_ws/firmware/dev_ws/install/ament_clang_tidy:/home/zhous/ROS2/micros_ws/firmware/dev_ws/install/ament_clang_format mytag_args= *.h -o -name *.c -o -name *.inc -o -name *.hpp -o -name *.cpp -o -name *.S -o -name *.s /usr/bin/cmake --build /home/zhous/ROS2/micros_ws/firmware/mcu_ws/build/rmw_implementation_cmake --target install -- -j8 -l8
[0.664s] make[1]: Entering directory '/home/zhous/ROS2/micros_ws/firmware/mcu_ws/build/rmw_implementation_cmake'
[0.664s] /usr/bin/cmake -H/home/zhous/ROS2/micros_ws/firmware/mcu_ws/ros2/rmw/rmw_implementation_cmake -B/home/zhous/ROS2/micros_ws/firmware/mcu_ws/build/rmw_implementation_cmake --check-build-system CMakeFiles/Makefile.cmake 0
[0.678s] /usr/bin/cmake -E cmake_progress_start /home/zhous/ROS2/micros_ws/firmware/mcu_ws/build/rmw_implementation_cmake/CMakeFiles /home/zhous/ROS2/micros_ws/firmware/mcu_ws/build/rmw_implementation_cmake/CMakeFiles/progress.marks
[0.693s] /usr/bin/make -f CMakeFiles/Makefile2 all
[0.699s] make[2]: Entering directory '/home/zhous/ROS2/micros_ws/firmware/mcu_ws/build/rmw_implementation_cmake'
[0.700s] make[2]: Nothing to be done for 'all'.
[0.700s] make[2]: Leaving directory '/home/zhous/ROS2/micros_ws/firmware/mcu_ws/build/rmw_implementation_cmake'
[0.700s] /usr/bin/cmake -E cmake_progress_start /home/zhous/ROS2/micros_ws/firmware/mcu_ws/build/rmw_implementation_cmake/CMakeFiles 0
[0.703s] /usr/bin/make -f CMakeFiles/Makefile2 preinstall
[0.705s] make[2]: Entering directory '/home/zhous/ROS2/micros_ws/firmware/mcu_ws/build/rmw_implementation_cmake'
[0.705s] make[2]: Nothing to be done for 'preinstall'.
[0.705s] make[2]: Leaving directory '/home/zhous/ROS2/micros_ws/firmware/mcu_ws/build/rmw_implementation_cmake'
[0.719s] [36mInstall the project...[0m
[0.721s] /usr/bin/cmake -P cmake_install.cmake
[0.739s] -- Install configuration: "Debug"
[0.740s] -- Installing: /home/zhous/ROS2/micros_ws/firmware/mcu_ws/install/rmw_implementation_cmake/share/ament_index/resource_index/package_run_dependencies/rmw_implementation_cmake
[0.741s] -- Installing: /home/zhous/ROS2/micros_ws/firmware/mcu_ws/install/rmw_implementation_cmake/share/ament_index/resource_index/parent_prefix_path/rmw_implementation_cmake
[0.741s] -- Installing: /home/zhous/ROS2/micros_ws/firmware/mcu_ws/install/rmw_implementation_cmake/share/rmw_implementation_cmake/environment/ament_prefix_path.sh
[0.741s] -- Installing: /home/zhous/ROS2/micros_ws/firmware/mcu_ws/install/rmw_implementation_cmake/share/rmw_implementation_cmake/environment/path.sh
[0.742s] -- Installing: /home/zhous/ROS2/micros_ws/firmware/mcu_ws/install/rmw_implementation_cmake/share/rmw_implementation_cmake/local_setup.bash
[0.742s] -- Installing: /home/zhous/ROS2/micros_ws/firmware/mcu_ws/install/rmw_implementation_cmake/share/rmw_implementation_cmake/local_setup.sh
[0.743s] -- Installing: /home/zhous/ROS2/micros_ws/firmware/mcu_ws/install/rmw_implementation_cmake/share/rmw_implementation_cmake/local_setup.zsh
[0.743s] -- Installing: /home/zhous/ROS2/micros_ws/firmware/mcu_ws/install/rmw_implementation_cmake/share/ament_index/resource_index/packages/rmw_implementation_cmake
[0.744s] -- Installing: /home/zhous/ROS2/micros_ws/firmware/mcu_ws/install/rmw_implementation_cmake/share/rmw_implementation_cmake/cmake/rmw_implementation_cmake-extras.cmake
[0.744s] -- Installing: /home/zhous/ROS2/micros_ws/firmware/mcu_ws/install/rmw_implementation_cmake/share/rmw_implementation_cmake/cmake/ament_cmake_export_dependencies-extras.cmake
[0.745s] -- Installing: /home/zhous/ROS2/micros_ws/firmware/mcu_ws/install/rmw_implementation_cmake/share/rmw_implementation_cmake/cmake/rmw_implementation_cmakeConfig.cmake
[0.745s] -- Installing: /home/zhous/ROS2/micros_ws/firmware/mcu_ws/install/rmw_implementation_cmake/share/rmw_implementation_cmake/cmake/rmw_implementation_cmakeConfig-version.cmake
[0.745s] -- Installing: /home/zhous/ROS2/micros_ws/firmware/mcu_ws/install/rmw_implementation_cmake/share/rmw_implementation_cmake/package.xml
[0.746s] -- Up-to-date: /home/zhous/ROS2/micros_ws/firmware/mcu_ws/install/rmw_implementation_cmake/share/rmw_implementation_cmake/cmake
[0.747s] -- Installing: /home/zhous/ROS2/micros_ws/firmware/mcu_ws/install/rmw_implementation_cmake/share/rmw_implementation_cmake/cmake/get_default_rmw_implementation.cmake
[0.748s] -- Installing: /home/zhous/ROS2/micros_ws/firmware/mcu_ws/install/rmw_implementation_cmake/share/rmw_implementation_cmake/cmake/call_for_each_rmw_implementation.cmake
[0.748s] -- Installing: /home/zhous/ROS2/micros_ws/firmware/mcu_ws/install/rmw_implementation_cmake/share/rmw_implementation_cmake/cmake/get_available_rmw_implementations.cmake
[0.748s] make[1]: Leaving directory '/home/zhous/ROS2/micros_ws/firmware/mcu_ws/build/rmw_implementation_cmake'
[0.810s] Invoked command in '/home/zhous/ROS2/micros_ws/firmware/mcu_ws/build/rmw_implementation_cmake' returned '0': CMAKE_PREFIX_PATH=${CMAKE_PREFIX_PATH}:/home/zhous/ROS2/micros_ws/firmware/dev_ws/install/ament_uncrustify:/home/zhous/ROS2/micros_ws/firmware/dev_ws/install/ament_xmllint:/home/zhous/ROS2/micros_ws/firmware/dev_ws/install/ament_pyflakes:/home/zhous/ROS2/micros_ws/firmware/dev_ws/install/ament_pep8:/home/zhous/ROS2/micros_ws/firmware/dev_ws/install/ament_pep257:/home/zhous/ROS2/micros_ws/firmware/dev_ws/install/ament_pclint:/home/zhous/ROS2/micros_ws/firmware/dev_ws/install/ament_package:/home/zhous/ROS2/micros_ws/firmware/dev_ws/install/ament_lint_cmake:/home/zhous/ROS2/micros_ws/firmware/dev_ws/install/ament_flake8:/home/zhous/ROS2/micros_ws/firmware/dev_ws/install/ament_copyright:/home/zhous/ROS2/micros_ws/firmware/dev_ws/install/ament_lint:/home/zhous/ROS2/micros_ws/firmware/dev_ws/install/ament_index_python:/home/zhous/ROS2/micros_ws/firmware/dev_ws/install/ament_cpplint:/home/zhous/ROS2/micros_ws/firmware/dev_ws/install/ament_cppcheck:/home/zhous/ROS2/micros_ws/firmware/dev_ws/install/ament_clang_tidy:/home/zhous/ROS2/micros_ws/firmware/dev_ws/install/ament_clang_format mytag_args= *.h -o -name *.c -o -name *.inc -o -name *.hpp -o -name *.cpp -o -name *.S -o -name *.s /usr/bin/cmake --build /home/zhous/ROS2/micros_ws/firmware/mcu_ws/build/rmw_implementation_cmake --target install -- -j8 -l8
