Re-run cmake no build system arguments
-- Found ament_cmake: 0.7.6 (/home/zhous/ROS2/micros_ws/firmware/dev_ws/install/ament_cmake/share/ament_cmake/cmake)
-- Found PythonInterp: /usr/bin/python3 (found suitable version "3.6.9", minimum required is "3") 
-- Using PYTHON_EXECUTABLE: /usr/bin/python3
-- Configuring done
-- Generating done
-- Build files have been written to: /home/zhous/ROS2/micros_ws/firmware/mcu_ws/build/rosidl_generator_dds_idl
make[1]: Entering directory '/home/zhous/ROS2/micros_ws/firmware/mcu_ws/build/rosidl_generator_dds_idl'
/usr/bin/cmake -H/home/zhous/ROS2/micros_ws/firmware/mcu_ws/ros2/rosidl_dds/rosidl_generator_dds_idl -B/home/zhous/ROS2/micros_ws/firmware/mcu_ws/build/rosidl_generator_dds_idl --check-build-system CMakeFiles/Makefile.cmake 0
/usr/bin/cmake -E cmake_progress_start /home/zhous/ROS2/micros_ws/firmware/mcu_ws/build/rosidl_generator_dds_idl/CMakeFiles /home/zhous/ROS2/micros_ws/firmware/mcu_ws/build/rosidl_generator_dds_idl/CMakeFiles/progress.marks
/usr/bin/make -f CMakeFiles/Makefile2 all
make[2]: Entering directory '/home/zhous/ROS2/micros_ws/firmware/mcu_ws/build/rosidl_generator_dds_idl'
make[2]: Nothing to be done for 'all'.
make[2]: Leaving directory '/home/zhous/ROS2/micros_ws/firmware/mcu_ws/build/rosidl_generator_dds_idl'
/usr/bin/cmake -E cmake_progress_start /home/zhous/ROS2/micros_ws/firmware/mcu_ws/build/rosidl_generator_dds_idl/CMakeFiles 0
make[1]: Leaving directory '/home/zhous/ROS2/micros_ws/firmware/mcu_ws/build/rosidl_generator_dds_idl'
make[1]: Entering directory '/home/zhous/ROS2/micros_ws/firmware/mcu_ws/build/rosidl_generator_dds_idl'
/usr/bin/cmake -H/home/zhous/ROS2/micros_ws/firmware/mcu_ws/ros2/rosidl_dds/rosidl_generator_dds_idl -B/home/zhous/ROS2/micros_ws/firmware/mcu_ws/build/rosidl_generator_dds_idl --check-build-system CMakeFiles/Makefile.cmake 0
/usr/bin/cmake -E cmake_progress_start /home/zhous/ROS2/micros_ws/firmware/mcu_ws/build/rosidl_generator_dds_idl/CMakeFiles /home/zhous/ROS2/micros_ws/firmware/mcu_ws/build/rosidl_generator_dds_idl/CMakeFiles/progress.marks
/usr/bin/make -f CMakeFiles/Makefile2 all
make[2]: Entering directory '/home/zhous/ROS2/micros_ws/firmware/mcu_ws/build/rosidl_generator_dds_idl'
make[2]: Nothing to be done for 'all'.
make[2]: Leaving directory '/home/zhous/ROS2/micros_ws/firmware/mcu_ws/build/rosidl_generator_dds_idl'
/usr/bin/cmake -E cmake_progress_start /home/zhous/ROS2/micros_ws/firmware/mcu_ws/build/rosidl_generator_dds_idl/CMakeFiles 0
/usr/bin/make -f CMakeFiles/Makefile2 preinstall
make[2]: Entering directory '/home/zhous/ROS2/micros_ws/firmware/mcu_ws/build/rosidl_generator_dds_idl'
make[2]: Nothing to be done for 'preinstall'.
make[2]: Leaving directory '/home/zhous/ROS2/micros_ws/firmware/mcu_ws/build/rosidl_generator_dds_idl'
[36mInstall the project...[0m
/usr/bin/cmake -P cmake_install.cmake
-- Install configuration: "Debug"
-- Installing: /home/zhous/ROS2/micros_ws/firmware/mcu_ws/install/rosidl_generator_dds_idl/share/rosidl_generator_dds_idl/environment/pythonpath.sh
-- Installing: /home/zhous/ROS2/micros_ws/firmware/mcu_ws/install/rosidl_generator_dds_idl/lib/python3.6/site-packages/rosidl_generator_dds_idl
-- Installing: /home/zhous/ROS2/micros_ws/firmware/mcu_ws/install/rosidl_generator_dds_idl/lib/python3.6/site-packages/rosidl_generator_dds_idl/__init__.py
Listing '/home/zhous/ROS2/micros_ws/firmware/mcu_ws/install/rosidl_generator_dds_idl/lib/python3.6/site-packages/rosidl_generator_dds_idl'...
Compiling '/home/zhous/ROS2/micros_ws/firmware/mcu_ws/install/rosidl_generator_dds_idl/lib/python3.6/site-packages/rosidl_generator_dds_idl/__init__.py'...
-- Installing: /home/zhous/ROS2/micros_ws/firmware/mcu_ws/install/rosidl_generator_dds_idl/share/ament_index/resource_index/package_run_dependencies/rosidl_generator_dds_idl
-- Installing: /home/zhous/ROS2/micros_ws/firmware/mcu_ws/install/rosidl_generator_dds_idl/share/ament_index/resource_index/parent_prefix_path/rosidl_generator_dds_idl
-- Installing: /home/zhous/ROS2/micros_ws/firmware/mcu_ws/install/rosidl_generator_dds_idl/share/rosidl_generator_dds_idl/environment/ament_prefix_path.sh
-- Installing: /home/zhous/ROS2/micros_ws/firmware/mcu_ws/install/rosidl_generator_dds_idl/share/rosidl_generator_dds_idl/environment/path.sh
-- Installing: /home/zhous/ROS2/micros_ws/firmware/mcu_ws/install/rosidl_generator_dds_idl/share/rosidl_generator_dds_idl/local_setup.bash
-- Installing: /home/zhous/ROS2/micros_ws/firmware/mcu_ws/install/rosidl_generator_dds_idl/share/rosidl_generator_dds_idl/local_setup.sh
-- Installing: /home/zhous/ROS2/micros_ws/firmware/mcu_ws/install/rosidl_generator_dds_idl/share/rosidl_generator_dds_idl/local_setup.zsh
-- Installing: /home/zhous/ROS2/micros_ws/firmware/mcu_ws/install/rosidl_generator_dds_idl/share/ament_index/resource_index/packages/rosidl_generator_dds_idl
-- Installing: /home/zhous/ROS2/micros_ws/firmware/mcu_ws/install/rosidl_generator_dds_idl/share/rosidl_generator_dds_idl/cmake/rosidl_generator_dds_idl-extras.cmake
-- Installing: /home/zhous/ROS2/micros_ws/firmware/mcu_ws/install/rosidl_generator_dds_idl/share/rosidl_generator_dds_idl/cmake/rosidl_generator_dds_idlConfig.cmake
-- Installing: /home/zhous/ROS2/micros_ws/firmware/mcu_ws/install/rosidl_generator_dds_idl/share/rosidl_generator_dds_idl/cmake/rosidl_generator_dds_idlConfig-version.cmake
-- Installing: /home/zhous/ROS2/micros_ws/firmware/mcu_ws/install/rosidl_generator_dds_idl/share/rosidl_generator_dds_idl/package.xml
-- Installing: /home/zhous/ROS2/micros_ws/firmware/mcu_ws/install/rosidl_generator_dds_idl/lib/rosidl_generator_dds_idl/rosidl_generator_dds_idl
-- Up-to-date: /home/zhous/ROS2/micros_ws/firmware/mcu_ws/install/rosidl_generator_dds_idl/share/rosidl_generator_dds_idl/cmake
-- Installing: /home/zhous/ROS2/micros_ws/firmware/mcu_ws/install/rosidl_generator_dds_idl/share/rosidl_generator_dds_idl/cmake/rosidl_generate_dds_interfaces.cmake
-- Installing: /home/zhous/ROS2/micros_ws/firmware/mcu_ws/install/rosidl_generator_dds_idl/share/rosidl_generator_dds_idl/resource
-- Installing: /home/zhous/ROS2/micros_ws/firmware/mcu_ws/install/rosidl_generator_dds_idl/share/rosidl_generator_dds_idl/resource/srv.idl.em
-- Installing: /home/zhous/ROS2/micros_ws/firmware/mcu_ws/install/rosidl_generator_dds_idl/share/rosidl_generator_dds_idl/resource/msg.idl.em
-- Installing: /home/zhous/ROS2/micros_ws/firmware/mcu_ws/install/rosidl_generator_dds_idl/share/rosidl_generator_dds_idl/resource/action.idl.em
-- Installing: /home/zhous/ROS2/micros_ws/firmware/mcu_ws/install/rosidl_generator_dds_idl/share/rosidl_generator_dds_idl/resource/idl.idl.em
make[1]: Leaving directory '/home/zhous/ROS2/micros_ws/firmware/mcu_ws/build/rosidl_generator_dds_idl'
