[0.096s] Invoking command in '/home/zhous/ROS2/micros_ws/firmware/mcu_ws/build/rosidl_typesupport_interface': CMAKE_PREFIX_PATH=${CMAKE_PREFIX_PATH}:/home/zhous/ROS2/micros_ws/firmware/dev_ws/install/ament_uncrustify:/home/zhous/ROS2/micros_ws/firmware/dev_ws/install/ament_xmllint:/home/zhous/ROS2/micros_ws/firmware/dev_ws/install/ament_pyflakes:/home/zhous/ROS2/micros_ws/firmware/dev_ws/install/ament_pep8:/home/zhous/ROS2/micros_ws/firmware/dev_ws/install/ament_pep257:/home/zhous/ROS2/micros_ws/firmware/dev_ws/install/ament_pclint:/home/zhous/ROS2/micros_ws/firmware/dev_ws/install/ament_package:/home/zhous/ROS2/micros_ws/firmware/dev_ws/install/ament_lint_cmake:/home/zhous/ROS2/micros_ws/firmware/dev_ws/install/ament_flake8:/home/zhous/ROS2/micros_ws/firmware/dev_ws/install/ament_copyright:/home/zhous/ROS2/micros_ws/firmware/dev_ws/install/ament_lint:/home/zhous/ROS2/micros_ws/firmware/dev_ws/install/ament_index_python:/home/zhous/ROS2/micros_ws/firmware/dev_ws/install/ament_cpplint:/home/zhous/ROS2/micros_ws/firmware/dev_ws/install/ament_cppcheck:/home/zhous/ROS2/micros_ws/firmware/dev_ws/install/ament_clang_tidy:/home/zhous/ROS2/micros_ws/firmware/dev_ws/install/ament_clang_format mytag_args= *.h -o -name *.c -o -name *.inc -o -name *.hpp -o -name *.cpp -o -name *.S -o -name *.s /usr/bin/cmake /home/zhous/ROS2/micros_ws/firmware/mcu_ws/ros2/rosidl/rosidl_typesupport_interface -DCMAKE_POSITION_INDEPENDENT_CODE=OFF -DTHIRDPARTY=ON -DBUILD_SHARED_LIBS=OFF -DBUILD_TESTING=OFF -DCMAKE_BUILD_TYPE=Debug -DCMAKE_TOOLCHAIN_FILE=/home/zhous/ROS2/micros_ws/firmware/freertos_apps/microros_intel_A53Anony_extensions/arm_toolchain.cmake -DCMAKE_VERBOSE_MAKEFILE=ON -DCMAKE_INSTALL_PREFIX=/home/zhous/ROS2/micros_ws/firmware/mcu_ws/install/rosidl_typesupport_interface
[0.160s] Re-run cmake no build system arguments
[0.160s] -- Found ament_cmake: 0.7.6 (/home/zhous/ROS2/micros_ws/firmware/dev_ws/install/ament_cmake/share/ament_cmake/cmake)
[0.160s] -- Found PythonInterp: /usr/bin/python3 (found suitable version "3.6.9", minimum required is "3") 
[0.161s] -- Using PYTHON_EXECUTABLE: /usr/bin/python3
[0.532s] -- Configuring done
[0.534s] -- Generating done
[0.535s] CMake Warning:
[0.535s]   Manually-specified variables were not used by the project:
[0.535s] 
[0.535s]     BUILD_SHARED_LIBS
[0.535s]     THIRDPARTY
[0.535s] 
[0.535s] 
[0.535s] -- Build files have been written to: /home/zhous/ROS2/micros_ws/firmware/mcu_ws/build/rosidl_typesupport_interface
[0.540s] Invoked command in '/home/zhous/ROS2/micros_ws/firmware/mcu_ws/build/rosidl_typesupport_interface' returned '0': CMAKE_PREFIX_PATH=${CMAKE_PREFIX_PATH}:/home/zhous/ROS2/micros_ws/firmware/dev_ws/install/ament_uncrustify:/home/zhous/ROS2/micros_ws/firmware/dev_ws/install/ament_xmllint:/home/zhous/ROS2/micros_ws/firmware/dev_ws/install/ament_pyflakes:/home/zhous/ROS2/micros_ws/firmware/dev_ws/install/ament_pep8:/home/zhous/ROS2/micros_ws/firmware/dev_ws/install/ament_pep257:/home/zhous/ROS2/micros_ws/firmware/dev_ws/install/ament_pclint:/home/zhous/ROS2/micros_ws/firmware/dev_ws/install/ament_package:/home/zhous/ROS2/micros_ws/firmware/dev_ws/install/ament_lint_cmake:/home/zhous/ROS2/micros_ws/firmware/dev_ws/install/ament_flake8:/home/zhous/ROS2/micros_ws/firmware/dev_ws/install/ament_copyright:/home/zhous/ROS2/micros_ws/firmware/dev_ws/install/ament_lint:/home/zhous/ROS2/micros_ws/firmware/dev_ws/install/ament_index_python:/home/zhous/ROS2/micros_ws/firmware/dev_ws/install/ament_cpplint:/home/zhous/ROS2/micros_ws/firmware/dev_ws/install/ament_cppcheck:/home/zhous/ROS2/micros_ws/firmware/dev_ws/install/ament_clang_tidy:/home/zhous/ROS2/micros_ws/firmware/dev_ws/install/ament_clang_format mytag_args= *.h -o -name *.c -o -name *.inc -o -name *.hpp -o -name *.cpp -o -name *.S -o -name *.s /usr/bin/cmake /home/zhous/ROS2/micros_ws/firmware/mcu_ws/ros2/rosidl/rosidl_typesupport_interface -DCMAKE_POSITION_INDEPENDENT_CODE=OFF -DTHIRDPARTY=ON -DBUILD_SHARED_LIBS=OFF -DBUILD_TESTING=OFF -DCMAKE_BUILD_TYPE=Debug -DCMAKE_TOOLCHAIN_FILE=/home/zhous/ROS2/micros_ws/firmware/freertos_apps/microros_intel_A53Anony_extensions/arm_toolchain.cmake -DCMAKE_VERBOSE_MAKEFILE=ON -DCMAKE_INSTALL_PREFIX=/home/zhous/ROS2/micros_ws/firmware/mcu_ws/install/rosidl_typesupport_interface
[0.541s] Invoking command in '/home/zhous/ROS2/micros_ws/firmware/mcu_ws/build/rosidl_typesupport_interface': CMAKE_PREFIX_PATH=${CMAKE_PREFIX_PATH}:/home/zhous/ROS2/micros_ws/firmware/dev_ws/install/ament_uncrustify:/home/zhous/ROS2/micros_ws/firmware/dev_ws/install/ament_xmllint:/home/zhous/ROS2/micros_ws/firmware/dev_ws/install/ament_pyflakes:/home/zhous/ROS2/micros_ws/firmware/dev_ws/install/ament_pep8:/home/zhous/ROS2/micros_ws/firmware/dev_ws/install/ament_pep257:/home/zhous/ROS2/micros_ws/firmware/dev_ws/install/ament_pclint:/home/zhous/ROS2/micros_ws/firmware/dev_ws/install/ament_package:/home/zhous/ROS2/micros_ws/firmware/dev_ws/install/ament_lint_cmake:/home/zhous/ROS2/micros_ws/firmware/dev_ws/install/ament_flake8:/home/zhous/ROS2/micros_ws/firmware/dev_ws/install/ament_copyright:/home/zhous/ROS2/micros_ws/firmware/dev_ws/install/ament_lint:/home/zhous/ROS2/micros_ws/firmware/dev_ws/install/ament_index_python:/home/zhous/ROS2/micros_ws/firmware/dev_ws/install/ament_cpplint:/home/zhous/ROS2/micros_ws/firmware/dev_ws/install/ament_cppcheck:/home/zhous/ROS2/micros_ws/firmware/dev_ws/install/ament_clang_tidy:/home/zhous/ROS2/micros_ws/firmware/dev_ws/install/ament_clang_format mytag_args= *.h -o -name *.c -o -name *.inc -o -name *.hpp -o -name *.cpp -o -name *.S -o -name *.s /usr/bin/cmake --build /home/zhous/ROS2/micros_ws/firmware/mcu_ws/build/rosidl_typesupport_interface -- -j8 -l8
[0.552s] make[1]: Entering directory '/home/zhous/ROS2/micros_ws/firmware/mcu_ws/build/rosidl_typesupport_interface'
[0.553s] /usr/bin/cmake -H/home/zhous/ROS2/micros_ws/firmware/mcu_ws/ros2/rosidl/rosidl_typesupport_interface -B/home/zhous/ROS2/micros_ws/firmware/mcu_ws/build/rosidl_typesupport_interface --check-build-system CMakeFiles/Makefile.cmake 0
[0.564s] /usr/bin/cmake -E cmake_progress_start /home/zhous/ROS2/micros_ws/firmware/mcu_ws/build/rosidl_typesupport_interface/CMakeFiles /home/zhous/ROS2/micros_ws/firmware/mcu_ws/build/rosidl_typesupport_interface/CMakeFiles/progress.marks
[0.571s] /usr/bin/make -f CMakeFiles/Makefile2 all
[0.573s] make[2]: Entering directory '/home/zhous/ROS2/micros_ws/firmware/mcu_ws/build/rosidl_typesupport_interface'
[0.573s] make[2]: Nothing to be done for 'all'.
[0.573s] make[2]: Leaving directory '/home/zhous/ROS2/micros_ws/firmware/mcu_ws/build/rosidl_typesupport_interface'
[0.573s] /usr/bin/cmake -E cmake_progress_start /home/zhous/ROS2/micros_ws/firmware/mcu_ws/build/rosidl_typesupport_interface/CMakeFiles 0
[0.588s] make[1]: Leaving directory '/home/zhous/ROS2/micros_ws/firmware/mcu_ws/build/rosidl_typesupport_interface'
[0.593s] Invoked command in '/home/zhous/ROS2/micros_ws/firmware/mcu_ws/build/rosidl_typesupport_interface' returned '0': CMAKE_PREFIX_PATH=${CMAKE_PREFIX_PATH}:/home/zhous/ROS2/micros_ws/firmware/dev_ws/install/ament_uncrustify:/home/zhous/ROS2/micros_ws/firmware/dev_ws/install/ament_xmllint:/home/zhous/ROS2/micros_ws/firmware/dev_ws/install/ament_pyflakes:/home/zhous/ROS2/micros_ws/firmware/dev_ws/install/ament_pep8:/home/zhous/ROS2/micros_ws/firmware/dev_ws/install/ament_pep257:/home/zhous/ROS2/micros_ws/firmware/dev_ws/install/ament_pclint:/home/zhous/ROS2/micros_ws/firmware/dev_ws/install/ament_package:/home/zhous/ROS2/micros_ws/firmware/dev_ws/install/ament_lint_cmake:/home/zhous/ROS2/micros_ws/firmware/dev_ws/install/ament_flake8:/home/zhous/ROS2/micros_ws/firmware/dev_ws/install/ament_copyright:/home/zhous/ROS2/micros_ws/firmware/dev_ws/install/ament_lint:/home/zhous/ROS2/micros_ws/firmware/dev_ws/install/ament_index_python:/home/zhous/ROS2/micros_ws/firmware/dev_ws/install/ament_cpplint:/home/zhous/ROS2/micros_ws/firmware/dev_ws/install/ament_cppcheck:/home/zhous/ROS2/micros_ws/firmware/dev_ws/install/ament_clang_tidy:/home/zhous/ROS2/micros_ws/firmware/dev_ws/install/ament_clang_format mytag_args= *.h -o -name *.c -o -name *.inc -o -name *.hpp -o -name *.cpp -o -name *.S -o -name *.s /usr/bin/cmake --build /home/zhous/ROS2/micros_ws/firmware/mcu_ws/build/rosidl_typesupport_interface -- -j8 -l8
[0.649s] Invoking command in '/home/zhous/ROS2/micros_ws/firmware/mcu_ws/build/rosidl_typesupport_interface': CMAKE_PREFIX_PATH=${CMAKE_PREFIX_PATH}:/home/zhous/ROS2/micros_ws/firmware/dev_ws/install/ament_uncrustify:/home/zhous/ROS2/micros_ws/firmware/dev_ws/install/ament_xmllint:/home/zhous/ROS2/micros_ws/firmware/dev_ws/install/ament_pyflakes:/home/zhous/ROS2/micros_ws/firmware/dev_ws/install/ament_pep8:/home/zhous/ROS2/micros_ws/firmware/dev_ws/install/ament_pep257:/home/zhous/ROS2/micros_ws/firmware/dev_ws/install/ament_pclint:/home/zhous/ROS2/micros_ws/firmware/dev_ws/install/ament_package:/home/zhous/ROS2/micros_ws/firmware/dev_ws/install/ament_lint_cmake:/home/zhous/ROS2/micros_ws/firmware/dev_ws/install/ament_flake8:/home/zhous/ROS2/micros_ws/firmware/dev_ws/install/ament_copyright:/home/zhous/ROS2/micros_ws/firmware/dev_ws/install/ament_lint:/home/zhous/ROS2/micros_ws/firmware/dev_ws/install/ament_index_python:/home/zhous/ROS2/micros_ws/firmware/dev_ws/install/ament_cpplint:/home/zhous/ROS2/micros_ws/firmware/dev_ws/install/ament_cppcheck:/home/zhous/ROS2/micros_ws/firmware/dev_ws/install/ament_clang_tidy:/home/zhous/ROS2/micros_ws/firmware/dev_ws/install/ament_clang_format mytag_args= *.h -o -name *.c -o -name *.inc -o -name *.hpp -o -name *.cpp -o -name *.S -o -name *.s /usr/bin/cmake --build /home/zhous/ROS2/micros_ws/firmware/mcu_ws/build/rosidl_typesupport_interface --target install -- -j8 -l8
[0.664s] make[1]: Entering directory '/home/zhous/ROS2/micros_ws/firmware/mcu_ws/build/rosidl_typesupport_interface'
[0.665s] /usr/bin/cmake -H/home/zhous/ROS2/micros_ws/firmware/mcu_ws/ros2/rosidl/rosidl_typesupport_interface -B/home/zhous/ROS2/micros_ws/firmware/mcu_ws/build/rosidl_typesupport_interface --check-build-system CMakeFiles/Makefile.cmake 0
[0.672s] /usr/bin/cmake -E cmake_progress_start /home/zhous/ROS2/micros_ws/firmware/mcu_ws/build/rosidl_typesupport_interface/CMakeFiles /home/zhous/ROS2/micros_ws/firmware/mcu_ws/build/rosidl_typesupport_interface/CMakeFiles/progress.marks
[0.687s] /usr/bin/make -f CMakeFiles/Makefile2 all
[0.688s] make[2]: Entering directory '/home/zhous/ROS2/micros_ws/firmware/mcu_ws/build/rosidl_typesupport_interface'
[0.688s] make[2]: Nothing to be done for 'all'.
[0.689s] make[2]: Leaving directory '/home/zhous/ROS2/micros_ws/firmware/mcu_ws/build/rosidl_typesupport_interface'
[0.689s] /usr/bin/cmake -E cmake_progress_start /home/zhous/ROS2/micros_ws/firmware/mcu_ws/build/rosidl_typesupport_interface/CMakeFiles 0
[0.698s] /usr/bin/make -f CMakeFiles/Makefile2 preinstall
[0.698s] make[2]: Entering directory '/home/zhous/ROS2/micros_ws/firmware/mcu_ws/build/rosidl_typesupport_interface'
[0.698s] make[2]: Nothing to be done for 'preinstall'.
[0.699s] make[2]: Leaving directory '/home/zhous/ROS2/micros_ws/firmware/mcu_ws/build/rosidl_typesupport_interface'
[0.708s] [36mInstall the project...[0m
[0.709s] /usr/bin/cmake -P cmake_install.cmake
[0.719s] -- Install configuration: "Debug"
[0.720s] -- Installing: /home/zhous/ROS2/micros_ws/firmware/mcu_ws/install/rosidl_typesupport_interface/share/ament_index/resource_index/package_run_dependencies/rosidl_typesupport_interface
[0.721s] -- Installing: /home/zhous/ROS2/micros_ws/firmware/mcu_ws/install/rosidl_typesupport_interface/share/ament_index/resource_index/parent_prefix_path/rosidl_typesupport_interface
[0.721s] -- Installing: /home/zhous/ROS2/micros_ws/firmware/mcu_ws/install/rosidl_typesupport_interface/share/rosidl_typesupport_interface/environment/ament_prefix_path.sh
[0.721s] -- Installing: /home/zhous/ROS2/micros_ws/firmware/mcu_ws/install/rosidl_typesupport_interface/share/rosidl_typesupport_interface/environment/path.sh
[0.721s] -- Installing: /home/zhous/ROS2/micros_ws/firmware/mcu_ws/install/rosidl_typesupport_interface/share/rosidl_typesupport_interface/local_setup.bash
[0.721s] -- Installing: /home/zhous/ROS2/micros_ws/firmware/mcu_ws/install/rosidl_typesupport_interface/share/rosidl_typesupport_interface/local_setup.sh
[0.722s] -- Installing: /home/zhous/ROS2/micros_ws/firmware/mcu_ws/install/rosidl_typesupport_interface/share/rosidl_typesupport_interface/local_setup.zsh
[0.722s] -- Installing: /home/zhous/ROS2/micros_ws/firmware/mcu_ws/install/rosidl_typesupport_interface/share/ament_index/resource_index/packages/rosidl_typesupport_interface
[0.722s] -- Installing: /home/zhous/ROS2/micros_ws/firmware/mcu_ws/install/rosidl_typesupport_interface/share/rosidl_typesupport_interface/cmake/ament_cmake_export_include_directories-extras.cmake
[0.722s] -- Installing: /home/zhous/ROS2/micros_ws/firmware/mcu_ws/install/rosidl_typesupport_interface/share/rosidl_typesupport_interface/cmake/rosidl_typesupport_interfaceConfig.cmake
[0.722s] -- Installing: /home/zhous/ROS2/micros_ws/firmware/mcu_ws/install/rosidl_typesupport_interface/share/rosidl_typesupport_interface/cmake/rosidl_typesupport_interfaceConfig-version.cmake
[0.722s] -- Installing: /home/zhous/ROS2/micros_ws/firmware/mcu_ws/install/rosidl_typesupport_interface/share/rosidl_typesupport_interface/package.xml
[0.722s] -- Installing: /home/zhous/ROS2/micros_ws/firmware/mcu_ws/install/rosidl_typesupport_interface/include
[0.722s] -- Installing: /home/zhous/ROS2/micros_ws/firmware/mcu_ws/install/rosidl_typesupport_interface/include/rosidl_typesupport_interface
[0.722s] -- Installing: /home/zhous/ROS2/micros_ws/firmware/mcu_ws/install/rosidl_typesupport_interface/include/rosidl_typesupport_interface/macros.h
[0.723s] make[1]: Leaving directory '/home/zhous/ROS2/micros_ws/firmware/mcu_ws/build/rosidl_typesupport_interface'
[0.730s] Invoked command in '/home/zhous/ROS2/micros_ws/firmware/mcu_ws/build/rosidl_typesupport_interface' returned '0': CMAKE_PREFIX_PATH=${CMAKE_PREFIX_PATH}:/home/zhous/ROS2/micros_ws/firmware/dev_ws/install/ament_uncrustify:/home/zhous/ROS2/micros_ws/firmware/dev_ws/install/ament_xmllint:/home/zhous/ROS2/micros_ws/firmware/dev_ws/install/ament_pyflakes:/home/zhous/ROS2/micros_ws/firmware/dev_ws/install/ament_pep8:/home/zhous/ROS2/micros_ws/firmware/dev_ws/install/ament_pep257:/home/zhous/ROS2/micros_ws/firmware/dev_ws/install/ament_pclint:/home/zhous/ROS2/micros_ws/firmware/dev_ws/install/ament_package:/home/zhous/ROS2/micros_ws/firmware/dev_ws/install/ament_lint_cmake:/home/zhous/ROS2/micros_ws/firmware/dev_ws/install/ament_flake8:/home/zhous/ROS2/micros_ws/firmware/dev_ws/install/ament_copyright:/home/zhous/ROS2/micros_ws/firmware/dev_ws/install/ament_lint:/home/zhous/ROS2/micros_ws/firmware/dev_ws/install/ament_index_python:/home/zhous/ROS2/micros_ws/firmware/dev_ws/install/ament_cpplint:/home/zhous/ROS2/micros_ws/firmware/dev_ws/install/ament_cppcheck:/home/zhous/ROS2/micros_ws/firmware/dev_ws/install/ament_clang_tidy:/home/zhous/ROS2/micros_ws/firmware/dev_ws/install/ament_clang_format mytag_args= *.h -o -name *.c -o -name *.inc -o -name *.hpp -o -name *.cpp -o -name *.S -o -name *.s /usr/bin/cmake --build /home/zhous/ROS2/micros_ws/firmware/mcu_ws/build/rosidl_typesupport_interface --target install -- -j8 -l8
