Re-run cmake no build system arguments
-- The C compiler identification is GNU 9.2.1
-- Check for working C compiler: /home/zhous/ROS2/micros_ws/firmware/freertos_apps/microros_intel_A53Anony_extensions/../../toolchain/bin/aarch64-none-elf-gcc
-- Check for working C compiler: /home/zhous/ROS2/micros_ws/firmware/freertos_apps/microros_intel_A53Anony_extensions/../../toolchain/bin/aarch64-none-elf-gcc -- works
-- Detecting C compiler ABI info
-- Detecting C compiler ABI info - done
-- Detecting C compile features
-- Detecting C compile features - done
-- Found ament_cmake: 0.7.6 (/home/zhous/ROS2/micros_ws/firmware/dev_ws/install/ament_cmake/share/ament_cmake/cmake)
-- Found PythonInterp: /usr/bin/python3 (found suitable version "3.6.9", minimum required is "3") 
-- Using PYTHON_EXECUTABLE: /usr/bin/python3
-- Configuring done
-- Generating done
-- Build files have been written to: /home/zhous/ROS2/micros_ws/firmware/mcu_ws/build/rosidl_typesupport_microxrcedds_c
make[1]: Entering directory '/home/zhous/ROS2/micros_ws/firmware/mcu_ws/build/rosidl_typesupport_microxrcedds_c'
/usr/bin/cmake -H/home/zhous/ROS2/micros_ws/firmware/mcu_ws/uros/rosidl_typesupport_microxrcedds/rosidl_typesupport_microxrcedds_c -B/home/zhous/ROS2/micros_ws/firmware/mcu_ws/build/rosidl_typesupport_microxrcedds_c --check-build-system CMakeFiles/Makefile.cmake 0
/usr/bin/cmake -E cmake_progress_start /home/zhous/ROS2/micros_ws/firmware/mcu_ws/build/rosidl_typesupport_microxrcedds_c/CMakeFiles /home/zhous/ROS2/micros_ws/firmware/mcu_ws/build/rosidl_typesupport_microxrcedds_c/CMakeFiles/progress.marks
/usr/bin/make -f CMakeFiles/Makefile2 all
make[2]: Entering directory '/home/zhous/ROS2/micros_ws/firmware/mcu_ws/build/rosidl_typesupport_microxrcedds_c'
/usr/bin/make -f CMakeFiles/rosidl_typesupport_microxrcedds_c.dir/build.make CMakeFiles/rosidl_typesupport_microxrcedds_c.dir/depend
make[3]: Entering directory '/home/zhous/ROS2/micros_ws/firmware/mcu_ws/build/rosidl_typesupport_microxrcedds_c'
cd /home/zhous/ROS2/micros_ws/firmware/mcu_ws/build/rosidl_typesupport_microxrcedds_c && /usr/bin/cmake -E cmake_depends "Unix Makefiles" /home/zhous/ROS2/micros_ws/firmware/mcu_ws/uros/rosidl_typesupport_microxrcedds/rosidl_typesupport_microxrcedds_c /home/zhous/ROS2/micros_ws/firmware/mcu_ws/uros/rosidl_typesupport_microxrcedds/rosidl_typesupport_microxrcedds_c /home/zhous/ROS2/micros_ws/firmware/mcu_ws/build/rosidl_typesupport_microxrcedds_c /home/zhous/ROS2/micros_ws/firmware/mcu_ws/build/rosidl_typesupport_microxrcedds_c /home/zhous/ROS2/micros_ws/firmware/mcu_ws/build/rosidl_typesupport_microxrcedds_c/CMakeFiles/rosidl_typesupport_microxrcedds_c.dir/DependInfo.cmake --color=
Dependee "/home/zhous/ROS2/micros_ws/firmware/mcu_ws/build/rosidl_typesupport_microxrcedds_c/CMakeFiles/rosidl_typesupport_microxrcedds_c.dir/DependInfo.cmake" is newer than depender "/home/zhous/ROS2/micros_ws/firmware/mcu_ws/build/rosidl_typesupport_microxrcedds_c/CMakeFiles/rosidl_typesupport_microxrcedds_c.dir/depend.internal".
Dependee "/home/zhous/ROS2/micros_ws/firmware/mcu_ws/build/rosidl_typesupport_microxrcedds_c/CMakeFiles/CMakeDirectoryInformation.cmake" is newer than depender "/home/zhous/ROS2/micros_ws/firmware/mcu_ws/build/rosidl_typesupport_microxrcedds_c/CMakeFiles/rosidl_typesupport_microxrcedds_c.dir/depend.internal".
[35m[1mScanning dependencies of target rosidl_typesupport_microxrcedds_c[0m
make[3]: Leaving directory '/home/zhous/ROS2/micros_ws/firmware/mcu_ws/build/rosidl_typesupport_microxrcedds_c'
/usr/bin/make -f CMakeFiles/rosidl_typesupport_microxrcedds_c.dir/build.make CMakeFiles/rosidl_typesupport_microxrcedds_c.dir/build
make[3]: Entering directory '/home/zhous/ROS2/micros_ws/firmware/mcu_ws/build/rosidl_typesupport_microxrcedds_c'
[ 33%] [32mBuilding C object CMakeFiles/rosidl_typesupport_microxrcedds_c.dir/src/identifier.c.obj[0m
/home/zhous/ROS2/micros_ws/firmware/freertos_apps/microros_intel_A53Anony_extensions/../../toolchain/bin/aarch64-none-elf-gcc --sysroot=/home/zhous/ROS2/micros_ws/firmware/freertos_apps/microros_intel_A53Anony_extensions/../..  -isystem /home/zhous/ROS2/micros_ws/firmware/freertos_apps/microros_intel_A53Anony_extensions/include -isystem /home/zhous/ROS2/micros_ws/firmware/freertos_apps/microros_intel_A53Anony_extensions/include/private -isystem /home/zhous/ROS2/micros_ws/firmware/freertos_apps/microros_intel_A53Anony_extensions/include/FreeRTOS_POSIX -isystem /home/zhous/ROS2/micros_ws/firmware/freertos_apps/microros_intel_A53Anony_extensions/FreeRTOS-Plus-POSIX/include -isystem /home/zhous/ROS2/micros_ws/firmware/freertos_apps/microros_intel_A53Anony_extensions/include/FreeRTOS_POSIX/sys -isystem /home/zhous/A53Anony/uros/os/freertos/os_shared/include -isystem /home/zhous/A53Anony/uros/os/freertos/os_shared/core/include -isystem /home/zhous/A53Anony/uros/os/freertos/FreeRTOS/Source/include -isystem /home/zhous/A53Anony/uros/os/freertos/Boards/A53Anony/freertos-smp -isystem /home/zhous/A53Anony/uros/os/freertos/Boards/A53Anony/freertos-smp/include -isystem /home/zhous/A53Anony/uros/os/freertos/Boards/A53Anony/freertos-smp/portable/include -isystem /home/zhous/A53Anony/uros/os/freertos/Boards/A53Anony/drivers -isystem /home/zhous/A53Anony/uros/os/freertos/Boards/A53Anony/drivers/delay_timer -isystem /home/zhous/A53Anony/uros/os/freertos/Boards/A53Anony/drivers/ehu -isystem /home/zhous/A53Anony/uros/os/freertos/Boards/A53Anony/drivers/gic -isystem /home/zhous/A53Anony/uros/os/freertos/Boards/A53Anony/drivers/hal -isystem /home/zhous/A53Anony/uros/os/freertos/Boards/A53Anony/drivers/A53Anony -isystem /home/zhous/A53Anony/uros/os/freertos/Boards/A53Anony/drivers/include -isystem /home/zhous/A53Anony/uros/os/freertos/Boards/A53Anony/drivers/mmu -isystem /home/zhous/A53Anony/uros/os/freertos/Boards/A53Anony/drivers/perf_pmu -isystem /home/zhous/A53Anony/uros/os/freertos/Boards/A53Anony/drivers/uart -isystem /home/zhous/A53Anony/uros/os/freertos/Boards/A53Anony/drivers/wdt -isystem /home/zhous/A53Anony/uros/os/freertos/Boards/A53Anony/heaps -isystem /home/zhous/A53Anony/uros/os/freertos/Boards/A53Anony/include -isystem /home/zhous/A53Anony/uros/os/freertos/Boards/A53Anony/rtos_support/include -isystem /home/zhous/A53Anony/uros/os/freertos/Boards/A53Anony/tests/benchmarks -isystem /home/zhous/A53Anony/uros/os/freertos/Boards/A53Anony/tests/freertos-test/include -isystem /home/zhous/A53Anony/uros/os/freertos/Boards/A53Anony/third-party -isystem /home/zhous/A53Anony/uros/os/freertos/Boards/A53Anony/third-party/benchmark/include -isystem /home/zhous/A53Anony/uros/os/freertos/Boards/A53Anony/third-party/console -isystem /home/zhous/A53Anony/uros/os/freertos/Boards/A53Anony/third-party/debug -isystem /home/zhous/A53Anony/uros/os/freertos/FreeRTOS-Posix/FreeRTOS-Plus-POSIX/include -isystem /home/zhous/A53Anony/uros/os/freertos/FreeRTOS-Posix/FreeRTOS-Plus-POSIX/include/portable -isystem /home/zhous/A53Anony/uros/os/freertos/FreeRTOS-Posix/FreeRTOS-Plus-POSIX/include/portable/intel/A53Anony -isystem /home/zhous/A53Anony/uros/io/ethernet -isystem /home/zhous/A53Anony/uros/io/ethernet/eqos -isystem /home/zhous/A53Anony/uros/io/ethernet/include -isystem /home/zhous/A53Anony/uros/io/ethernet/include/freertos -isystem /home/zhous/A53Anony/uros/io/ethernet/phy -isystem /home/zhous/A53Anony/uros/os/freertos/FreeRTOS-Plus/Source/FreeRTOS-Plus-TCP/include -isystem /home/zhous/A53Anony/uros/os/freertos/FreeRTOS-Plus/Source/FreeRTOS-Plus-TCP/portable/Compiler/GCC -isystem /home/zhous/A53Anony/uros/runtime/ert_cxx/include -isystem /home/zhous/A53Anony/uros/runtime/libc/include -isystem /home/zhous/A53Anony/uros/runtime/libc/include/sys -isystem /home/zhous/A53Anony/uros/runtime/libc/include/aarch64 -isystem /home/zhous/A53Anony/uros/runtime/libc/src/math -isystem /home/zhous/A53Anony/uros/runtime/libcxx/include -isystem /home/zhous/A53Anony/uros/runtime/osal/include -isystem /home/zhous/A53Anony/uros/common/cbm/include -isystem /home/zhous/A53Anony/uros/common/component_base/interface -isystem /home/zhous/A53Anony/uros/common/drv_utils/include -isystem /home/zhous/A53Anony/uros/common/kosal/interface -isystem /home/zhous/A53Anony/uros/common/mef/include -isystem /home/zhous/A53Anony/uros/common/pm/include -isystem /home/zhous/A53Anony/uros/common/socket/include -isystem /home/zhous/A53Anony/uros/common/top_pbk/include -isystem /home/zhous/A53Anony/uros/common/trace_log/include -I/home/zhous/ROS2/micros_ws/firmware/mcu_ws/uros/rosidl_typesupport_microxrcedds/rosidl_typesupport_microxrcedds_c/include  -std=c99 -mcpu=cortex-a53 -fno-exceptions -fno-non-call-exceptions   -g -O0 -DFREERTOS -DGUEST -DBOARD_A53Anony=1 -DPLAT_A53Anony -DBUILD_RVP -DBOOT_FW_FROM_SRAM -DENABLE_MMU -DBUILD_UNITY -DBUILD_ETH -DNETWORK_UTILS -DNET_AUTOLOAD -DBUILD_DM -DBUILD_SYSM -DFOOTPRINT_TEST  -nostdinc -fno-builtin -Wall -fdata-sections -ffunction-sections -g   -Wall -Wextra -Wpedantic -std=gnu99 -o CMakeFiles/rosidl_typesupport_microxrcedds_c.dir/src/identifier.c.obj   -c /home/zhous/ROS2/micros_ws/firmware/mcu_ws/uros/rosidl_typesupport_microxrcedds/rosidl_typesupport_microxrcedds_c/src/identifier.c
[ 66%] [32mBuilding C object CMakeFiles/rosidl_typesupport_microxrcedds_c.dir/src/deserialize_buffer_utility.c.obj[0m
/home/zhous/ROS2/micros_ws/firmware/freertos_apps/microros_intel_A53Anony_extensions/../../toolchain/bin/aarch64-none-elf-gcc --sysroot=/home/zhous/ROS2/micros_ws/firmware/freertos_apps/microros_intel_A53Anony_extensions/../..  -isystem /home/zhous/ROS2/micros_ws/firmware/freertos_apps/microros_intel_A53Anony_extensions/include -isystem /home/zhous/ROS2/micros_ws/firmware/freertos_apps/microros_intel_A53Anony_extensions/include/private -isystem /home/zhous/ROS2/micros_ws/firmware/freertos_apps/microros_intel_A53Anony_extensions/include/FreeRTOS_POSIX -isystem /home/zhous/ROS2/micros_ws/firmware/freertos_apps/microros_intel_A53Anony_extensions/FreeRTOS-Plus-POSIX/include -isystem /home/zhous/ROS2/micros_ws/firmware/freertos_apps/microros_intel_A53Anony_extensions/include/FreeRTOS_POSIX/sys -isystem /home/zhous/A53Anony/uros/os/freertos/os_shared/include -isystem /home/zhous/A53Anony/uros/os/freertos/os_shared/core/include -isystem /home/zhous/A53Anony/uros/os/freertos/FreeRTOS/Source/include -isystem /home/zhous/A53Anony/uros/os/freertos/Boards/A53Anony/freertos-smp -isystem /home/zhous/A53Anony/uros/os/freertos/Boards/A53Anony/freertos-smp/include -isystem /home/zhous/A53Anony/uros/os/freertos/Boards/A53Anony/freertos-smp/portable/include -isystem /home/zhous/A53Anony/uros/os/freertos/Boards/A53Anony/drivers -isystem /home/zhous/A53Anony/uros/os/freertos/Boards/A53Anony/drivers/delay_timer -isystem /home/zhous/A53Anony/uros/os/freertos/Boards/A53Anony/drivers/ehu -isystem /home/zhous/A53Anony/uros/os/freertos/Boards/A53Anony/drivers/gic -isystem /home/zhous/A53Anony/uros/os/freertos/Boards/A53Anony/drivers/hal -isystem /home/zhous/A53Anony/uros/os/freertos/Boards/A53Anony/drivers/A53Anony -isystem /home/zhous/A53Anony/uros/os/freertos/Boards/A53Anony/drivers/include -isystem /home/zhous/A53Anony/uros/os/freertos/Boards/A53Anony/drivers/mmu -isystem /home/zhous/A53Anony/uros/os/freertos/Boards/A53Anony/drivers/perf_pmu -isystem /home/zhous/A53Anony/uros/os/freertos/Boards/A53Anony/drivers/uart -isystem /home/zhous/A53Anony/uros/os/freertos/Boards/A53Anony/drivers/wdt -isystem /home/zhous/A53Anony/uros/os/freertos/Boards/A53Anony/heaps -isystem /home/zhous/A53Anony/uros/os/freertos/Boards/A53Anony/include -isystem /home/zhous/A53Anony/uros/os/freertos/Boards/A53Anony/rtos_support/include -isystem /home/zhous/A53Anony/uros/os/freertos/Boards/A53Anony/tests/benchmarks -isystem /home/zhous/A53Anony/uros/os/freertos/Boards/A53Anony/tests/freertos-test/include -isystem /home/zhous/A53Anony/uros/os/freertos/Boards/A53Anony/third-party -isystem /home/zhous/A53Anony/uros/os/freertos/Boards/A53Anony/third-party/benchmark/include -isystem /home/zhous/A53Anony/uros/os/freertos/Boards/A53Anony/third-party/console -isystem /home/zhous/A53Anony/uros/os/freertos/Boards/A53Anony/third-party/debug -isystem /home/zhous/A53Anony/uros/os/freertos/FreeRTOS-Posix/FreeRTOS-Plus-POSIX/include -isystem /home/zhous/A53Anony/uros/os/freertos/FreeRTOS-Posix/FreeRTOS-Plus-POSIX/include/portable -isystem /home/zhous/A53Anony/uros/os/freertos/FreeRTOS-Posix/FreeRTOS-Plus-POSIX/include/portable/intel/A53Anony -isystem /home/zhous/A53Anony/uros/io/ethernet -isystem /home/zhous/A53Anony/uros/io/ethernet/eqos -isystem /home/zhous/A53Anony/uros/io/ethernet/include -isystem /home/zhous/A53Anony/uros/io/ethernet/include/freertos -isystem /home/zhous/A53Anony/uros/io/ethernet/phy -isystem /home/zhous/A53Anony/uros/os/freertos/FreeRTOS-Plus/Source/FreeRTOS-Plus-TCP/include -isystem /home/zhous/A53Anony/uros/os/freertos/FreeRTOS-Plus/Source/FreeRTOS-Plus-TCP/portable/Compiler/GCC -isystem /home/zhous/A53Anony/uros/runtime/ert_cxx/include -isystem /home/zhous/A53Anony/uros/runtime/libc/include -isystem /home/zhous/A53Anony/uros/runtime/libc/include/sys -isystem /home/zhous/A53Anony/uros/runtime/libc/include/aarch64 -isystem /home/zhous/A53Anony/uros/runtime/libc/src/math -isystem /home/zhous/A53Anony/uros/runtime/libcxx/include -isystem /home/zhous/A53Anony/uros/runtime/osal/include -isystem /home/zhous/A53Anony/uros/common/cbm/include -isystem /home/zhous/A53Anony/uros/common/component_base/interface -isystem /home/zhous/A53Anony/uros/common/drv_utils/include -isystem /home/zhous/A53Anony/uros/common/kosal/interface -isystem /home/zhous/A53Anony/uros/common/mef/include -isystem /home/zhous/A53Anony/uros/common/pm/include -isystem /home/zhous/A53Anony/uros/common/socket/include -isystem /home/zhous/A53Anony/uros/common/top_pbk/include -isystem /home/zhous/A53Anony/uros/common/trace_log/include -I/home/zhous/ROS2/micros_ws/firmware/mcu_ws/uros/rosidl_typesupport_microxrcedds/rosidl_typesupport_microxrcedds_c/include  -std=c99 -mcpu=cortex-a53 -fno-exceptions -fno-non-call-exceptions   -g -O0 -DFREERTOS -DGUEST -DBOARD_A53Anony=1 -DPLAT_A53Anony -DBUILD_RVP -DBOOT_FW_FROM_SRAM -DENABLE_MMU -DBUILD_UNITY -DBUILD_ETH -DNETWORK_UTILS -DNET_AUTOLOAD -DBUILD_DM -DBUILD_SYSM -DFOOTPRINT_TEST  -nostdinc -fno-builtin -Wall -fdata-sections -ffunction-sections -g   -Wall -Wextra -Wpedantic -std=gnu99 -o CMakeFiles/rosidl_typesupport_microxrcedds_c.dir/src/deserialize_buffer_utility.c.obj   -c /home/zhous/ROS2/micros_ws/firmware/mcu_ws/uros/rosidl_typesupport_microxrcedds/rosidl_typesupport_microxrcedds_c/src/deserialize_buffer_utility.c
[100%] [32m[1mLinking C static library librosidl_typesupport_microxrcedds_c.a[0m
/usr/bin/cmake -P CMakeFiles/rosidl_typesupport_microxrcedds_c.dir/cmake_clean_target.cmake
/usr/bin/cmake -E cmake_link_script CMakeFiles/rosidl_typesupport_microxrcedds_c.dir/link.txt --verbose=1
/home/zhous/ROS2/micros_ws/firmware/toolchain/bin/aarch64-none-elf-ar qc librosidl_typesupport_microxrcedds_c.a  CMakeFiles/rosidl_typesupport_microxrcedds_c.dir/src/identifier.c.obj CMakeFiles/rosidl_typesupport_microxrcedds_c.dir/src/deserialize_buffer_utility.c.obj
/home/zhous/ROS2/micros_ws/firmware/toolchain/bin/aarch64-none-elf-ranlib librosidl_typesupport_microxrcedds_c.a
make[3]: Leaving directory '/home/zhous/ROS2/micros_ws/firmware/mcu_ws/build/rosidl_typesupport_microxrcedds_c'
[100%] Built target rosidl_typesupport_microxrcedds_c
make[2]: Leaving directory '/home/zhous/ROS2/micros_ws/firmware/mcu_ws/build/rosidl_typesupport_microxrcedds_c'
/usr/bin/cmake -E cmake_progress_start /home/zhous/ROS2/micros_ws/firmware/mcu_ws/build/rosidl_typesupport_microxrcedds_c/CMakeFiles 0
make[1]: Leaving directory '/home/zhous/ROS2/micros_ws/firmware/mcu_ws/build/rosidl_typesupport_microxrcedds_c'
make[1]: Entering directory '/home/zhous/ROS2/micros_ws/firmware/mcu_ws/build/rosidl_typesupport_microxrcedds_c'
/usr/bin/cmake -H/home/zhous/ROS2/micros_ws/firmware/mcu_ws/uros/rosidl_typesupport_microxrcedds/rosidl_typesupport_microxrcedds_c -B/home/zhous/ROS2/micros_ws/firmware/mcu_ws/build/rosidl_typesupport_microxrcedds_c --check-build-system CMakeFiles/Makefile.cmake 0
/usr/bin/cmake -E cmake_progress_start /home/zhous/ROS2/micros_ws/firmware/mcu_ws/build/rosidl_typesupport_microxrcedds_c/CMakeFiles /home/zhous/ROS2/micros_ws/firmware/mcu_ws/build/rosidl_typesupport_microxrcedds_c/CMakeFiles/progress.marks
/usr/bin/make -f CMakeFiles/Makefile2 all
make[2]: Entering directory '/home/zhous/ROS2/micros_ws/firmware/mcu_ws/build/rosidl_typesupport_microxrcedds_c'
/usr/bin/make -f CMakeFiles/rosidl_typesupport_microxrcedds_c.dir/build.make CMakeFiles/rosidl_typesupport_microxrcedds_c.dir/depend
make[3]: Entering directory '/home/zhous/ROS2/micros_ws/firmware/mcu_ws/build/rosidl_typesupport_microxrcedds_c'
cd /home/zhous/ROS2/micros_ws/firmware/mcu_ws/build/rosidl_typesupport_microxrcedds_c && /usr/bin/cmake -E cmake_depends "Unix Makefiles" /home/zhous/ROS2/micros_ws/firmware/mcu_ws/uros/rosidl_typesupport_microxrcedds/rosidl_typesupport_microxrcedds_c /home/zhous/ROS2/micros_ws/firmware/mcu_ws/uros/rosidl_typesupport_microxrcedds/rosidl_typesupport_microxrcedds_c /home/zhous/ROS2/micros_ws/firmware/mcu_ws/build/rosidl_typesupport_microxrcedds_c /home/zhous/ROS2/micros_ws/firmware/mcu_ws/build/rosidl_typesupport_microxrcedds_c /home/zhous/ROS2/micros_ws/firmware/mcu_ws/build/rosidl_typesupport_microxrcedds_c/CMakeFiles/rosidl_typesupport_microxrcedds_c.dir/DependInfo.cmake --color=
make[3]: Leaving directory '/home/zhous/ROS2/micros_ws/firmware/mcu_ws/build/rosidl_typesupport_microxrcedds_c'
/usr/bin/make -f CMakeFiles/rosidl_typesupport_microxrcedds_c.dir/build.make CMakeFiles/rosidl_typesupport_microxrcedds_c.dir/build
make[3]: Entering directory '/home/zhous/ROS2/micros_ws/firmware/mcu_ws/build/rosidl_typesupport_microxrcedds_c'
make[3]: Nothing to be done for 'CMakeFiles/rosidl_typesupport_microxrcedds_c.dir/build'.
make[3]: Leaving directory '/home/zhous/ROS2/micros_ws/firmware/mcu_ws/build/rosidl_typesupport_microxrcedds_c'
[100%] Built target rosidl_typesupport_microxrcedds_c
make[2]: Leaving directory '/home/zhous/ROS2/micros_ws/firmware/mcu_ws/build/rosidl_typesupport_microxrcedds_c'
/usr/bin/cmake -E cmake_progress_start /home/zhous/ROS2/micros_ws/firmware/mcu_ws/build/rosidl_typesupport_microxrcedds_c/CMakeFiles 0
/usr/bin/make -f CMakeFiles/Makefile2 preinstall
make[2]: Entering directory '/home/zhous/ROS2/micros_ws/firmware/mcu_ws/build/rosidl_typesupport_microxrcedds_c'
make[2]: Nothing to be done for 'preinstall'.
make[2]: Leaving directory '/home/zhous/ROS2/micros_ws/firmware/mcu_ws/build/rosidl_typesupport_microxrcedds_c'
[36mInstall the project...[0m
/usr/bin/cmake -P cmake_install.cmake
-- Install configuration: "Debug"
-- Installing: /home/zhous/ROS2/micros_ws/firmware/mcu_ws/install/rosidl_typesupport_microxrcedds_c/share/rosidl_typesupport_microxrcedds_c/environment/pythonpath.sh
-- Installing: /home/zhous/ROS2/micros_ws/firmware/mcu_ws/install/rosidl_typesupport_microxrcedds_c/lib/python3.6/site-packages/rosidl_typesupport_microxrcedds_c
-- Installing: /home/zhous/ROS2/micros_ws/firmware/mcu_ws/install/rosidl_typesupport_microxrcedds_c/lib/python3.6/site-packages/rosidl_typesupport_microxrcedds_c/__init__.py
Listing '/home/zhous/ROS2/micros_ws/firmware/mcu_ws/install/rosidl_typesupport_microxrcedds_c/lib/python3.6/site-packages/rosidl_typesupport_microxrcedds_c'...
Compiling '/home/zhous/ROS2/micros_ws/firmware/mcu_ws/install/rosidl_typesupport_microxrcedds_c/lib/python3.6/site-packages/rosidl_typesupport_microxrcedds_c/__init__.py'...
-- Installing: /home/zhous/ROS2/micros_ws/firmware/mcu_ws/install/rosidl_typesupport_microxrcedds_c/share/rosidl_typesupport_microxrcedds_c/environment/library_path.sh
-- Installing: /home/zhous/ROS2/micros_ws/firmware/mcu_ws/install/rosidl_typesupport_microxrcedds_c/share/ament_index/resource_index/rosidl_typesupport_c/rosidl_typesupport_microxrcedds_c
-- Installing: /home/zhous/ROS2/micros_ws/firmware/mcu_ws/install/rosidl_typesupport_microxrcedds_c/share/ament_index/resource_index/package_run_dependencies/rosidl_typesupport_microxrcedds_c
-- Installing: /home/zhous/ROS2/micros_ws/firmware/mcu_ws/install/rosidl_typesupport_microxrcedds_c/share/ament_index/resource_index/parent_prefix_path/rosidl_typesupport_microxrcedds_c
-- Installing: /home/zhous/ROS2/micros_ws/firmware/mcu_ws/install/rosidl_typesupport_microxrcedds_c/share/rosidl_typesupport_microxrcedds_c/environment/ament_prefix_path.sh
-- Installing: /home/zhous/ROS2/micros_ws/firmware/mcu_ws/install/rosidl_typesupport_microxrcedds_c/share/rosidl_typesupport_microxrcedds_c/environment/path.sh
-- Installing: /home/zhous/ROS2/micros_ws/firmware/mcu_ws/install/rosidl_typesupport_microxrcedds_c/share/rosidl_typesupport_microxrcedds_c/local_setup.bash
-- Installing: /home/zhous/ROS2/micros_ws/firmware/mcu_ws/install/rosidl_typesupport_microxrcedds_c/share/rosidl_typesupport_microxrcedds_c/local_setup.sh
-- Installing: /home/zhous/ROS2/micros_ws/firmware/mcu_ws/install/rosidl_typesupport_microxrcedds_c/share/rosidl_typesupport_microxrcedds_c/local_setup.zsh
-- Installing: /home/zhous/ROS2/micros_ws/firmware/mcu_ws/install/rosidl_typesupport_microxrcedds_c/share/ament_index/resource_index/packages/rosidl_typesupport_microxrcedds_c
-- Installing: /home/zhous/ROS2/micros_ws/firmware/mcu_ws/install/rosidl_typesupport_microxrcedds_c/share/rosidl_typesupport_microxrcedds_c/cmake/rosidl_typesupport_microxrcedds_c-extras.cmake
-- Installing: /home/zhous/ROS2/micros_ws/firmware/mcu_ws/install/rosidl_typesupport_microxrcedds_c/share/rosidl_typesupport_microxrcedds_c/cmake/ament_cmake_export_dependencies-extras.cmake
-- Installing: /home/zhous/ROS2/micros_ws/firmware/mcu_ws/install/rosidl_typesupport_microxrcedds_c/share/rosidl_typesupport_microxrcedds_c/cmake/ament_cmake_export_include_directories-extras.cmake
-- Installing: /home/zhous/ROS2/micros_ws/firmware/mcu_ws/install/rosidl_typesupport_microxrcedds_c/share/rosidl_typesupport_microxrcedds_c/cmake/ament_cmake_export_libraries-extras.cmake
-- Installing: /home/zhous/ROS2/micros_ws/firmware/mcu_ws/install/rosidl_typesupport_microxrcedds_c/share/rosidl_typesupport_microxrcedds_c/cmake/rosidl_typesupport_microxrcedds_cConfig.cmake
-- Installing: /home/zhous/ROS2/micros_ws/firmware/mcu_ws/install/rosidl_typesupport_microxrcedds_c/share/rosidl_typesupport_microxrcedds_c/cmake/rosidl_typesupport_microxrcedds_cConfig-version.cmake
-- Installing: /home/zhous/ROS2/micros_ws/firmware/mcu_ws/install/rosidl_typesupport_microxrcedds_c/share/rosidl_typesupport_microxrcedds_c/package.xml
-- Installing: /home/zhous/ROS2/micros_ws/firmware/mcu_ws/install/rosidl_typesupport_microxrcedds_c/lib/rosidl_typesupport_microxrcedds_c/rosidl_typesupport_microxrcedds_c
-- Up-to-date: /home/zhous/ROS2/micros_ws/firmware/mcu_ws/install/rosidl_typesupport_microxrcedds_c/share/rosidl_typesupport_microxrcedds_c/cmake
-- Installing: /home/zhous/ROS2/micros_ws/firmware/mcu_ws/install/rosidl_typesupport_microxrcedds_c/share/rosidl_typesupport_microxrcedds_c/cmake/rosidl_typesupport_microxrcedds_c_generate_interfaces.cmake
-- Installing: /home/zhous/ROS2/micros_ws/firmware/mcu_ws/install/rosidl_typesupport_microxrcedds_c/share/rosidl_typesupport_microxrcedds_c/resource
-- Installing: /home/zhous/ROS2/micros_ws/firmware/mcu_ws/install/rosidl_typesupport_microxrcedds_c/share/rosidl_typesupport_microxrcedds_c/resource/idl__rosidl_typesupport_microxrcedds_c.h.em
-- Installing: /home/zhous/ROS2/micros_ws/firmware/mcu_ws/install/rosidl_typesupport_microxrcedds_c/share/rosidl_typesupport_microxrcedds_c/resource/msg__type_support_c.c.em
-- Installing: /home/zhous/ROS2/micros_ws/firmware/mcu_ws/install/rosidl_typesupport_microxrcedds_c/share/rosidl_typesupport_microxrcedds_c/resource/rosidl_typesupport_microxrcedds_c__visibility_control.h.in
-- Installing: /home/zhous/ROS2/micros_ws/firmware/mcu_ws/install/rosidl_typesupport_microxrcedds_c/share/rosidl_typesupport_microxrcedds_c/resource/srv__type_support_c.c.em
-- Installing: /home/zhous/ROS2/micros_ws/firmware/mcu_ws/install/rosidl_typesupport_microxrcedds_c/share/rosidl_typesupport_microxrcedds_c/resource/srv__rosidl_typesupport_microxrcedds_c.h.em
-- Installing: /home/zhous/ROS2/micros_ws/firmware/mcu_ws/install/rosidl_typesupport_microxrcedds_c/share/rosidl_typesupport_microxrcedds_c/resource/idl__type_support_c.c.em
-- Installing: /home/zhous/ROS2/micros_ws/firmware/mcu_ws/install/rosidl_typesupport_microxrcedds_c/share/rosidl_typesupport_microxrcedds_c/resource/msg__rosidl_typesupport_microxrcedds_c.h.em
-- Installing: /home/zhous/ROS2/micros_ws/firmware/mcu_ws/install/rosidl_typesupport_microxrcedds_c/include
-- Installing: /home/zhous/ROS2/micros_ws/firmware/mcu_ws/install/rosidl_typesupport_microxrcedds_c/include/rosidl_typesupport_microxrcedds_c
-- Installing: /home/zhous/ROS2/micros_ws/firmware/mcu_ws/install/rosidl_typesupport_microxrcedds_c/include/rosidl_typesupport_microxrcedds_c/visibility_control.h
-- Installing: /home/zhous/ROS2/micros_ws/firmware/mcu_ws/install/rosidl_typesupport_microxrcedds_c/include/rosidl_typesupport_microxrcedds_c/deserialize_buffer_utility.h
-- Installing: /home/zhous/ROS2/micros_ws/firmware/mcu_ws/install/rosidl_typesupport_microxrcedds_c/include/rosidl_typesupport_microxrcedds_c/identifier.h
-- Installing: /home/zhous/ROS2/micros_ws/firmware/mcu_ws/install/rosidl_typesupport_microxrcedds_c/include/rosidl_typesupport_microxrcedds_c/service_type_support.h
-- Installing: /home/zhous/ROS2/micros_ws/firmware/mcu_ws/install/rosidl_typesupport_microxrcedds_c/include/rosidl_typesupport_microxrcedds_c/message_type_support.h
-- Installing: /home/zhous/ROS2/micros_ws/firmware/mcu_ws/install/rosidl_typesupport_microxrcedds_c/lib/librosidl_typesupport_microxrcedds_c.a
make[1]: Leaving directory '/home/zhous/ROS2/micros_ws/firmware/mcu_ws/build/rosidl_typesupport_microxrcedds_c'
