[0.083s] Invoking command in '/home/zhous/ROS2/micros_ws/firmware/mcu_ws/build/tinydir_vendor': CMAKE_PREFIX_PATH=${CMAKE_PREFIX_PATH}:/home/zhous/ROS2/micros_ws/firmware/dev_ws/install/ament_uncrustify:/home/zhous/ROS2/micros_ws/firmware/dev_ws/install/ament_xmllint:/home/zhous/ROS2/micros_ws/firmware/dev_ws/install/ament_pyflakes:/home/zhous/ROS2/micros_ws/firmware/dev_ws/install/ament_pep8:/home/zhous/ROS2/micros_ws/firmware/dev_ws/install/ament_pep257:/home/zhous/ROS2/micros_ws/firmware/dev_ws/install/ament_pclint:/home/zhous/ROS2/micros_ws/firmware/dev_ws/install/ament_package:/home/zhous/ROS2/micros_ws/firmware/dev_ws/install/ament_lint_cmake:/home/zhous/ROS2/micros_ws/firmware/dev_ws/install/ament_flake8:/home/zhous/ROS2/micros_ws/firmware/dev_ws/install/ament_copyright:/home/zhous/ROS2/micros_ws/firmware/dev_ws/install/ament_lint:/home/zhous/ROS2/micros_ws/firmware/dev_ws/install/ament_index_python:/home/zhous/ROS2/micros_ws/firmware/dev_ws/install/ament_cpplint:/home/zhous/ROS2/micros_ws/firmware/dev_ws/install/ament_cppcheck:/home/zhous/ROS2/micros_ws/firmware/dev_ws/install/ament_clang_tidy:/home/zhous/ROS2/micros_ws/firmware/dev_ws/install/ament_clang_format mytag_args= *.h -o -name *.c -o -name *.inc -o -name *.hpp -o -name *.cpp -o -name *.S -o -name *.s /usr/bin/cmake /home/zhous/ROS2/micros_ws/firmware/mcu_ws/ros2/tinydir_vendor -DCMAKE_POSITION_INDEPENDENT_CODE=OFF -DTHIRDPARTY=ON -DBUILD_SHARED_LIBS=OFF -DBUILD_TESTING=OFF -DCMAKE_BUILD_TYPE=Debug -DCMAKE_TOOLCHAIN_FILE=/home/zhous/ROS2/micros_ws/firmware/freertos_apps/microros_intel_A53Anony_extensions/arm_toolchain.cmake -DCMAKE_VERBOSE_MAKEFILE=ON -DCMAKE_INSTALL_PREFIX=/home/zhous/ROS2/micros_ws/firmware/mcu_ws/install/tinydir_vendor
[0.155s] Re-run cmake no build system arguments
[0.173s] -- The C compiler identification is GNU 9.2.1
[0.263s] -- The CXX compiler identification is GNU 9.2.1
[0.270s] -- Check for working C compiler: /home/zhous/ROS2/micros_ws/firmware/freertos_apps/microros_intel_A53Anony_extensions/../../toolchain/bin/aarch64-none-elf-gcc
[0.353s] -- Check for working C compiler: /home/zhous/ROS2/micros_ws/firmware/freertos_apps/microros_intel_A53Anony_extensions/../../toolchain/bin/aarch64-none-elf-gcc -- works
[0.354s] -- Detecting C compiler ABI info
[0.448s] -- Detecting C compiler ABI info - done
[0.449s] -- Detecting C compile features
[0.731s] -- Detecting C compile features - done
[0.731s] -- Check for working CXX compiler: /home/zhous/ROS2/micros_ws/firmware/freertos_apps/microros_intel_A53Anony_extensions/../../toolchain/bin/aarch64-none-elf-g++
[0.842s] -- Check for working CXX compiler: /home/zhous/ROS2/micros_ws/firmware/freertos_apps/microros_intel_A53Anony_extensions/../../toolchain/bin/aarch64-none-elf-g++ -- works
[0.842s] -- Detecting CXX compiler ABI info
[0.880s] -- Detecting CXX compiler ABI info - done
[0.881s] -- Detecting CXX compile features
[1.172s] -- Detecting CXX compile features - done
[1.242s] -- Found PythonInterp: /usr/bin/python3 (found suitable version "3.6.9", minimum required is "3") 
[1.243s] -- Using PYTHON_EXECUTABLE: /usr/bin/python3
[1.441s] -- Configuring done
[1.445s] -- Generating done
[1.446s] CMake Warning:
[1.446s]   Manually-specified variables were not used by the project:
[1.447s] 
[1.447s]     BUILD_SHARED_LIBS
[1.447s]     THIRDPARTY
[1.447s] 
[1.447s] 
[1.447s] -- Build files have been written to: /home/zhous/ROS2/micros_ws/firmware/mcu_ws/build/tinydir_vendor
[1.454s] Invoked command in '/home/zhous/ROS2/micros_ws/firmware/mcu_ws/build/tinydir_vendor' returned '0': CMAKE_PREFIX_PATH=${CMAKE_PREFIX_PATH}:/home/zhous/ROS2/micros_ws/firmware/dev_ws/install/ament_uncrustify:/home/zhous/ROS2/micros_ws/firmware/dev_ws/install/ament_xmllint:/home/zhous/ROS2/micros_ws/firmware/dev_ws/install/ament_pyflakes:/home/zhous/ROS2/micros_ws/firmware/dev_ws/install/ament_pep8:/home/zhous/ROS2/micros_ws/firmware/dev_ws/install/ament_pep257:/home/zhous/ROS2/micros_ws/firmware/dev_ws/install/ament_pclint:/home/zhous/ROS2/micros_ws/firmware/dev_ws/install/ament_package:/home/zhous/ROS2/micros_ws/firmware/dev_ws/install/ament_lint_cmake:/home/zhous/ROS2/micros_ws/firmware/dev_ws/install/ament_flake8:/home/zhous/ROS2/micros_ws/firmware/dev_ws/install/ament_copyright:/home/zhous/ROS2/micros_ws/firmware/dev_ws/install/ament_lint:/home/zhous/ROS2/micros_ws/firmware/dev_ws/install/ament_index_python:/home/zhous/ROS2/micros_ws/firmware/dev_ws/install/ament_cpplint:/home/zhous/ROS2/micros_ws/firmware/dev_ws/install/ament_cppcheck:/home/zhous/ROS2/micros_ws/firmware/dev_ws/install/ament_clang_tidy:/home/zhous/ROS2/micros_ws/firmware/dev_ws/install/ament_clang_format mytag_args= *.h -o -name *.c -o -name *.inc -o -name *.hpp -o -name *.cpp -o -name *.S -o -name *.s /usr/bin/cmake /home/zhous/ROS2/micros_ws/firmware/mcu_ws/ros2/tinydir_vendor -DCMAKE_POSITION_INDEPENDENT_CODE=OFF -DTHIRDPARTY=ON -DBUILD_SHARED_LIBS=OFF -DBUILD_TESTING=OFF -DCMAKE_BUILD_TYPE=Debug -DCMAKE_TOOLCHAIN_FILE=/home/zhous/ROS2/micros_ws/firmware/freertos_apps/microros_intel_A53Anony_extensions/arm_toolchain.cmake -DCMAKE_VERBOSE_MAKEFILE=ON -DCMAKE_INSTALL_PREFIX=/home/zhous/ROS2/micros_ws/firmware/mcu_ws/install/tinydir_vendor
[1.456s] Invoking command in '/home/zhous/ROS2/micros_ws/firmware/mcu_ws/build/tinydir_vendor': CMAKE_PREFIX_PATH=${CMAKE_PREFIX_PATH}:/home/zhous/ROS2/micros_ws/firmware/dev_ws/install/ament_uncrustify:/home/zhous/ROS2/micros_ws/firmware/dev_ws/install/ament_xmllint:/home/zhous/ROS2/micros_ws/firmware/dev_ws/install/ament_pyflakes:/home/zhous/ROS2/micros_ws/firmware/dev_ws/install/ament_pep8:/home/zhous/ROS2/micros_ws/firmware/dev_ws/install/ament_pep257:/home/zhous/ROS2/micros_ws/firmware/dev_ws/install/ament_pclint:/home/zhous/ROS2/micros_ws/firmware/dev_ws/install/ament_package:/home/zhous/ROS2/micros_ws/firmware/dev_ws/install/ament_lint_cmake:/home/zhous/ROS2/micros_ws/firmware/dev_ws/install/ament_flake8:/home/zhous/ROS2/micros_ws/firmware/dev_ws/install/ament_copyright:/home/zhous/ROS2/micros_ws/firmware/dev_ws/install/ament_lint:/home/zhous/ROS2/micros_ws/firmware/dev_ws/install/ament_index_python:/home/zhous/ROS2/micros_ws/firmware/dev_ws/install/ament_cpplint:/home/zhous/ROS2/micros_ws/firmware/dev_ws/install/ament_cppcheck:/home/zhous/ROS2/micros_ws/firmware/dev_ws/install/ament_clang_tidy:/home/zhous/ROS2/micros_ws/firmware/dev_ws/install/ament_clang_format mytag_args= *.h -o -name *.c -o -name *.inc -o -name *.hpp -o -name *.cpp -o -name *.S -o -name *.s /usr/bin/cmake --build /home/zhous/ROS2/micros_ws/firmware/mcu_ws/build/tinydir_vendor -- -j8 -l8
[1.470s] make[1]: Entering directory '/home/zhous/ROS2/micros_ws/firmware/mcu_ws/build/tinydir_vendor'
[1.470s] /usr/bin/cmake -H/home/zhous/ROS2/micros_ws/firmware/mcu_ws/ros2/tinydir_vendor -B/home/zhous/ROS2/micros_ws/firmware/mcu_ws/build/tinydir_vendor --check-build-system CMakeFiles/Makefile.cmake 0
[1.483s] /usr/bin/cmake -E cmake_progress_start /home/zhous/ROS2/micros_ws/firmware/mcu_ws/build/tinydir_vendor/CMakeFiles /home/zhous/ROS2/micros_ws/firmware/mcu_ws/build/tinydir_vendor/CMakeFiles/progress.marks
[1.497s] /usr/bin/make -f CMakeFiles/Makefile2 all
[1.499s] make[2]: Entering directory '/home/zhous/ROS2/micros_ws/firmware/mcu_ws/build/tinydir_vendor'
[1.499s] /usr/bin/make -f CMakeFiles/tinydir-1.2.4.dir/build.make CMakeFiles/tinydir-1.2.4.dir/depend
[1.500s] make[3]: Entering directory '/home/zhous/ROS2/micros_ws/firmware/mcu_ws/build/tinydir_vendor'
[1.500s] cd /home/zhous/ROS2/micros_ws/firmware/mcu_ws/build/tinydir_vendor && /usr/bin/cmake -E cmake_depends "Unix Makefiles" /home/zhous/ROS2/micros_ws/firmware/mcu_ws/ros2/tinydir_vendor /home/zhous/ROS2/micros_ws/firmware/mcu_ws/ros2/tinydir_vendor /home/zhous/ROS2/micros_ws/firmware/mcu_ws/build/tinydir_vendor /home/zhous/ROS2/micros_ws/firmware/mcu_ws/build/tinydir_vendor /home/zhous/ROS2/micros_ws/firmware/mcu_ws/build/tinydir_vendor/CMakeFiles/tinydir-1.2.4.dir/DependInfo.cmake --color=
[1.512s] Dependee "/home/zhous/ROS2/micros_ws/firmware/mcu_ws/build/tinydir_vendor/CMakeFiles/tinydir-1.2.4.dir/DependInfo.cmake" is newer than depender "/home/zhous/ROS2/micros_ws/firmware/mcu_ws/build/tinydir_vendor/CMakeFiles/tinydir-1.2.4.dir/depend.internal".
[1.512s] Dependee "/home/zhous/ROS2/micros_ws/firmware/mcu_ws/build/tinydir_vendor/CMakeFiles/CMakeDirectoryInformation.cmake" is newer than depender "/home/zhous/ROS2/micros_ws/firmware/mcu_ws/build/tinydir_vendor/CMakeFiles/tinydir-1.2.4.dir/depend.internal".
[1.512s] [35m[1mScanning dependencies of target tinydir-1.2.4[0m
[1.513s] make[3]: Leaving directory '/home/zhous/ROS2/micros_ws/firmware/mcu_ws/build/tinydir_vendor'
[1.513s] /usr/bin/make -f CMakeFiles/tinydir-1.2.4.dir/build.make CMakeFiles/tinydir-1.2.4.dir/build
[1.515s] make[3]: Entering directory '/home/zhous/ROS2/micros_ws/firmware/mcu_ws/build/tinydir_vendor'
[1.525s] [ 12%] [34m[1mCreating directories for 'tinydir-1.2.4'[0m
[1.525s] /usr/bin/cmake -E make_directory /home/zhous/ROS2/micros_ws/firmware/mcu_ws/build/tinydir_vendor/tinydir-1.2.4/src/tinydir-1.2.4
[1.535s] /usr/bin/cmake -E make_directory /home/zhous/ROS2/micros_ws/firmware/mcu_ws/build/tinydir_vendor/tinydir-1.2.4/src/tinydir-1.2.4
[1.543s] /usr/bin/cmake -E make_directory /home/zhous/ROS2/micros_ws/firmware/mcu_ws/build/tinydir_vendor/tinydir-1.2.4
[1.551s] /usr/bin/cmake -E make_directory /home/zhous/ROS2/micros_ws/firmware/mcu_ws/build/tinydir_vendor/tinydir-1.2.4/tmp
[1.562s] /usr/bin/cmake -E make_directory /home/zhous/ROS2/micros_ws/firmware/mcu_ws/build/tinydir_vendor/tinydir-1.2.4/src/tinydir-1.2.4-stamp
[1.573s] /usr/bin/cmake -E make_directory /home/zhous/ROS2/micros_ws/firmware/mcu_ws/build/tinydir_vendor/tinydir-1.2.4/src
[1.584s] /usr/bin/cmake -E touch /home/zhous/ROS2/micros_ws/firmware/mcu_ws/build/tinydir_vendor/tinydir-1.2.4/src/tinydir-1.2.4-stamp/tinydir-1.2.4-mkdir
[1.601s] [ 25%] [34m[1mPerforming download step (download, verify and extract) for 'tinydir-1.2.4'[0m
[1.601s] cd /home/zhous/ROS2/micros_ws/firmware/mcu_ws/build/tinydir_vendor/tinydir-1.2.4/src && /usr/bin/cmake -P /home/zhous/ROS2/micros_ws/firmware/mcu_ws/build/tinydir_vendor/tinydir-1.2.4/src/tinydir-1.2.4-stamp/download-tinydir-1.2.4.cmake
[1.609s] -- Downloading...
[1.609s]    dst='/home/zhous/ROS2/micros_ws/firmware/mcu_ws/build/tinydir_vendor/tinydir-1.2.4/src/1.2.4.tar.gz'
[1.609s]    timeout='none'
[1.609s] -- Using src='https://github.com/cxong/tinydir/archive/1.2.4.tar.gz'
[4.005s] -- [download 2% complete]
[4.005s] -- [download 8% complete]
[4.005s] -- [download 13% complete]
[4.005s] -- [download 19% complete]
[4.024s] -- [download 24% complete]
[4.025s] -- [download 30% complete]
[4.025s] -- [download 36% complete]
[4.025s] -- [download 41% complete]
[4.168s] -- [download 47% complete]
[4.168s] -- [download 52% complete]
[4.188s] -- [download 58% complete]
[4.188s] -- [download 63% complete]
[4.188s] -- [download 69% complete]
[4.188s] -- [download 75% complete]
[4.188s] -- [download 80% complete]
[4.188s] -- [download 86% complete]
[4.188s] -- [download 91% complete]
[4.188s] -- [download 97% complete]
[4.188s] -- [download 100% complete]
[4.190s] -- verifying file...
[4.190s]        file='/home/zhous/ROS2/micros_ws/firmware/mcu_ws/build/tinydir_vendor/tinydir-1.2.4/src/1.2.4.tar.gz'
[4.190s] -- Downloading... done
[4.191s] cd /home/zhous/ROS2/micros_ws/firmware/mcu_ws/build/tinydir_vendor/tinydir-1.2.4/src && /usr/bin/cmake -P /home/zhous/ROS2/micros_ws/firmware/mcu_ws/build/tinydir_vendor/tinydir-1.2.4/src/tinydir-1.2.4-stamp/verify-tinydir-1.2.4.cmake
[4.199s] cd /home/zhous/ROS2/micros_ws/firmware/mcu_ws/build/tinydir_vendor/tinydir-1.2.4/src && /usr/bin/cmake -P /home/zhous/ROS2/micros_ws/firmware/mcu_ws/build/tinydir_vendor/tinydir-1.2.4/src/tinydir-1.2.4-stamp/extract-tinydir-1.2.4.cmake
[4.209s] -- extracting...
[4.209s]      src='/home/zhous/ROS2/micros_ws/firmware/mcu_ws/build/tinydir_vendor/tinydir-1.2.4/src/1.2.4.tar.gz'
[4.209s]      dst='/home/zhous/ROS2/micros_ws/firmware/mcu_ws/build/tinydir_vendor/tinydir-1.2.4/src/tinydir-1.2.4'
[4.209s] -- extracting... [tar xfz]
[4.217s] -- extracting... [analysis]
[4.217s] -- extracting... [rename]
[4.218s] -- extracting... [clean up]
[4.218s] -- extracting... done
[4.219s] cd /home/zhous/ROS2/micros_ws/firmware/mcu_ws/build/tinydir_vendor/tinydir-1.2.4/src && /usr/bin/cmake -E touch /home/zhous/ROS2/micros_ws/firmware/mcu_ws/build/tinydir_vendor/tinydir-1.2.4/src/tinydir-1.2.4-stamp/tinydir-1.2.4-download
[4.237s] [ 37%] [34m[1mPerforming patch step for 'tinydir-1.2.4'[0m
[4.237s] cd /home/zhous/ROS2/micros_ws/firmware/mcu_ws/build/tinydir_vendor/tinydir-1.2.4/src/tinydir-1.2.4 && /usr/bin/cmake -E copy /home/zhous/ROS2/micros_ws/firmware/mcu_ws/ros2/tinydir_vendor/tinydir_cmakelists.txt /home/zhous/ROS2/micros_ws/firmware/mcu_ws/build/tinydir_vendor/tinydir-1.2.4/src/tinydir-1.2.4/CMakeLists.txt
[4.239s] [ 50%] [34m[1mNo update step for 'tinydir-1.2.4'[0m
[4.240s] /usr/bin/cmake -E echo_append
[4.245s] cd /home/zhous/ROS2/micros_ws/firmware/mcu_ws/build/tinydir_vendor/tinydir-1.2.4/src/tinydir-1.2.4 && /usr/bin/cmake -E touch /home/zhous/ROS2/micros_ws/firmware/mcu_ws/build/tinydir_vendor/tinydir-1.2.4/src/tinydir-1.2.4-stamp/tinydir-1.2.4-patch
[4.248s] /usr/bin/cmake -E touch /home/zhous/ROS2/micros_ws/firmware/mcu_ws/build/tinydir_vendor/tinydir-1.2.4/src/tinydir-1.2.4-stamp/tinydir-1.2.4-update
[4.266s] [ 62%] [34m[1mPerforming configure step for 'tinydir-1.2.4'[0m
[4.267s] cd /home/zhous/ROS2/micros_ws/firmware/mcu_ws/build/tinydir_vendor/tinydir-1.2.4/src/tinydir-1.2.4 && /usr/bin/cmake -DCMAKE_INSTALL_PREFIX=/home/zhous/ROS2/micros_ws/firmware/mcu_ws/build/tinydir_vendor/tinydir_vendor_install "-DCMAKE_CXX_FLAGS=-std=c++11 -mcpu=cortex-a53 -fno-exceptions -fno-non-call-exceptions   -g -O0 -DFREERTOS -DGUEST -DBOARD_A53Anony=1 -DPLAT_A53Anony -DBUILD_RVP -DBOOT_FW_FROM_SRAM -DENABLE_MMU -DBUILD_UNITY -DBUILD_ETH -DNETWORK_UTILS -DNET_AUTOLOAD -DBUILD_DM -DBUILD_SYSM -DFOOTPRINT_TEST  -nostdinc -fno-builtin -Wall -fdata-sections -ffunction-sections" -DCMAKE_C_COMPILER=/home/zhous/ROS2/micros_ws/firmware/freertos_apps/microros_intel_A53Anony_extensions/../../toolchain/bin/aarch64-none-elf-gcc -DCMAKE_CXX_COMPILER=/home/zhous/ROS2/micros_ws/firmware/freertos_apps/microros_intel_A53Anony_extensions/../../toolchain/bin/aarch64-none-elf-g++ -DCMAKE_TOOLCHAIN_FILE=/home/zhous/ROS2/micros_ws/firmware/freertos_apps/microros_intel_A53Anony_extensions/arm_toolchain.cmake "-GUnix Makefiles" /home/zhous/ROS2/micros_ws/firmware/mcu_ws/build/tinydir_vendor/tinydir-1.2.4/src/tinydir-1.2.4
[4.274s] Re-run cmake no build system arguments
[4.332s] -- The C compiler identification is GNU 9.2.1
[4.394s] -- The CXX compiler identification is GNU 9.2.1
[4.398s] -- Check for working C compiler: /home/zhous/ROS2/micros_ws/firmware/freertos_apps/microros_intel_A53Anony_extensions/../../toolchain/bin/aarch64-none-elf-gcc
[4.459s] -- Check for working C compiler: /home/zhous/ROS2/micros_ws/firmware/freertos_apps/microros_intel_A53Anony_extensions/../../toolchain/bin/aarch64-none-elf-gcc -- works
[4.459s] -- Detecting C compiler ABI info
[4.527s] -- Detecting C compiler ABI info - done
[4.530s] -- Detecting C compile features
[4.736s] -- Detecting C compile features - done
[4.738s] -- Check for working CXX compiler: /home/zhous/ROS2/micros_ws/firmware/freertos_apps/microros_intel_A53Anony_extensions/../../toolchain/bin/aarch64-none-elf-g++
[4.807s] -- Check for working CXX compiler: /home/zhous/ROS2/micros_ws/firmware/freertos_apps/microros_intel_A53Anony_extensions/../../toolchain/bin/aarch64-none-elf-g++ -- works
[4.808s] -- Detecting CXX compiler ABI info
[4.873s] -- Detecting CXX compiler ABI info - done
[4.876s] -- Detecting CXX compile features
[5.209s] -- Detecting CXX compile features - done
[5.211s] -- Configuring done
[5.212s] -- Generating done
[5.213s] -- Build files have been written to: /home/zhous/ROS2/micros_ws/firmware/mcu_ws/build/tinydir_vendor/tinydir-1.2.4/src/tinydir-1.2.4
[5.216s] cd /home/zhous/ROS2/micros_ws/firmware/mcu_ws/build/tinydir_vendor/tinydir-1.2.4/src/tinydir-1.2.4 && /usr/bin/cmake -E touch /home/zhous/ROS2/micros_ws/firmware/mcu_ws/build/tinydir_vendor/tinydir-1.2.4/src/tinydir-1.2.4-stamp/tinydir-1.2.4-configure
[5.237s] [ 75%] [34m[1mPerforming build step for 'tinydir-1.2.4'[0m
[5.238s] cd /home/zhous/ROS2/micros_ws/firmware/mcu_ws/build/tinydir_vendor/tinydir-1.2.4/src/tinydir-1.2.4 && /usr/bin/make
[5.240s] make[4]: Entering directory '/home/zhous/ROS2/micros_ws/firmware/mcu_ws/build/tinydir_vendor/tinydir-1.2.4/src/tinydir-1.2.4'
[5.240s] /usr/bin/cmake -H/home/zhous/ROS2/micros_ws/firmware/mcu_ws/build/tinydir_vendor/tinydir-1.2.4/src/tinydir-1.2.4 -B/home/zhous/ROS2/micros_ws/firmware/mcu_ws/build/tinydir_vendor/tinydir-1.2.4/src/tinydir-1.2.4 --check-build-system CMakeFiles/Makefile.cmake 0
[5.251s] /usr/bin/cmake -E cmake_progress_start /home/zhous/ROS2/micros_ws/firmware/mcu_ws/build/tinydir_vendor/tinydir-1.2.4/src/tinydir-1.2.4/CMakeFiles /home/zhous/ROS2/micros_ws/firmware/mcu_ws/build/tinydir_vendor/tinydir-1.2.4/src/tinydir-1.2.4/CMakeFiles/progress.marks
[5.262s] /usr/bin/make -f CMakeFiles/Makefile2 all
[5.264s] make[5]: Entering directory '/home/zhous/ROS2/micros_ws/firmware/mcu_ws/build/tinydir_vendor/tinydir-1.2.4/src/tinydir-1.2.4'
[5.264s] make[5]: Nothing to be done for 'all'.
[5.264s] make[5]: Leaving directory '/home/zhous/ROS2/micros_ws/firmware/mcu_ws/build/tinydir_vendor/tinydir-1.2.4/src/tinydir-1.2.4'
[5.264s] /usr/bin/cmake -E cmake_progress_start /home/zhous/ROS2/micros_ws/firmware/mcu_ws/build/tinydir_vendor/tinydir-1.2.4/src/tinydir-1.2.4/CMakeFiles 0
[5.274s] make[4]: Leaving directory '/home/zhous/ROS2/micros_ws/firmware/mcu_ws/build/tinydir_vendor/tinydir-1.2.4/src/tinydir-1.2.4'
[5.275s] cd /home/zhous/ROS2/micros_ws/firmware/mcu_ws/build/tinydir_vendor/tinydir-1.2.4/src/tinydir-1.2.4 && /usr/bin/cmake -E touch /home/zhous/ROS2/micros_ws/firmware/mcu_ws/build/tinydir_vendor/tinydir-1.2.4/src/tinydir-1.2.4-stamp/tinydir-1.2.4-build
[5.297s] [ 87%] [34m[1mPerforming install step for 'tinydir-1.2.4'[0m
[5.298s] cd /home/zhous/ROS2/micros_ws/firmware/mcu_ws/build/tinydir_vendor/tinydir-1.2.4/src/tinydir-1.2.4 && /usr/bin/make install
[5.299s] make[4]: Entering directory '/home/zhous/ROS2/micros_ws/firmware/mcu_ws/build/tinydir_vendor/tinydir-1.2.4/src/tinydir-1.2.4'
[5.300s] /usr/bin/cmake -H/home/zhous/ROS2/micros_ws/firmware/mcu_ws/build/tinydir_vendor/tinydir-1.2.4/src/tinydir-1.2.4 -B/home/zhous/ROS2/micros_ws/firmware/mcu_ws/build/tinydir_vendor/tinydir-1.2.4/src/tinydir-1.2.4 --check-build-system CMakeFiles/Makefile.cmake 0
[5.308s] /usr/bin/cmake -E cmake_progress_start /home/zhous/ROS2/micros_ws/firmware/mcu_ws/build/tinydir_vendor/tinydir-1.2.4/src/tinydir-1.2.4/CMakeFiles /home/zhous/ROS2/micros_ws/firmware/mcu_ws/build/tinydir_vendor/tinydir-1.2.4/src/tinydir-1.2.4/CMakeFiles/progress.marks
[5.316s] /usr/bin/make -f CMakeFiles/Makefile2 all
[5.317s] make[5]: Entering directory '/home/zhous/ROS2/micros_ws/firmware/mcu_ws/build/tinydir_vendor/tinydir-1.2.4/src/tinydir-1.2.4'
[5.317s] make[5]: Nothing to be done for 'all'.
[5.317s] make[5]: Leaving directory '/home/zhous/ROS2/micros_ws/firmware/mcu_ws/build/tinydir_vendor/tinydir-1.2.4/src/tinydir-1.2.4'
[5.317s] /usr/bin/cmake -E cmake_progress_start /home/zhous/ROS2/micros_ws/firmware/mcu_ws/build/tinydir_vendor/tinydir-1.2.4/src/tinydir-1.2.4/CMakeFiles 0
[5.324s] /usr/bin/make -f CMakeFiles/Makefile2 preinstall
[5.325s] make[5]: Entering directory '/home/zhous/ROS2/micros_ws/firmware/mcu_ws/build/tinydir_vendor/tinydir-1.2.4/src/tinydir-1.2.4'
[5.325s] make[5]: Nothing to be done for 'preinstall'.
[5.325s] make[5]: Leaving directory '/home/zhous/ROS2/micros_ws/firmware/mcu_ws/build/tinydir_vendor/tinydir-1.2.4/src/tinydir-1.2.4'
[5.333s] [36mInstall the project...[0m
[5.333s] /usr/bin/cmake -P cmake_install.cmake
[5.344s] -- Install configuration: ""
[5.344s] -- Installing: /home/zhous/ROS2/micros_ws/firmware/mcu_ws/build/tinydir_vendor/tinydir_vendor_install/include/tinydir/tinydir.h
[5.345s] make[4]: Leaving directory '/home/zhous/ROS2/micros_ws/firmware/mcu_ws/build/tinydir_vendor/tinydir-1.2.4/src/tinydir-1.2.4'
[5.345s] cd /home/zhous/ROS2/micros_ws/firmware/mcu_ws/build/tinydir_vendor/tinydir-1.2.4/src/tinydir-1.2.4 && /usr/bin/cmake -E touch /home/zhous/ROS2/micros_ws/firmware/mcu_ws/build/tinydir_vendor/tinydir-1.2.4/src/tinydir-1.2.4-stamp/tinydir-1.2.4-install
[5.365s] [100%] [34m[1mCompleted 'tinydir-1.2.4'[0m
[5.365s] /usr/bin/cmake -E make_directory /home/zhous/ROS2/micros_ws/firmware/mcu_ws/build/tinydir_vendor/CMakeFiles
[5.373s] /usr/bin/cmake -E touch /home/zhous/ROS2/micros_ws/firmware/mcu_ws/build/tinydir_vendor/CMakeFiles/tinydir-1.2.4-complete
[5.382s] /usr/bin/cmake -E touch /home/zhous/ROS2/micros_ws/firmware/mcu_ws/build/tinydir_vendor/tinydir-1.2.4/src/tinydir-1.2.4-stamp/tinydir-1.2.4-done
[5.392s] make[3]: Leaving directory '/home/zhous/ROS2/micros_ws/firmware/mcu_ws/build/tinydir_vendor'
[5.400s] [100%] Built target tinydir-1.2.4
[5.401s] make[2]: Leaving directory '/home/zhous/ROS2/micros_ws/firmware/mcu_ws/build/tinydir_vendor'
[5.401s] /usr/bin/cmake -E cmake_progress_start /home/zhous/ROS2/micros_ws/firmware/mcu_ws/build/tinydir_vendor/CMakeFiles 0
[5.411s] make[1]: Leaving directory '/home/zhous/ROS2/micros_ws/firmware/mcu_ws/build/tinydir_vendor'
[5.413s] Invoked command in '/home/zhous/ROS2/micros_ws/firmware/mcu_ws/build/tinydir_vendor' returned '0': CMAKE_PREFIX_PATH=${CMAKE_PREFIX_PATH}:/home/zhous/ROS2/micros_ws/firmware/dev_ws/install/ament_uncrustify:/home/zhous/ROS2/micros_ws/firmware/dev_ws/install/ament_xmllint:/home/zhous/ROS2/micros_ws/firmware/dev_ws/install/ament_pyflakes:/home/zhous/ROS2/micros_ws/firmware/dev_ws/install/ament_pep8:/home/zhous/ROS2/micros_ws/firmware/dev_ws/install/ament_pep257:/home/zhous/ROS2/micros_ws/firmware/dev_ws/install/ament_pclint:/home/zhous/ROS2/micros_ws/firmware/dev_ws/install/ament_package:/home/zhous/ROS2/micros_ws/firmware/dev_ws/install/ament_lint_cmake:/home/zhous/ROS2/micros_ws/firmware/dev_ws/install/ament_flake8:/home/zhous/ROS2/micros_ws/firmware/dev_ws/install/ament_copyright:/home/zhous/ROS2/micros_ws/firmware/dev_ws/install/ament_lint:/home/zhous/ROS2/micros_ws/firmware/dev_ws/install/ament_index_python:/home/zhous/ROS2/micros_ws/firmware/dev_ws/install/ament_cpplint:/home/zhous/ROS2/micros_ws/firmware/dev_ws/install/ament_cppcheck:/home/zhous/ROS2/micros_ws/firmware/dev_ws/install/ament_clang_tidy:/home/zhous/ROS2/micros_ws/firmware/dev_ws/install/ament_clang_format mytag_args= *.h -o -name *.c -o -name *.inc -o -name *.hpp -o -name *.cpp -o -name *.S -o -name *.s /usr/bin/cmake --build /home/zhous/ROS2/micros_ws/firmware/mcu_ws/build/tinydir_vendor -- -j8 -l8
[5.436s] Invoking command in '/home/zhous/ROS2/micros_ws/firmware/mcu_ws/build/tinydir_vendor': CMAKE_PREFIX_PATH=${CMAKE_PREFIX_PATH}:/home/zhous/ROS2/micros_ws/firmware/dev_ws/install/ament_uncrustify:/home/zhous/ROS2/micros_ws/firmware/dev_ws/install/ament_xmllint:/home/zhous/ROS2/micros_ws/firmware/dev_ws/install/ament_pyflakes:/home/zhous/ROS2/micros_ws/firmware/dev_ws/install/ament_pep8:/home/zhous/ROS2/micros_ws/firmware/dev_ws/install/ament_pep257:/home/zhous/ROS2/micros_ws/firmware/dev_ws/install/ament_pclint:/home/zhous/ROS2/micros_ws/firmware/dev_ws/install/ament_package:/home/zhous/ROS2/micros_ws/firmware/dev_ws/install/ament_lint_cmake:/home/zhous/ROS2/micros_ws/firmware/dev_ws/install/ament_flake8:/home/zhous/ROS2/micros_ws/firmware/dev_ws/install/ament_copyright:/home/zhous/ROS2/micros_ws/firmware/dev_ws/install/ament_lint:/home/zhous/ROS2/micros_ws/firmware/dev_ws/install/ament_index_python:/home/zhous/ROS2/micros_ws/firmware/dev_ws/install/ament_cpplint:/home/zhous/ROS2/micros_ws/firmware/dev_ws/install/ament_cppcheck:/home/zhous/ROS2/micros_ws/firmware/dev_ws/install/ament_clang_tidy:/home/zhous/ROS2/micros_ws/firmware/dev_ws/install/ament_clang_format mytag_args= *.h -o -name *.c -o -name *.inc -o -name *.hpp -o -name *.cpp -o -name *.S -o -name *.s /usr/bin/cmake --build /home/zhous/ROS2/micros_ws/firmware/mcu_ws/build/tinydir_vendor --target install -- -j8 -l8
[5.444s] make[1]: Entering directory '/home/zhous/ROS2/micros_ws/firmware/mcu_ws/build/tinydir_vendor'
[5.445s] /usr/bin/cmake -H/home/zhous/ROS2/micros_ws/firmware/mcu_ws/ros2/tinydir_vendor -B/home/zhous/ROS2/micros_ws/firmware/mcu_ws/build/tinydir_vendor --check-build-system CMakeFiles/Makefile.cmake 0
[5.456s] /usr/bin/cmake -E cmake_progress_start /home/zhous/ROS2/micros_ws/firmware/mcu_ws/build/tinydir_vendor/CMakeFiles /home/zhous/ROS2/micros_ws/firmware/mcu_ws/build/tinydir_vendor/CMakeFiles/progress.marks
[5.463s] /usr/bin/make -f CMakeFiles/Makefile2 all
[5.464s] make[2]: Entering directory '/home/zhous/ROS2/micros_ws/firmware/mcu_ws/build/tinydir_vendor'
[5.464s] /usr/bin/make -f CMakeFiles/tinydir-1.2.4.dir/build.make CMakeFiles/tinydir-1.2.4.dir/depend
[5.465s] make[3]: Entering directory '/home/zhous/ROS2/micros_ws/firmware/mcu_ws/build/tinydir_vendor'
[5.465s] cd /home/zhous/ROS2/micros_ws/firmware/mcu_ws/build/tinydir_vendor && /usr/bin/cmake -E cmake_depends "Unix Makefiles" /home/zhous/ROS2/micros_ws/firmware/mcu_ws/ros2/tinydir_vendor /home/zhous/ROS2/micros_ws/firmware/mcu_ws/ros2/tinydir_vendor /home/zhous/ROS2/micros_ws/firmware/mcu_ws/build/tinydir_vendor /home/zhous/ROS2/micros_ws/firmware/mcu_ws/build/tinydir_vendor /home/zhous/ROS2/micros_ws/firmware/mcu_ws/build/tinydir_vendor/CMakeFiles/tinydir-1.2.4.dir/DependInfo.cmake --color=
[5.476s] make[3]: Leaving directory '/home/zhous/ROS2/micros_ws/firmware/mcu_ws/build/tinydir_vendor'
[5.476s] /usr/bin/make -f CMakeFiles/tinydir-1.2.4.dir/build.make CMakeFiles/tinydir-1.2.4.dir/build
[5.477s] make[3]: Entering directory '/home/zhous/ROS2/micros_ws/firmware/mcu_ws/build/tinydir_vendor'
[5.477s] make[3]: Nothing to be done for 'CMakeFiles/tinydir-1.2.4.dir/build'.
[5.477s] make[3]: Leaving directory '/home/zhous/ROS2/micros_ws/firmware/mcu_ws/build/tinydir_vendor'
[5.487s] [100%] Built target tinydir-1.2.4
[5.488s] make[2]: Leaving directory '/home/zhous/ROS2/micros_ws/firmware/mcu_ws/build/tinydir_vendor'
[5.488s] /usr/bin/cmake -E cmake_progress_start /home/zhous/ROS2/micros_ws/firmware/mcu_ws/build/tinydir_vendor/CMakeFiles 0
[5.496s] /usr/bin/make -f CMakeFiles/Makefile2 preinstall
[5.497s] make[2]: Entering directory '/home/zhous/ROS2/micros_ws/firmware/mcu_ws/build/tinydir_vendor'
[5.497s] make[2]: Nothing to be done for 'preinstall'.
[5.497s] make[2]: Leaving directory '/home/zhous/ROS2/micros_ws/firmware/mcu_ws/build/tinydir_vendor'
[5.508s] [36mInstall the project...[0m
[5.509s] /usr/bin/cmake -P cmake_install.cmake
[5.526s] -- Install configuration: "Debug"
[5.526s] -- Installing: /home/zhous/ROS2/micros_ws/firmware/mcu_ws/install/tinydir_vendor
[5.526s] -- Installing: /home/zhous/ROS2/micros_ws/firmware/mcu_ws/install/tinydir_vendor/include
[5.526s] -- Installing: /home/zhous/ROS2/micros_ws/firmware/mcu_ws/install/tinydir_vendor/include/tinydir
[5.526s] -- Installing: /home/zhous/ROS2/micros_ws/firmware/mcu_ws/install/tinydir_vendor/include/tinydir/tinydir.h
[5.526s] -- Installing: /home/zhous/ROS2/micros_ws/firmware/mcu_ws/install/tinydir_vendor/share/tinydir_vendor/package.xml
[5.526s] -- Installing: /home/zhous/ROS2/micros_ws/firmware/mcu_ws/install/tinydir_vendor/share/tinydir_vendor/cmake/tinydir_vendorConfig.cmake
[5.527s] -- Installing: /home/zhous/ROS2/micros_ws/firmware/mcu_ws/install/tinydir_vendor/share/tinydir_vendor/cmake/tinydir_vendorConfig-version.cmake
[5.527s] make[1]: Leaving directory '/home/zhous/ROS2/micros_ws/firmware/mcu_ws/build/tinydir_vendor'
[5.554s] Invoked command in '/home/zhous/ROS2/micros_ws/firmware/mcu_ws/build/tinydir_vendor' returned '0': CMAKE_PREFIX_PATH=${CMAKE_PREFIX_PATH}:/home/zhous/ROS2/micros_ws/firmware/dev_ws/install/ament_uncrustify:/home/zhous/ROS2/micros_ws/firmware/dev_ws/install/ament_xmllint:/home/zhous/ROS2/micros_ws/firmware/dev_ws/install/ament_pyflakes:/home/zhous/ROS2/micros_ws/firmware/dev_ws/install/ament_pep8:/home/zhous/ROS2/micros_ws/firmware/dev_ws/install/ament_pep257:/home/zhous/ROS2/micros_ws/firmware/dev_ws/install/ament_pclint:/home/zhous/ROS2/micros_ws/firmware/dev_ws/install/ament_package:/home/zhous/ROS2/micros_ws/firmware/dev_ws/install/ament_lint_cmake:/home/zhous/ROS2/micros_ws/firmware/dev_ws/install/ament_flake8:/home/zhous/ROS2/micros_ws/firmware/dev_ws/install/ament_copyright:/home/zhous/ROS2/micros_ws/firmware/dev_ws/install/ament_lint:/home/zhous/ROS2/micros_ws/firmware/dev_ws/install/ament_index_python:/home/zhous/ROS2/micros_ws/firmware/dev_ws/install/ament_cpplint:/home/zhous/ROS2/micros_ws/firmware/dev_ws/install/ament_cppcheck:/home/zhous/ROS2/micros_ws/firmware/dev_ws/install/ament_clang_tidy:/home/zhous/ROS2/micros_ws/firmware/dev_ws/install/ament_clang_format mytag_args= *.h -o -name *.c -o -name *.inc -o -name *.hpp -o -name *.cpp -o -name *.S -o -name *.s /usr/bin/cmake --build /home/zhous/ROS2/micros_ws/firmware/mcu_ws/build/tinydir_vendor --target install -- -j8 -l8
