Re-run cmake no build system arguments
-- The C compiler identification is GNU 9.2.1
-- The CXX compiler identification is GNU 9.2.1
-- Check for working C compiler: /home/zhous/ROS2/micros_ws/firmware/freertos_apps/microros_intel_A53Anony_extensions/../../toolchain/bin/aarch64-none-elf-gcc
-- Check for working C compiler: /home/zhous/ROS2/micros_ws/firmware/freertos_apps/microros_intel_A53Anony_extensions/../../toolchain/bin/aarch64-none-elf-gcc -- works
-- Detecting C compiler ABI info
-- Detecting C compiler ABI info - done
-- Detecting C compile features
-- Detecting C compile features - done
-- Check for working CXX compiler: /home/zhous/ROS2/micros_ws/firmware/freertos_apps/microros_intel_A53Anony_extensions/../../toolchain/bin/aarch64-none-elf-g++
-- Check for working CXX compiler: /home/zhous/ROS2/micros_ws/firmware/freertos_apps/microros_intel_A53Anony_extensions/../../toolchain/bin/aarch64-none-elf-g++ -- works
-- Detecting CXX compiler ABI info
-- Detecting CXX compiler ABI info - done
-- Detecting CXX compile features
-- Detecting CXX compile features - done
-- Found ament_cmake: 0.7.6 (/home/zhous/ROS2/micros_ws/firmware/dev_ws/install/ament_cmake/share/ament_cmake/cmake)
-- Found PythonInterp: /usr/bin/python3 (found suitable version "3.6.9", minimum required is "3") 
-- Using PYTHON_EXECUTABLE: /usr/bin/python3
-- Found rcutils: 0.7.3 (/home/zhous/ROS2/micros_ws/firmware/mcu_ws/install/rcutils/share/rcutils/cmake)
-- Found rmw_implementation_cmake: 0.7.2 (/home/zhous/ROS2/micros_ws/firmware/mcu_ws/install/rmw_implementation_cmake/share/rmw_implementation_cmake/cmake)
-- Found rmw_microxrcedds: 0.0.1 (/home/zhous/ROS2/micros_ws/firmware/mcu_ws/install/rmw_microxrcedds/share/rmw_microxrcedds/cmake)
-- Found rosidl_adapter: 0.7.10 (/home/zhous/ROS2/micros_ws/firmware/mcu_ws/install/rosidl_adapter/share/rosidl_adapter/cmake)
-- 
-- Default rmw implementation: 'rmw_microxrcedds'
-- 
-- Runtime selection of RMW disabled; Only using 'rmw_microxrcedds'
-- Configuring done
-- Generating done
-- Build files have been written to: /home/zhous/ROS2/micros_ws/firmware/mcu_ws/build/rmw_implementation
make[1]: Entering directory '/home/zhous/ROS2/micros_ws/firmware/mcu_ws/build/rmw_implementation'
/usr/bin/cmake -H/home/zhous/ROS2/micros_ws/firmware/mcu_ws/ros2/rmw_implementation/rmw_implementation -B/home/zhous/ROS2/micros_ws/firmware/mcu_ws/build/rmw_implementation --check-build-system CMakeFiles/Makefile.cmake 0
/usr/bin/cmake -E cmake_progress_start /home/zhous/ROS2/micros_ws/firmware/mcu_ws/build/rmw_implementation/CMakeFiles /home/zhous/ROS2/micros_ws/firmware/mcu_ws/build/rmw_implementation/CMakeFiles/progress.marks
/usr/bin/make -f CMakeFiles/Makefile2 all
make[2]: Entering directory '/home/zhous/ROS2/micros_ws/firmware/mcu_ws/build/rmw_implementation'
make[2]: Nothing to be done for 'all'.
make[2]: Leaving directory '/home/zhous/ROS2/micros_ws/firmware/mcu_ws/build/rmw_implementation'
/usr/bin/cmake -E cmake_progress_start /home/zhous/ROS2/micros_ws/firmware/mcu_ws/build/rmw_implementation/CMakeFiles 0
make[1]: Leaving directory '/home/zhous/ROS2/micros_ws/firmware/mcu_ws/build/rmw_implementation'
make[1]: Entering directory '/home/zhous/ROS2/micros_ws/firmware/mcu_ws/build/rmw_implementation'
/usr/bin/cmake -H/home/zhous/ROS2/micros_ws/firmware/mcu_ws/ros2/rmw_implementation/rmw_implementation -B/home/zhous/ROS2/micros_ws/firmware/mcu_ws/build/rmw_implementation --check-build-system CMakeFiles/Makefile.cmake 0
/usr/bin/cmake -E cmake_progress_start /home/zhous/ROS2/micros_ws/firmware/mcu_ws/build/rmw_implementation/CMakeFiles /home/zhous/ROS2/micros_ws/firmware/mcu_ws/build/rmw_implementation/CMakeFiles/progress.marks
/usr/bin/make -f CMakeFiles/Makefile2 all
make[2]: Entering directory '/home/zhous/ROS2/micros_ws/firmware/mcu_ws/build/rmw_implementation'
make[2]: Nothing to be done for 'all'.
make[2]: Leaving directory '/home/zhous/ROS2/micros_ws/firmware/mcu_ws/build/rmw_implementation'
/usr/bin/cmake -E cmake_progress_start /home/zhous/ROS2/micros_ws/firmware/mcu_ws/build/rmw_implementation/CMakeFiles 0
/usr/bin/make -f CMakeFiles/Makefile2 preinstall
make[2]: Entering directory '/home/zhous/ROS2/micros_ws/firmware/mcu_ws/build/rmw_implementation'
make[2]: Nothing to be done for 'preinstall'.
make[2]: Leaving directory '/home/zhous/ROS2/micros_ws/firmware/mcu_ws/build/rmw_implementation'
[36mInstall the project...[0m
/usr/bin/cmake -P cmake_install.cmake
-- Install configuration: "Debug"
-- Installing: /home/zhous/ROS2/micros_ws/firmware/mcu_ws/install/rmw_implementation/share/ament_index/resource_index/rmw_typesupport_c/rmw_implementation
-- Installing: /home/zhous/ROS2/micros_ws/firmware/mcu_ws/install/rmw_implementation/share/ament_index/resource_index/rmw_typesupport_cpp/rmw_implementation
-- Installing: /home/zhous/ROS2/micros_ws/firmware/mcu_ws/install/rmw_implementation/share/ament_index/resource_index/rmw_typesupport/rmw_implementation
-- Installing: /home/zhous/ROS2/micros_ws/firmware/mcu_ws/install/rmw_implementation/share/ament_index/resource_index/package_run_dependencies/rmw_implementation
-- Installing: /home/zhous/ROS2/micros_ws/firmware/mcu_ws/install/rmw_implementation/share/ament_index/resource_index/parent_prefix_path/rmw_implementation
-- Installing: /home/zhous/ROS2/micros_ws/firmware/mcu_ws/install/rmw_implementation/share/rmw_implementation/environment/ament_prefix_path.sh
-- Installing: /home/zhous/ROS2/micros_ws/firmware/mcu_ws/install/rmw_implementation/share/rmw_implementation/environment/path.sh
-- Installing: /home/zhous/ROS2/micros_ws/firmware/mcu_ws/install/rmw_implementation/share/rmw_implementation/local_setup.bash
-- Installing: /home/zhous/ROS2/micros_ws/firmware/mcu_ws/install/rmw_implementation/share/rmw_implementation/local_setup.sh
-- Installing: /home/zhous/ROS2/micros_ws/firmware/mcu_ws/install/rmw_implementation/share/rmw_implementation/local_setup.zsh
-- Installing: /home/zhous/ROS2/micros_ws/firmware/mcu_ws/install/rmw_implementation/share/ament_index/resource_index/packages/rmw_implementation
-- Installing: /home/zhous/ROS2/micros_ws/firmware/mcu_ws/install/rmw_implementation/share/rmw_implementation/cmake/rmw_implementation-extras.cmake
-- Installing: /home/zhous/ROS2/micros_ws/firmware/mcu_ws/install/rmw_implementation/share/rmw_implementation/cmake/rmw_implementationConfig.cmake
-- Installing: /home/zhous/ROS2/micros_ws/firmware/mcu_ws/install/rmw_implementation/share/rmw_implementation/cmake/rmw_implementationConfig-version.cmake
-- Installing: /home/zhous/ROS2/micros_ws/firmware/mcu_ws/install/rmw_implementation/share/rmw_implementation/package.xml
make[1]: Leaving directory '/home/zhous/ROS2/micros_ws/firmware/mcu_ws/build/rmw_implementation'
