CMake Warning:
  Manually-specified variables were not used by the project:

    BUILD_SHARED_LIBS
    THIRDPARTY


CMake Warning (dev) at CMakeLists.txt:55 (add_library):
  ADD_LIBRARY called with SHARED option but the target platform does not
  support dynamic linking.  Building a STATIC library instead.  This may lead
  to problems.
This warning is for project developers.  Use -Wno-dev to suppress it.

In file included from [01m[K/home/zhous/ROS2/micros_ws/firmware/mcu_ws/build/libyaml_vendor/libyaml-10c9078-prefix/src/libyaml-10c9078/src/api.c:2[m[K:
[01m[K/home/zhous/ROS2/micros_ws/firmware/mcu_ws/build/libyaml_vendor/libyaml-10c9078-prefix/src/libyaml-10c9078/src/yaml_private.h:214:[m[K [01;35m[Kwarning: [m[K"IS_DIGIT" redefined
  214 | #define IS_DIGIT(string)    IS_DIGIT_AT((string),0)
      | 
In file included from [01m[K/home/zhous/ROS2/micros_ws/firmware/mcu_ws/build/libyaml_vendor/libyaml-10c9078-prefix/src/libyaml-10c9078/include/yaml.h:19[m[K,
                 from [01m[K/home/zhous/ROS2/micros_ws/firmware/mcu_ws/build/libyaml_vendor/libyaml-10c9078-prefix/src/libyaml-10c9078/src/yaml_private.h:5[m[K,
                 from [01m[K/home/zhous/ROS2/micros_ws/firmware/mcu_ws/build/libyaml_vendor/libyaml-10c9078-prefix/src/libyaml-10c9078/src/api.c:2[m[K:
[01m[K/home/zhous/A53Anony/uros/runtime/libc/include/stdio.h:41:[m[K [01;36m[Knote: [m[Kthis is the location of the previous definition
   41 | #define IS_DIGIT(x)       (((x) >= '0') && ((x) <= '9'))
      | 
[01m[K/home/zhous/ROS2/micros_ws/firmware/mcu_ws/build/libyaml_vendor/libyaml-10c9078-prefix/src/libyaml-10c9078/src/api.c:[m[K In function '[01m[Kyaml_strdup[m[K':
[01m[K/home/zhous/ROS2/micros_ws/firmware/mcu_ws/build/libyaml_vendor/libyaml-10c9078-prefix/src/libyaml-10c9078/src/api.c:66:27:[m[K [01;35m[Kwarning: [m[Kimplicit declaration of function '[01m[Kstrdup[m[K'; did you mean '[01m[Kstrcmp[m[K'? [[01;35m[K-Wimplicit-function-declaration[m[K]
   66 |     return (yaml_char_t *)[01;35m[Kstrdup[m[K((char *)str);
      |                           [01;35m[K^~~~~~[m[K
      |                           [32m[Kstrcmp[m[K
[01m[K/home/zhous/ROS2/micros_ws/firmware/mcu_ws/build/libyaml_vendor/libyaml-10c9078-prefix/src/libyaml-10c9078/src/api.c:66:12:[m[K [01;35m[Kwarning: [m[Kcast to pointer from integer of different size [[01;35m[K-Wint-to-pointer-cast[m[K]
   66 |     return [01;35m[K([m[Kyaml_char_t *)strdup((char *)str);
      |            [01;35m[K^[m[K
[01m[K/home/zhous/ROS2/micros_ws/firmware/mcu_ws/build/libyaml_vendor/libyaml-10c9078-prefix/src/libyaml-10c9078/src/api.c:[m[K In function '[01m[Kyaml_file_read_handler[m[K':
[01m[K/home/zhous/ROS2/micros_ws/firmware/mcu_ws/build/libyaml_vendor/libyaml-10c9078-prefix/src/libyaml-10c9078/src/api.c:275:13:[m[K [01;35m[Kwarning: [m[Kimplicit declaration of function '[01m[Kferror[m[K' [[01;35m[K-Wimplicit-function-declaration[m[K]
  275 |     return ![01;35m[Kferror[m[K(parser->input.file);
      |             [01;35m[K^~~~~~[m[K
In file included from [01m[K/home/zhous/ROS2/micros_ws/firmware/mcu_ws/build/libyaml_vendor/libyaml-10c9078-prefix/src/libyaml-10c9078/src/dumper.c:2[m[K:
[01m[K/home/zhous/ROS2/micros_ws/firmware/mcu_ws/build/libyaml_vendor/libyaml-10c9078-prefix/src/libyaml-10c9078/src/yaml_private.h:214:[m[K [01;35m[Kwarning: [m[K"IS_DIGIT" redefined
  214 | #define IS_DIGIT(string)    IS_DIGIT_AT((string),0)
      | 
In file included from [01m[K/home/zhous/ROS2/micros_ws/firmware/mcu_ws/build/libyaml_vendor/libyaml-10c9078-prefix/src/libyaml-10c9078/include/yaml.h:19[m[K,
                 from [01m[K/home/zhous/ROS2/micros_ws/firmware/mcu_ws/build/libyaml_vendor/libyaml-10c9078-prefix/src/libyaml-10c9078/src/yaml_private.h:5[m[K,
                 from [01m[K/home/zhous/ROS2/micros_ws/firmware/mcu_ws/build/libyaml_vendor/libyaml-10c9078-prefix/src/libyaml-10c9078/src/dumper.c:2[m[K:
[01m[K/home/zhous/A53Anony/uros/runtime/libc/include/stdio.h:41:[m[K [01;36m[Knote: [m[Kthis is the location of the previous definition
   41 | #define IS_DIGIT(x)       (((x) >= '0') && ((x) <= '9'))
      | 
In file included from [01m[K/home/zhous/ROS2/micros_ws/firmware/mcu_ws/build/libyaml_vendor/libyaml-10c9078-prefix/src/libyaml-10c9078/src/reader.c:2[m[K:
[01m[K/home/zhous/ROS2/micros_ws/firmware/mcu_ws/build/libyaml_vendor/libyaml-10c9078-prefix/src/libyaml-10c9078/src/yaml_private.h:214:[m[K [01;35m[Kwarning: [m[K"IS_DIGIT" redefined
  214 | #define IS_DIGIT(string)    IS_DIGIT_AT((string),0)
      | 
In file included from [01m[K/home/zhous/ROS2/micros_ws/firmware/mcu_ws/build/libyaml_vendor/libyaml-10c9078-prefix/src/libyaml-10c9078/include/yaml.h:19[m[K,
                 from [01m[K/home/zhous/ROS2/micros_ws/firmware/mcu_ws/build/libyaml_vendor/libyaml-10c9078-prefix/src/libyaml-10c9078/src/yaml_private.h:5[m[K,
                 from [01m[K/home/zhous/ROS2/micros_ws/firmware/mcu_ws/build/libyaml_vendor/libyaml-10c9078-prefix/src/libyaml-10c9078/src/reader.c:2[m[K:
[01m[K/home/zhous/A53Anony/uros/runtime/libc/include/stdio.h:41:[m[K [01;36m[Knote: [m[Kthis is the location of the previous definition
   41 | #define IS_DIGIT(x)       (((x) >= '0') && ((x) <= '9'))
      | 
In file included from [01m[K/home/zhous/ROS2/micros_ws/firmware/mcu_ws/build/libyaml_vendor/libyaml-10c9078-prefix/src/libyaml-10c9078/src/parser.c:42[m[K:
[01m[K/home/zhous/ROS2/micros_ws/firmware/mcu_ws/build/libyaml_vendor/libyaml-10c9078-prefix/src/libyaml-10c9078/src/yaml_private.h:214:[m[K [01;35m[Kwarning: [m[K"IS_DIGIT" redefined
  214 | #define IS_DIGIT(string)    IS_DIGIT_AT((string),0)
      | 
In file included from [01m[K/home/zhous/ROS2/micros_ws/firmware/mcu_ws/build/libyaml_vendor/libyaml-10c9078-prefix/src/libyaml-10c9078/src/writer.c:2[m[K:
[01m[K/home/zhous/ROS2/micros_ws/firmware/mcu_ws/build/libyaml_vendor/libyaml-10c9078-prefix/src/libyaml-10c9078/src/yaml_private.h:214:[m[K [01;35m[Kwarning: [m[K"IS_DIGIT" redefined
  214 | #define IS_DIGIT(string)    IS_DIGIT_AT((string),0)
      | 
In file included from [01m[K/home/zhous/ROS2/micros_ws/firmware/mcu_ws/build/libyaml_vendor/libyaml-10c9078-prefix/src/libyaml-10c9078/include/yaml.h:19[m[K,
                 from [01m[K/home/zhous/ROS2/micros_ws/firmware/mcu_ws/build/libyaml_vendor/libyaml-10c9078-prefix/src/libyaml-10c9078/src/yaml_private.h:5[m[K,
                 from [01m[K/home/zhous/ROS2/micros_ws/firmware/mcu_ws/build/libyaml_vendor/libyaml-10c9078-prefix/src/libyaml-10c9078/src/writer.c:2[m[K:
[01m[K/home/zhous/A53Anony/uros/runtime/libc/include/stdio.h:41:[m[K [01;36m[Knote: [m[Kthis is the location of the previous definition
   41 | #define IS_DIGIT(x)       (((x) >= '0') && ((x) <= '9'))
      | 
In file included from [01m[K/home/zhous/ROS2/micros_ws/firmware/mcu_ws/build/libyaml_vendor/libyaml-10c9078-prefix/src/libyaml-10c9078/include/yaml.h:19[m[K,
                 from [01m[K/home/zhous/ROS2/micros_ws/firmware/mcu_ws/build/libyaml_vendor/libyaml-10c9078-prefix/src/libyaml-10c9078/src/yaml_private.h:5[m[K,
                 from [01m[K/home/zhous/ROS2/micros_ws/firmware/mcu_ws/build/libyaml_vendor/libyaml-10c9078-prefix/src/libyaml-10c9078/src/parser.c:42[m[K:
[01m[K/home/zhous/A53Anony/uros/runtime/libc/include/stdio.h:41:[m[K [01;36m[Knote: [m[Kthis is the location of the previous definition
   41 | #define IS_DIGIT(x)       (((x) >= '0') && ((x) <= '9'))
      | 
In file included from [01m[K/home/zhous/ROS2/micros_ws/firmware/mcu_ws/build/libyaml_vendor/libyaml-10c9078-prefix/src/libyaml-10c9078/src/emitter.c:2[m[K:
[01m[K/home/zhous/ROS2/micros_ws/firmware/mcu_ws/build/libyaml_vendor/libyaml-10c9078-prefix/src/libyaml-10c9078/src/yaml_private.h:214:[m[K [01;35m[Kwarning: [m[K"IS_DIGIT" redefined
  214 | #define IS_DIGIT(string)    IS_DIGIT_AT((string),0)
      | 
In file included from [01m[K/home/zhous/ROS2/micros_ws/firmware/mcu_ws/build/libyaml_vendor/libyaml-10c9078-prefix/src/libyaml-10c9078/include/yaml.h:19[m[K,
                 from [01m[K/home/zhous/ROS2/micros_ws/firmware/mcu_ws/build/libyaml_vendor/libyaml-10c9078-prefix/src/libyaml-10c9078/src/yaml_private.h:5[m[K,
                 from [01m[K/home/zhous/ROS2/micros_ws/firmware/mcu_ws/build/libyaml_vendor/libyaml-10c9078-prefix/src/libyaml-10c9078/src/emitter.c:2[m[K:
[01m[K/home/zhous/A53Anony/uros/runtime/libc/include/stdio.h:41:[m[K [01;36m[Knote: [m[Kthis is the location of the previous definition
   41 | #define IS_DIGIT(x)       (((x) >= '0') && ((x) <= '9'))
      | 
[01m[K/home/zhous/ROS2/micros_ws/firmware/mcu_ws/build/libyaml_vendor/libyaml-10c9078-prefix/src/libyaml-10c9078/src/api.c:[m[K In function '[01m[Kyaml_document_delete[m[K':
[01m[K/home/zhous/ROS2/micros_ws/firmware/mcu_ws/build/libyaml_vendor/libyaml-10c9078-prefix/src/libyaml-10c9078/src/api.c:1121:7:[m[K [01;35m[Kwarning: [m[Kvariable '[01m[Kcontext[m[K' set but not used [[01;35m[K-Wunused-but-set-variable[m[K]
 1121 |     } [01;35m[Kcontext[m[K;
      |       [01;35m[K^~~~~~~[m[K
[01m[K/home/zhous/ROS2/micros_ws/firmware/mcu_ws/build/libyaml_vendor/libyaml-10c9078-prefix/src/libyaml-10c9078/src/parser.c:[m[K In function '[01m[Kyaml_parser_parse_block_sequence_entry[m[K':
[01m[K/home/zhous/ROS2/micros_ws/firmware/mcu_ws/build/libyaml_vendor/libyaml-10c9078-prefix/src/libyaml-10c9078/src/parser.c:762:21:[m[K [01;35m[Kwarning: [m[Kvariable '[01m[Kdummy_mark[m[K' set but not used [[01;35m[K-Wunused-but-set-variable[m[K]
  762 |         yaml_mark_t [01;35m[Kdummy_mark[m[K;     /* Used to eliminate a compiler warning. */
      |                     [01;35m[K^~~~~~~~~~[m[K
[01m[K/home/zhous/ROS2/micros_ws/firmware/mcu_ws/build/libyaml_vendor/libyaml-10c9078-prefix/src/libyaml-10c9078/src/parser.c:[m[K In function '[01m[Kyaml_parser_parse_block_mapping_key[m[K':
[01m[K/home/zhous/ROS2/micros_ws/firmware/mcu_ws/build/libyaml_vendor/libyaml-10c9078-prefix/src/libyaml-10c9078/src/parser.c:872:21:[m[K [01;35m[Kwarning: [m[Kvariable '[01m[Kdummy_mark[m[K' set but not used [[01;35m[K-Wunused-but-set-variable[m[K]
  872 |         yaml_mark_t [01;35m[Kdummy_mark[m[K;     /* Used to eliminate a compiler warning. */
      |                     [01;35m[K^~~~~~~~~~[m[K
In file included from [01m[K/home/zhous/ROS2/micros_ws/firmware/mcu_ws/build/libyaml_vendor/libyaml-10c9078-prefix/src/libyaml-10c9078/src/loader.c:2[m[K:
[01m[K/home/zhous/ROS2/micros_ws/firmware/mcu_ws/build/libyaml_vendor/libyaml-10c9078-prefix/src/libyaml-10c9078/src/yaml_private.h:214:[m[K [01;35m[Kwarning: [m[K"IS_DIGIT" redefined
  214 | #define IS_DIGIT(string)    IS_DIGIT_AT((string),0)
      | 
In file included from [01m[K/home/zhous/ROS2/micros_ws/firmware/mcu_ws/build/libyaml_vendor/libyaml-10c9078-prefix/src/libyaml-10c9078/include/yaml.h:19[m[K,
                 from [01m[K/home/zhous/ROS2/micros_ws/firmware/mcu_ws/build/libyaml_vendor/libyaml-10c9078-prefix/src/libyaml-10c9078/src/yaml_private.h:5[m[K,
                 from [01m[K/home/zhous/ROS2/micros_ws/firmware/mcu_ws/build/libyaml_vendor/libyaml-10c9078-prefix/src/libyaml-10c9078/src/loader.c:2[m[K:
[01m[K/home/zhous/A53Anony/uros/runtime/libc/include/stdio.h:41:[m[K [01;36m[Knote: [m[Kthis is the location of the previous definition
   41 | #define IS_DIGIT(x)       (((x) >= '0') && ((x) <= '9'))
      | 
[01m[K/home/zhous/ROS2/micros_ws/firmware/mcu_ws/build/libyaml_vendor/libyaml-10c9078-prefix/src/libyaml-10c9078/src/parser.c:[m[K In function '[01m[Kyaml_parser_parse_flow_sequence_entry[m[K':
[01m[K/home/zhous/ROS2/micros_ws/firmware/mcu_ws/build/libyaml_vendor/libyaml-10c9078-prefix/src/libyaml-10c9078/src/parser.c:955:17:[m[K [01;35m[Kwarning: [m[Kvariable '[01m[Kdummy_mark[m[K' set but not used [[01;35m[K-Wunused-but-set-variable[m[K]
  955 |     yaml_mark_t [01;35m[Kdummy_mark[m[K;     /* Used to eliminate a compiler warning. */
      |                 [01;35m[K^~~~~~~~~~[m[K
[01m[K/home/zhous/ROS2/micros_ws/firmware/mcu_ws/build/libyaml_vendor/libyaml-10c9078-prefix/src/libyaml-10c9078/src/parser.c:[m[K In function '[01m[Kyaml_parser_parse_flow_mapping_key[m[K':
[01m[K/home/zhous/ROS2/micros_ws/firmware/mcu_ws/build/libyaml_vendor/libyaml-10c9078-prefix/src/libyaml-10c9078/src/parser.c:1107:17:[m[K [01;35m[Kwarning: [m[Kvariable '[01m[Kdummy_mark[m[K' set but not used [[01;35m[K-Wunused-but-set-variable[m[K]
 1107 |     yaml_mark_t [01;35m[Kdummy_mark[m[K;     /* Used to eliminate a compiler warning. */
      |                 [01;35m[K^~~~~~~~~~[m[K
[01m[K/home/zhous/ROS2/micros_ws/firmware/mcu_ws/build/libyaml_vendor/libyaml-10c9078-prefix/src/libyaml-10c9078/src/emitter.c:[m[K In function '[01m[Kyaml_emitter_write_plain_scalar[m[K':
[01m[K/home/zhous/ROS2/micros_ws/firmware/mcu_ws/build/libyaml_vendor/libyaml-10c9078-prefix/src/libyaml-10c9078/src/emitter.c:28:6:[m[K [01;35m[Kwarning: [m[Kvalue computed is not used [[01;35m[K-Wunused-value[m[K]
   28 |      [01;35m[K&&[m[K ((emitter->line_break == YAML_CR_BREAK ?                                \
      |      [01;35m[K^~[m[K
[01m[K/home/zhous/ROS2/micros_ws/firmware/mcu_ws/build/libyaml_vendor/libyaml-10c9078-prefix/src/libyaml-10c9078/src/emitter.c:56:11:[m[K [01;36m[Knote: [m[Kin expansion of macro '[01m[KPUT_BREAK[m[K'
   56 |          ([01;36m[KPUT_BREAK[m[K(emitter),                                                   \
      |           [01;36m[K^~~~~~~~~[m[K
[01m[K/home/zhous/ROS2/micros_ws/firmware/mcu_ws/build/libyaml_vendor/libyaml-10c9078-prefix/src/libyaml-10c9078/src/emitter.c:1931:18:[m[K [01;36m[Knote: [m[Kin expansion of macro '[01m[KWRITE_BREAK[m[K'
 1931 |             if (![01;36m[KWRITE_BREAK[m[K(emitter, string)) return 0;
      |                  [01;36m[K^~~~~~~~~~~[m[K
[01m[K/home/zhous/ROS2/micros_ws/firmware/mcu_ws/build/libyaml_vendor/libyaml-10c9078-prefix/src/libyaml-10c9078/src/emitter.c:[m[K In function '[01m[Kyaml_emitter_write_single_quoted_scalar[m[K':
[01m[K/home/zhous/ROS2/micros_ws/firmware/mcu_ws/build/libyaml_vendor/libyaml-10c9078-prefix/src/libyaml-10c9078/src/emitter.c:28:6:[m[K [01;35m[Kwarning: [m[Kvalue computed is not used [[01;35m[K-Wunused-value[m[K]
   28 |      [01;35m[K&&[m[K ((emitter->line_break == YAML_CR_BREAK ?                                \
      |      [01;35m[K^~[m[K
[01m[K/home/zhous/ROS2/micros_ws/firmware/mcu_ws/build/libyaml_vendor/libyaml-10c9078-prefix/src/libyaml-10c9078/src/emitter.c:56:11:[m[K [01;36m[Knote: [m[Kin expansion of macro '[01m[KPUT_BREAK[m[K'
   56 |          ([01;36m[KPUT_BREAK[m[K(emitter),                                                   \
      |           [01;36m[K^~~~~~~~~[m[K
[01m[K/home/zhous/ROS2/micros_ws/firmware/mcu_ws/build/libyaml_vendor/libyaml-10c9078-prefix/src/libyaml-10c9078/src/emitter.c:1988:18:[m[K [01;36m[Knote: [m[Kin expansion of macro '[01m[KWRITE_BREAK[m[K'
 1988 |             if (![01;36m[KWRITE_BREAK[m[K(emitter, string)) return 0;
      |                  [01;36m[K^~~~~~~~~~~[m[K
[01m[K/home/zhous/ROS2/micros_ws/firmware/mcu_ws/build/libyaml_vendor/libyaml-10c9078-prefix/src/libyaml-10c9078/src/emitter.c:[m[K In function '[01m[Kyaml_emitter_write_literal_scalar[m[K':
[01m[K/home/zhous/ROS2/micros_ws/firmware/mcu_ws/build/libyaml_vendor/libyaml-10c9078-prefix/src/libyaml-10c9078/src/emitter.c:28:6:[m[K [01;35m[Kwarning: [m[Kvalue computed is not used [[01;35m[K-Wunused-value[m[K]
   28 |      [01;35m[K&&[m[K ((emitter->line_break == YAML_CR_BREAK ?                                \
      |      [01;35m[K^~[m[K
[01m[K/home/zhous/ROS2/micros_ws/firmware/mcu_ws/build/libyaml_vendor/libyaml-10c9078-prefix/src/libyaml-10c9078/src/emitter.c:56:11:[m[K [01;36m[Knote: [m[Kin expansion of macro '[01m[KPUT_BREAK[m[K'
   56 |          ([01;36m[KPUT_BREAK[m[K(emitter),                                                   \
      |           [01;36m[K^~~~~~~~~[m[K
[01m[K/home/zhous/ROS2/micros_ws/firmware/mcu_ws/build/libyaml_vendor/libyaml-10c9078-prefix/src/libyaml-10c9078/src/emitter.c:2251:18:[m[K [01;36m[Knote: [m[Kin expansion of macro '[01m[KWRITE_BREAK[m[K'
 2251 |             if (![01;36m[KWRITE_BREAK[m[K(emitter, string)) return 0;
      |                  [01;36m[K^~~~~~~~~~~[m[K
In file included from [01m[K/home/zhous/ROS2/micros_ws/firmware/mcu_ws/build/libyaml_vendor/libyaml-10c9078-prefix/src/libyaml-10c9078/src/scanner.c:478[m[K:
[01m[K/home/zhous/ROS2/micros_ws/firmware/mcu_ws/build/libyaml_vendor/libyaml-10c9078-prefix/src/libyaml-10c9078/src/yaml_private.h:214:[m[K [01;35m[Kwarning: [m[K"IS_DIGIT" redefined
  214 | #define IS_DIGIT(string)    IS_DIGIT_AT((string),0)
      | 
In file included from [01m[K/home/zhous/ROS2/micros_ws/firmware/mcu_ws/build/libyaml_vendor/libyaml-10c9078-prefix/src/libyaml-10c9078/include/yaml.h:19[m[K,
                 from [01m[K/home/zhous/ROS2/micros_ws/firmware/mcu_ws/build/libyaml_vendor/libyaml-10c9078-prefix/src/libyaml-10c9078/src/yaml_private.h:5[m[K,
                 from [01m[K/home/zhous/ROS2/micros_ws/firmware/mcu_ws/build/libyaml_vendor/libyaml-10c9078-prefix/src/libyaml-10c9078/src/scanner.c:478[m[K:
[01m[K/home/zhous/A53Anony/uros/runtime/libc/include/stdio.h:41:[m[K [01;36m[Knote: [m[Kthis is the location of the previous definition
   41 | #define IS_DIGIT(x)       (((x) >= '0') && ((x) <= '9'))
      | 
[01m[K/home/zhous/ROS2/micros_ws/firmware/mcu_ws/build/libyaml_vendor/libyaml-10c9078-prefix/src/libyaml-10c9078/src/emitter.c:[m[K In function '[01m[Kyaml_emitter_write_folded_scalar[m[K':
[01m[K/home/zhous/ROS2/micros_ws/firmware/mcu_ws/build/libyaml_vendor/libyaml-10c9078-prefix/src/libyaml-10c9078/src/emitter.c:28:6:[m[K [01;35m[Kwarning: [m[Kvalue computed is not used [[01;35m[K-Wunused-value[m[K]
   28 |      [01;35m[K&&[m[K ((emitter->line_break == YAML_CR_BREAK ?                                \
      |      [01;35m[K^~[m[K
[01m[K/home/zhous/ROS2/micros_ws/firmware/mcu_ws/build/libyaml_vendor/libyaml-10c9078-prefix/src/libyaml-10c9078/src/emitter.c:56:11:[m[K [01;36m[Knote: [m[Kin expansion of macro '[01m[KPUT_BREAK[m[K'
   56 |          ([01;36m[KPUT_BREAK[m[K(emitter),                                                   \
      |           [01;36m[K^~~~~~~~~[m[K
[01m[K/home/zhous/ROS2/micros_ws/firmware/mcu_ws/build/libyaml_vendor/libyaml-10c9078-prefix/src/libyaml-10c9078/src/emitter.c:2300:18:[m[K [01;36m[Knote: [m[Kin expansion of macro '[01m[KWRITE_BREAK[m[K'
 2300 |             if (![01;36m[KWRITE_BREAK[m[K(emitter, string)) return 0;
      |                  [01;36m[K^~~~~~~~~~~[m[K
[01m[K/home/zhous/ROS2/micros_ws/firmware/mcu_ws/build/libyaml_vendor/libyaml-10c9078-prefix/src/libyaml-10c9078/src/scanner.c:[m[K In function '[01m[Kyaml_parser_decrease_flow_level[m[K':
[01m[K/home/zhous/ROS2/micros_ws/firmware/mcu_ws/build/libyaml_vendor/libyaml-10c9078-prefix/src/libyaml-10c9078/src/scanner.c:1189:23:[m[K [01;35m[Kwarning: [m[Kvariable '[01m[Kdummy_key[m[K' set but not used [[01;35m[K-Wunused-but-set-variable[m[K]
 1189 |     yaml_simple_key_t [01;35m[Kdummy_key[m[K;    /* Used to eliminate a compiler warning. */
      |                       [01;35m[K^~~~~~~~~[m[K
