Re-run cmake no build system arguments
-- The C compiler identification is GNU 9.2.1
-- The CXX compiler identification is GNU 9.2.1
-- Check for working C compiler: /home/zhous/ROS2/micros_ws/firmware/freertos_apps/microros_intel_A53Anony_extensions/../../toolchain/bin/aarch64-none-elf-gcc
-- Check for working C compiler: /home/zhous/ROS2/micros_ws/firmware/freertos_apps/microros_intel_A53Anony_extensions/../../toolchain/bin/aarch64-none-elf-gcc -- works
-- Detecting C compiler ABI info
-- Detecting C compiler ABI info - done
-- Detecting C compile features
-- Detecting C compile features - done
-- Check for working CXX compiler: /home/zhous/ROS2/micros_ws/firmware/freertos_apps/microros_intel_A53Anony_extensions/../../toolchain/bin/aarch64-none-elf-g++
-- Check for working CXX compiler: /home/zhous/ROS2/micros_ws/firmware/freertos_apps/microros_intel_A53Anony_extensions/../../toolchain/bin/aarch64-none-elf-g++ -- works
-- Detecting CXX compiler ABI info
-- Detecting CXX compiler ABI info - done
-- Detecting CXX compile features
-- Detecting CXX compile features - done
-- Found ament_cmake: 0.7.6 (/home/zhous/ROS2/micros_ws/firmware/dev_ws/install/ament_cmake/share/ament_cmake/cmake)
-- Found PythonInterp: /usr/bin/python3 (found suitable version "3.6.9", minimum required is "3") 
-- Using PYTHON_EXECUTABLE: /usr/bin/python3
-- Configuring done
-- Generating done
CMake Warning:
  Manually-specified variables were not used by the project:

    BUILD_SHARED_LIBS
    THIRDPARTY


-- Build files have been written to: /home/zhous/ROS2/micros_ws/firmware/mcu_ws/build/libyaml_vendor
make[1]: Entering directory '/home/zhous/ROS2/micros_ws/firmware/mcu_ws/build/libyaml_vendor'
/usr/bin/cmake -H/home/zhous/ROS2/micros_ws/firmware/mcu_ws/ros2/libyaml_vendor -B/home/zhous/ROS2/micros_ws/firmware/mcu_ws/build/libyaml_vendor --check-build-system CMakeFiles/Makefile.cmake 0
/usr/bin/cmake -E cmake_progress_start /home/zhous/ROS2/micros_ws/firmware/mcu_ws/build/libyaml_vendor/CMakeFiles /home/zhous/ROS2/micros_ws/firmware/mcu_ws/build/libyaml_vendor/CMakeFiles/progress.marks
/usr/bin/make -f CMakeFiles/Makefile2 all
make[2]: Entering directory '/home/zhous/ROS2/micros_ws/firmware/mcu_ws/build/libyaml_vendor'
/usr/bin/make -f CMakeFiles/libyaml-10c9078.dir/build.make CMakeFiles/libyaml-10c9078.dir/depend
make[3]: Entering directory '/home/zhous/ROS2/micros_ws/firmware/mcu_ws/build/libyaml_vendor'
cd /home/zhous/ROS2/micros_ws/firmware/mcu_ws/build/libyaml_vendor && /usr/bin/cmake -E cmake_depends "Unix Makefiles" /home/zhous/ROS2/micros_ws/firmware/mcu_ws/ros2/libyaml_vendor /home/zhous/ROS2/micros_ws/firmware/mcu_ws/ros2/libyaml_vendor /home/zhous/ROS2/micros_ws/firmware/mcu_ws/build/libyaml_vendor /home/zhous/ROS2/micros_ws/firmware/mcu_ws/build/libyaml_vendor /home/zhous/ROS2/micros_ws/firmware/mcu_ws/build/libyaml_vendor/CMakeFiles/libyaml-10c9078.dir/DependInfo.cmake --color=
Dependee "/home/zhous/ROS2/micros_ws/firmware/mcu_ws/build/libyaml_vendor/CMakeFiles/libyaml-10c9078.dir/DependInfo.cmake" is newer than depender "/home/zhous/ROS2/micros_ws/firmware/mcu_ws/build/libyaml_vendor/CMakeFiles/libyaml-10c9078.dir/depend.internal".
Dependee "/home/zhous/ROS2/micros_ws/firmware/mcu_ws/build/libyaml_vendor/CMakeFiles/CMakeDirectoryInformation.cmake" is newer than depender "/home/zhous/ROS2/micros_ws/firmware/mcu_ws/build/libyaml_vendor/CMakeFiles/libyaml-10c9078.dir/depend.internal".
[35m[1mScanning dependencies of target libyaml-10c9078[0m
make[3]: Leaving directory '/home/zhous/ROS2/micros_ws/firmware/mcu_ws/build/libyaml_vendor'
/usr/bin/make -f CMakeFiles/libyaml-10c9078.dir/build.make CMakeFiles/libyaml-10c9078.dir/build
make[3]: Entering directory '/home/zhous/ROS2/micros_ws/firmware/mcu_ws/build/libyaml_vendor'
[ 12%] [34m[1mCreating directories for 'libyaml-10c9078'[0m
/usr/bin/cmake -E make_directory /home/zhous/ROS2/micros_ws/firmware/mcu_ws/build/libyaml_vendor/libyaml-10c9078-prefix/src/libyaml-10c9078
/usr/bin/cmake -E make_directory /home/zhous/ROS2/micros_ws/firmware/mcu_ws/build/libyaml_vendor/libyaml-10c9078-prefix/src/libyaml-10c9078-build
/usr/bin/cmake -E make_directory /home/zhous/ROS2/micros_ws/firmware/mcu_ws/build/libyaml_vendor/libyaml-10c9078-prefix
/usr/bin/cmake -E make_directory /home/zhous/ROS2/micros_ws/firmware/mcu_ws/build/libyaml_vendor/libyaml-10c9078-prefix/tmp
/usr/bin/cmake -E make_directory /home/zhous/ROS2/micros_ws/firmware/mcu_ws/build/libyaml_vendor/libyaml-10c9078-prefix/src/libyaml-10c9078-stamp
/usr/bin/cmake -E make_directory /home/zhous/ROS2/micros_ws/firmware/mcu_ws/build/libyaml_vendor/libyaml-10c9078-prefix/src
/usr/bin/cmake -E touch /home/zhous/ROS2/micros_ws/firmware/mcu_ws/build/libyaml_vendor/libyaml-10c9078-prefix/src/libyaml-10c9078-stamp/libyaml-10c9078-mkdir
[ 25%] [34m[1mPerforming download step (download, verify and extract) for 'libyaml-10c9078'[0m
cd /home/zhous/ROS2/micros_ws/firmware/mcu_ws/build/libyaml_vendor/libyaml-10c9078-prefix/src && /usr/bin/cmake -P /home/zhous/ROS2/micros_ws/firmware/mcu_ws/build/libyaml_vendor/libyaml-10c9078-prefix/src/libyaml-10c9078-stamp/download-libyaml-10c9078.cmake
-- Downloading...
   dst='/home/zhous/ROS2/micros_ws/firmware/mcu_ws/build/libyaml_vendor/libyaml-10c9078-prefix/src/10c907871f1ccd779c7fccf6b81a62762b5c4e7b.zip'
   timeout='60 seconds'
-- Using src='https://github.com/yaml/libyaml/archive/10c907871f1ccd779c7fccf6b81a62762b5c4e7b.zip'
-- [download 1% complete]
-- [download 2% complete]
-- [download 3% complete]
-- [download 5% complete]
-- [download 6% complete]
-- [download 7% complete]
-- [download 9% complete]
-- [download 10% complete]
-- [download 11% complete]
-- [download 13% complete]
-- [download 14% complete]
-- [download 15% complete]
-- [download 17% complete]
-- [download 18% complete]
-- [download 20% complete]
-- [download 21% complete]
-- [download 22% complete]
-- [download 24% complete]
-- [download 25% complete]
-- [download 26% complete]
-- [download 28% complete]
-- [download 29% complete]
-- [download 30% complete]
-- [download 32% complete]
-- [download 33% complete]
-- [download 34% complete]
-- [download 36% complete]
-- [download 37% complete]
-- [download 38% complete]
-- [download 40% complete]
-- [download 41% complete]
-- [download 42% complete]
-- [download 44% complete]
-- [download 45% complete]
-- [download 46% complete]
-- [download 48% complete]
-- [download 49% complete]
-- [download 50% complete]
-- [download 52% complete]
-- [download 53% complete]
-- [download 54% complete]
-- [download 56% complete]
-- [download 57% complete]
-- [download 58% complete]
-- [download 60% complete]
-- [download 61% complete]
-- [download 63% complete]
-- [download 64% complete]
-- [download 65% complete]
-- [download 66% complete]
-- [download 68% complete]
-- [download 69% complete]
-- [download 70% complete]
-- [download 72% complete]
-- [download 73% complete]
-- [download 74% complete]
-- [download 76% complete]
-- [download 77% complete]
-- [download 78% complete]
-- [download 80% complete]
-- [download 81% complete]
-- [download 83% complete]
-- [download 84% complete]
-- [download 85% complete]
-- [download 87% complete]
-- [download 88% complete]
-- [download 89% complete]
-- [download 91% complete]
-- [download 92% complete]
-- [download 93% complete]
-- [download 95% complete]
-- [download 96% complete]
-- [download 97% complete]
-- [download 99% complete]
-- [download 100% complete]
-- verifying file...
       file='/home/zhous/ROS2/micros_ws/firmware/mcu_ws/build/libyaml_vendor/libyaml-10c9078-prefix/src/10c907871f1ccd779c7fccf6b81a62762b5c4e7b.zip'
-- Downloading... done
cd /home/zhous/ROS2/micros_ws/firmware/mcu_ws/build/libyaml_vendor/libyaml-10c9078-prefix/src && /usr/bin/cmake -P /home/zhous/ROS2/micros_ws/firmware/mcu_ws/build/libyaml_vendor/libyaml-10c9078-prefix/src/libyaml-10c9078-stamp/verify-libyaml-10c9078.cmake
cd /home/zhous/ROS2/micros_ws/firmware/mcu_ws/build/libyaml_vendor/libyaml-10c9078-prefix/src && /usr/bin/cmake -P /home/zhous/ROS2/micros_ws/firmware/mcu_ws/build/libyaml_vendor/libyaml-10c9078-prefix/src/libyaml-10c9078-stamp/extract-libyaml-10c9078.cmake
-- extracting...
     src='/home/zhous/ROS2/micros_ws/firmware/mcu_ws/build/libyaml_vendor/libyaml-10c9078-prefix/src/10c907871f1ccd779c7fccf6b81a62762b5c4e7b.zip'
     dst='/home/zhous/ROS2/micros_ws/firmware/mcu_ws/build/libyaml_vendor/libyaml-10c9078-prefix/src/libyaml-10c9078'
-- extracting... [tar xfz]
-- extracting... [analysis]
-- extracting... [rename]
-- extracting... [clean up]
-- extracting... done
cd /home/zhous/ROS2/micros_ws/firmware/mcu_ws/build/libyaml_vendor/libyaml-10c9078-prefix/src && /usr/bin/cmake -E touch /home/zhous/ROS2/micros_ws/firmware/mcu_ws/build/libyaml_vendor/libyaml-10c9078-prefix/src/libyaml-10c9078-stamp/libyaml-10c9078-download
[ 37%] [34m[1mNo patch step for 'libyaml-10c9078'[0m
/usr/bin/cmake -E echo_append
[ 50%] [34m[1mNo update step for 'libyaml-10c9078'[0m
/usr/bin/cmake -E echo_append
/usr/bin/cmake -E touch /home/zhous/ROS2/micros_ws/firmware/mcu_ws/build/libyaml_vendor/libyaml-10c9078-prefix/src/libyaml-10c9078-stamp/libyaml-10c9078-patch
/usr/bin/cmake -E touch /home/zhous/ROS2/micros_ws/firmware/mcu_ws/build/libyaml_vendor/libyaml-10c9078-prefix/src/libyaml-10c9078-stamp/libyaml-10c9078-update
[ 62%] [34m[1mPerforming configure step for 'libyaml-10c9078'[0m
cd /home/zhous/ROS2/micros_ws/firmware/mcu_ws/build/libyaml_vendor/libyaml-10c9078-prefix/src/libyaml-10c9078-build && /usr/bin/cmake -DCMAKE_INSTALL_PREFIX=/home/zhous/ROS2/micros_ws/firmware/mcu_ws/build/libyaml_vendor/libyaml_install -DCMAKE_BUILD_TYPE=Debug -DBUILD_SHARED_LIBS=ON -DBUILD_TESTING=OFF -DCMAKE_TOOLCHAIN_FILE=/home/zhous/ROS2/micros_ws/firmware/freertos_apps/microros_intel_A53Anony_extensions/arm_toolchain.cmake "-GUnix Makefiles" /home/zhous/ROS2/micros_ws/firmware/mcu_ws/build/libyaml_vendor/libyaml-10c9078-prefix/src/libyaml-10c9078
Re-run cmake no build system arguments
-- The C compiler identification is GNU 9.2.1
-- Check for working C compiler: /home/zhous/ROS2/micros_ws/firmware/freertos_apps/microros_intel_A53Anony_extensions/../../toolchain/bin/aarch64-none-elf-gcc
-- Check for working C compiler: /home/zhous/ROS2/micros_ws/firmware/freertos_apps/microros_intel_A53Anony_extensions/../../toolchain/bin/aarch64-none-elf-gcc -- works
-- Detecting C compiler ABI info
-- Detecting C compiler ABI info - done
-- Detecting C compile features
-- Detecting C compile features - done
CMake Warning (dev) at CMakeLists.txt:55 (add_library):
  ADD_LIBRARY called with SHARED option but the target platform does not
  support dynamic linking.  Building a STATIC library instead.  This may lead
  to problems.
This warning is for project developers.  Use -Wno-dev to suppress it.

-- Configuring done
-- Generating done
-- Build files have been written to: /home/zhous/ROS2/micros_ws/firmware/mcu_ws/build/libyaml_vendor/libyaml-10c9078-prefix/src/libyaml-10c9078-build
cd /home/zhous/ROS2/micros_ws/firmware/mcu_ws/build/libyaml_vendor/libyaml-10c9078-prefix/src/libyaml-10c9078-build && /usr/bin/cmake -E touch /home/zhous/ROS2/micros_ws/firmware/mcu_ws/build/libyaml_vendor/libyaml-10c9078-prefix/src/libyaml-10c9078-stamp/libyaml-10c9078-configure
[ 75%] [34m[1mPerforming build step for 'libyaml-10c9078'[0m
cd /home/zhous/ROS2/micros_ws/firmware/mcu_ws/build/libyaml_vendor/libyaml-10c9078-prefix/src/libyaml-10c9078-build && /usr/bin/make
make[4]: Entering directory '/home/zhous/ROS2/micros_ws/firmware/mcu_ws/build/libyaml_vendor/libyaml-10c9078-prefix/src/libyaml-10c9078-build'
/usr/bin/cmake -H/home/zhous/ROS2/micros_ws/firmware/mcu_ws/build/libyaml_vendor/libyaml-10c9078-prefix/src/libyaml-10c9078 -B/home/zhous/ROS2/micros_ws/firmware/mcu_ws/build/libyaml_vendor/libyaml-10c9078-prefix/src/libyaml-10c9078-build --check-build-system CMakeFiles/Makefile.cmake 0
/usr/bin/cmake -E cmake_progress_start /home/zhous/ROS2/micros_ws/firmware/mcu_ws/build/libyaml_vendor/libyaml-10c9078-prefix/src/libyaml-10c9078-build/CMakeFiles /home/zhous/ROS2/micros_ws/firmware/mcu_ws/build/libyaml_vendor/libyaml-10c9078-prefix/src/libyaml-10c9078-build/CMakeFiles/progress.marks
/usr/bin/make -f CMakeFiles/Makefile2 all
make[5]: Entering directory '/home/zhous/ROS2/micros_ws/firmware/mcu_ws/build/libyaml_vendor/libyaml-10c9078-prefix/src/libyaml-10c9078-build'
/usr/bin/make -f CMakeFiles/yaml.dir/build.make CMakeFiles/yaml.dir/depend
make[6]: Entering directory '/home/zhous/ROS2/micros_ws/firmware/mcu_ws/build/libyaml_vendor/libyaml-10c9078-prefix/src/libyaml-10c9078-build'
cd /home/zhous/ROS2/micros_ws/firmware/mcu_ws/build/libyaml_vendor/libyaml-10c9078-prefix/src/libyaml-10c9078-build && /usr/bin/cmake -E cmake_depends "Unix Makefiles" /home/zhous/ROS2/micros_ws/firmware/mcu_ws/build/libyaml_vendor/libyaml-10c9078-prefix/src/libyaml-10c9078 /home/zhous/ROS2/micros_ws/firmware/mcu_ws/build/libyaml_vendor/libyaml-10c9078-prefix/src/libyaml-10c9078 /home/zhous/ROS2/micros_ws/firmware/mcu_ws/build/libyaml_vendor/libyaml-10c9078-prefix/src/libyaml-10c9078-build /home/zhous/ROS2/micros_ws/firmware/mcu_ws/build/libyaml_vendor/libyaml-10c9078-prefix/src/libyaml-10c9078-build /home/zhous/ROS2/micros_ws/firmware/mcu_ws/build/libyaml_vendor/libyaml-10c9078-prefix/src/libyaml-10c9078-build/CMakeFiles/yaml.dir/DependInfo.cmake --color=
Dependee "/home/zhous/ROS2/micros_ws/firmware/mcu_ws/build/libyaml_vendor/libyaml-10c9078-prefix/src/libyaml-10c9078-build/CMakeFiles/yaml.dir/DependInfo.cmake" is newer than depender "/home/zhous/ROS2/micros_ws/firmware/mcu_ws/build/libyaml_vendor/libyaml-10c9078-prefix/src/libyaml-10c9078-build/CMakeFiles/yaml.dir/depend.internal".
Dependee "/home/zhous/ROS2/micros_ws/firmware/mcu_ws/build/libyaml_vendor/libyaml-10c9078-prefix/src/libyaml-10c9078-build/CMakeFiles/CMakeDirectoryInformation.cmake" is newer than depender "/home/zhous/ROS2/micros_ws/firmware/mcu_ws/build/libyaml_vendor/libyaml-10c9078-prefix/src/libyaml-10c9078-build/CMakeFiles/yaml.dir/depend.internal".
[35m[1mScanning dependencies of target yaml[0m
make[6]: Leaving directory '/home/zhous/ROS2/micros_ws/firmware/mcu_ws/build/libyaml_vendor/libyaml-10c9078-prefix/src/libyaml-10c9078-build'
/usr/bin/make -f CMakeFiles/yaml.dir/build.make CMakeFiles/yaml.dir/build
make[6]: Entering directory '/home/zhous/ROS2/micros_ws/firmware/mcu_ws/build/libyaml_vendor/libyaml-10c9078-prefix/src/libyaml-10c9078-build'
[ 11%] [32mBuilding C object CMakeFiles/yaml.dir/src/dumper.c.obj[0m
[ 22%] [32mBuilding C object CMakeFiles/yaml.dir/src/api.c.obj[0m
[ 33%] [32mBuilding C object CMakeFiles/yaml.dir/src/loader.c.obj[0m
[ 44%] [32mBuilding C object CMakeFiles/yaml.dir/src/parser.c.obj[0m
/home/zhous/ROS2/micros_ws/firmware/freertos_apps/microros_intel_A53Anony_extensions/../../toolchain/bin/aarch64-none-elf-gcc --sysroot=/home/zhous/ROS2/micros_ws/firmware/freertos_apps/microros_intel_A53Anony_extensions/../.. -DHAVE_CONFIG_H -isystem /home/zhous/ROS2/micros_ws/firmware/freertos_apps/microros_intel_A53Anony_extensions/include -isystem /home/zhous/ROS2/micros_ws/firmware/freertos_apps/microros_intel_A53Anony_extensions/include/private -isystem /home/zhous/ROS2/micros_ws/firmware/freertos_apps/microros_intel_A53Anony_extensions/include/FreeRTOS_POSIX -isystem /home/zhous/ROS2/micros_ws/firmware/freertos_apps/microros_intel_A53Anony_extensions/FreeRTOS-Plus-POSIX/include -isystem /home/zhous/ROS2/micros_ws/firmware/freertos_apps/microros_intel_A53Anony_extensions/include/FreeRTOS_POSIX/sys -isystem /home/zhous/A53Anony/uros/os/freertos/os_shared/include -isystem /home/zhous/A53Anony/uros/os/freertos/os_shared/core/include -isystem /home/zhous/A53Anony/uros/os/freertos/FreeRTOS/Source/include -isystem /home/zhous/A53Anony/uros/os/freertos/Boards/A53Anony/freertos-smp -isystem /home/zhous/A53Anony/uros/os/freertos/Boards/A53Anony/freertos-smp/include -isystem /home/zhous/A53Anony/uros/os/freertos/Boards/A53Anony/freertos-smp/portable/include -isystem /home/zhous/A53Anony/uros/os/freertos/Boards/A53Anony/drivers -isystem /home/zhous/A53Anony/uros/os/freertos/Boards/A53Anony/drivers/delay_timer -isystem /home/zhous/A53Anony/uros/os/freertos/Boards/A53Anony/drivers/ehu -isystem /home/zhous/A53Anony/uros/os/freertos/Boards/A53Anony/drivers/gic -isystem /home/zhous/A53Anony/uros/os/freertos/Boards/A53Anony/drivers/hal -isystem /home/zhous/A53Anony/uros/os/freertos/Boards/A53Anony/drivers/A53Anony -isystem /home/zhous/A53Anony/uros/os/freertos/Boards/A53Anony/drivers/include -isystem /home/zhous/A53Anony/uros/os/freertos/Boards/A53Anony/drivers/mmu -isystem /home/zhous/A53Anony/uros/os/freertos/Boards/A53Anony/drivers/perf_pmu -isystem /home/zhous/A53Anony/uros/os/freertos/Boards/A53Anony/drivers/uart -isystem /home/zhous/A53Anony/uros/os/freertos/Boards/A53Anony/drivers/wdt -isystem /home/zhous/A53Anony/uros/os/freertos/Boards/A53Anony/heaps -isystem /home/zhous/A53Anony/uros/os/freertos/Boards/A53Anony/include -isystem /home/zhous/A53Anony/uros/os/freertos/Boards/A53Anony/rtos_support/include -isystem /home/zhous/A53Anony/uros/os/freertos/Boards/A53Anony/tests/benchmarks -isystem /home/zhous/A53Anony/uros/os/freertos/Boards/A53Anony/tests/freertos-test/include -isystem /home/zhous/A53Anony/uros/os/freertos/Boards/A53Anony/third-party -isystem /home/zhous/A53Anony/uros/os/freertos/Boards/A53Anony/third-party/benchmark/include -isystem /home/zhous/A53Anony/uros/os/freertos/Boards/A53Anony/third-party/console -isystem /home/zhous/A53Anony/uros/os/freertos/Boards/A53Anony/third-party/debug -isystem /home/zhous/A53Anony/uros/os/freertos/FreeRTOS-Posix/FreeRTOS-Plus-POSIX/include -isystem /home/zhous/A53Anony/uros/os/freertos/FreeRTOS-Posix/FreeRTOS-Plus-POSIX/include/portable -isystem /home/zhous/A53Anony/uros/os/freertos/FreeRTOS-Posix/FreeRTOS-Plus-POSIX/include/portable/intel/A53Anony -isystem /home/zhous/A53Anony/uros/io/ethernet -isystem /home/zhous/A53Anony/uros/io/ethernet/eqos -isystem /home/zhous/A53Anony/uros/io/ethernet/include -isystem /home/zhous/A53Anony/uros/io/ethernet/include/freertos -isystem /home/zhous/A53Anony/uros/io/ethernet/phy -isystem /home/zhous/A53Anony/uros/os/freertos/FreeRTOS-Plus/Source/FreeRTOS-Plus-TCP/include -isystem /home/zhous/A53Anony/uros/os/freertos/FreeRTOS-Plus/Source/FreeRTOS-Plus-TCP/portable/Compiler/GCC -isystem /home/zhous/A53Anony/uros/runtime/ert_cxx/include -isystem /home/zhous/A53Anony/uros/runtime/libc/include -isystem /home/zhous/A53Anony/uros/runtime/libc/include/sys -isystem /home/zhous/A53Anony/uros/runtime/libc/include/aarch64 -isystem /home/zhous/A53Anony/uros/runtime/libc/src/math -isystem /home/zhous/A53Anony/uros/runtime/libcxx/include -isystem /home/zhous/A53Anony/uros/runtime/osal/include -isystem /home/zhous/A53Anony/uros/common/cbm/include -isystem /home/zhous/A53Anony/uros/common/component_base/interface -isystem /home/zhous/A53Anony/uros/common/drv_utils/include -isystem /home/zhous/A53Anony/uros/common/kosal/interface -isystem /home/zhous/A53Anony/uros/common/mef/include -isystem /home/zhous/A53Anony/uros/common/pm/include -isystem /home/zhous/A53Anony/uros/common/socket/include -isystem /home/zhous/A53Anony/uros/common/top_pbk/include -isystem /home/zhous/A53Anony/uros/common/trace_log/include -I/home/zhous/ROS2/micros_ws/firmware/mcu_ws/build/libyaml_vendor/libyaml-10c9078-prefix/src/libyaml-10c9078/include -I/home/zhous/ROS2/micros_ws/firmware/mcu_ws/build/libyaml_vendor/libyaml-10c9078-prefix/src/libyaml-10c9078-build/include  -std=c99 -mcpu=cortex-a53 -fno-exceptions -fno-non-call-exceptions   -g -O0 -DFREERTOS -DGUEST -DBOARD_A53Anony=1 -DPLAT_A53Anony -DBUILD_RVP -DBOOT_FW_FROM_SRAM -DENABLE_MMU -DBUILD_UNITY -DBUILD_ETH -DNETWORK_UTILS -DNET_AUTOLOAD -DBUILD_DM -DBUILD_SYSM -DFOOTPRINT_TEST  -nostdinc -fno-builtin -Wall -fdata-sections -ffunction-sections -g   -o CMakeFiles/yaml.dir/src/dumper.c.obj   -c /home/zhous/ROS2/micros_ws/firmware/mcu_ws/build/libyaml_vendor/libyaml-10c9078-prefix/src/libyaml-10c9078/src/dumper.c
[ 55%] [32mBuilding C object CMakeFiles/yaml.dir/src/writer.c.obj[0m
/home/zhous/ROS2/micros_ws/firmware/freertos_apps/microros_intel_A53Anony_extensions/../../toolchain/bin/aarch64-none-elf-gcc --sysroot=/home/zhous/ROS2/micros_ws/firmware/freertos_apps/microros_intel_A53Anony_extensions/../.. -DHAVE_CONFIG_H -isystem /home/zhous/ROS2/micros_ws/firmware/freertos_apps/microros_intel_A53Anony_extensions/include -isystem /home/zhous/ROS2/micros_ws/firmware/freertos_apps/microros_intel_A53Anony_extensions/include/private -isystem /home/zhous/ROS2/micros_ws/firmware/freertos_apps/microros_intel_A53Anony_extensions/include/FreeRTOS_POSIX -isystem /home/zhous/ROS2/micros_ws/firmware/freertos_apps/microros_intel_A53Anony_extensions/FreeRTOS-Plus-POSIX/include -isystem /home/zhous/ROS2/micros_ws/firmware/freertos_apps/microros_intel_A53Anony_extensions/include/FreeRTOS_POSIX/sys -isystem /home/zhous/A53Anony/uros/os/freertos/os_shared/include -isystem /home/zhous/A53Anony/uros/os/freertos/os_shared/core/include -isystem /home/zhous/A53Anony/uros/os/freertos/FreeRTOS/Source/include -isystem /home/zhous/A53Anony/uros/os/freertos/Boards/A53Anony/freertos-smp -isystem /home/zhous/A53Anony/uros/os/freertos/Boards/A53Anony/freertos-smp/include -isystem /home/zhous/A53Anony/uros/os/freertos/Boards/A53Anony/freertos-smp/portable/include -isystem /home/zhous/A53Anony/uros/os/freertos/Boards/A53Anony/drivers -isystem /home/zhous/A53Anony/uros/os/freertos/Boards/A53Anony/drivers/delay_timer -isystem /home/zhous/A53Anony/uros/os/freertos/Boards/A53Anony/drivers/ehu -isystem /home/zhous/A53Anony/uros/os/freertos/Boards/A53Anony/drivers/gic -isystem /home/zhous/A53Anony/uros/os/freertos/Boards/A53Anony/drivers/hal -isystem /home/zhous/A53Anony/uros/os/freertos/Boards/A53Anony/drivers/A53Anony -isystem /home/zhous/A53Anony/uros/os/freertos/Boards/A53Anony/drivers/include -isystem /home/zhous/A53Anony/uros/os/freertos/Boards/A53Anony/drivers/mmu -isystem /home/zhous/A53Anony/uros/os/freertos/Boards/A53Anony/drivers/perf_pmu -isystem /home/zhous/A53Anony/uros/os/freertos/Boards/A53Anony/drivers/uart -isystem /home/zhous/A53Anony/uros/os/freertos/Boards/A53Anony/drivers/wdt -isystem /home/zhous/A53Anony/uros/os/freertos/Boards/A53Anony/heaps -isystem /home/zhous/A53Anony/uros/os/freertos/Boards/A53Anony/include -isystem /home/zhous/A53Anony/uros/os/freertos/Boards/A53Anony/rtos_support/include -isystem /home/zhous/A53Anony/uros/os/freertos/Boards/A53Anony/tests/benchmarks -isystem /home/zhous/A53Anony/uros/os/freertos/Boards/A53Anony/tests/freertos-test/include -isystem /home/zhous/A53Anony/uros/os/freertos/Boards/A53Anony/third-party -isystem /home/zhous/A53Anony/uros/os/freertos/Boards/A53Anony/third-party/benchmark/include -isystem /home/zhous/A53Anony/uros/os/freertos/Boards/A53Anony/third-party/console -isystem /home/zhous/A53Anony/uros/os/freertos/Boards/A53Anony/third-party/debug -isystem /home/zhous/A53Anony/uros/os/freertos/FreeRTOS-Posix/FreeRTOS-Plus-POSIX/include -isystem /home/zhous/A53Anony/uros/os/freertos/FreeRTOS-Posix/FreeRTOS-Plus-POSIX/include/portable -isystem /home/zhous/A53Anony/uros/os/freertos/FreeRTOS-Posix/FreeRTOS-Plus-POSIX/include/portable/intel/A53Anony -isystem /home/zhous/A53Anony/uros/io/ethernet -isystem /home/zhous/A53Anony/uros/io/ethernet/eqos -isystem /home/zhous/A53Anony/uros/io/ethernet/include -isystem /home/zhous/A53Anony/uros/io/ethernet/include/freertos -isystem /home/zhous/A53Anony/uros/io/ethernet/phy -isystem /home/zhous/A53Anony/uros/os/freertos/FreeRTOS-Plus/Source/FreeRTOS-Plus-TCP/include -isystem /home/zhous/A53Anony/uros/os/freertos/FreeRTOS-Plus/Source/FreeRTOS-Plus-TCP/portable/Compiler/GCC -isystem /home/zhous/A53Anony/uros/runtime/ert_cxx/include -isystem /home/zhous/A53Anony/uros/runtime/libc/include -isystem /home/zhous/A53Anony/uros/runtime/libc/include/sys -isystem /home/zhous/A53Anony/uros/runtime/libc/include/aarch64 -isystem /home/zhous/A53Anony/uros/runtime/libc/src/math -isystem /home/zhous/A53Anony/uros/runtime/libcxx/include -isystem /home/zhous/A53Anony/uros/runtime/osal/include -isystem /home/zhous/A53Anony/uros/common/cbm/include -isystem /home/zhous/A53Anony/uros/common/component_base/interface -isystem /home/zhous/A53Anony/uros/common/drv_utils/include -isystem /home/zhous/A53Anony/uros/common/kosal/interface -isystem /home/zhous/A53Anony/uros/common/mef/include -isystem /home/zhous/A53Anony/uros/common/pm/include -isystem /home/zhous/A53Anony/uros/common/socket/include -isystem /home/zhous/A53Anony/uros/common/top_pbk/include -isystem /home/zhous/A53Anony/uros/common/trace_log/include -I/home/zhous/ROS2/micros_ws/firmware/mcu_ws/build/libyaml_vendor/libyaml-10c9078-prefix/src/libyaml-10c9078/include -I/home/zhous/ROS2/micros_ws/firmware/mcu_ws/build/libyaml_vendor/libyaml-10c9078-prefix/src/libyaml-10c9078-build/include  -std=c99 -mcpu=cortex-a53 -fno-exceptions -fno-non-call-exceptions   -g -O0 -DFREERTOS -DGUEST -DBOARD_A53Anony=1 -DPLAT_A53Anony -DBUILD_RVP -DBOOT_FW_FROM_SRAM -DENABLE_MMU -DBUILD_UNITY -DBUILD_ETH -DNETWORK_UTILS -DNET_AUTOLOAD -DBUILD_DM -DBUILD_SYSM -DFOOTPRINT_TEST  -nostdinc -fno-builtin -Wall -fdata-sections -ffunction-sections -g   -o CMakeFiles/yaml.dir/src/api.c.obj   -c /home/zhous/ROS2/micros_ws/firmware/mcu_ws/build/libyaml_vendor/libyaml-10c9078-prefix/src/libyaml-10c9078/src/api.c
/home/zhous/ROS2/micros_ws/firmware/freertos_apps/microros_intel_A53Anony_extensions/../../toolchain/bin/aarch64-none-elf-gcc --sysroot=/home/zhous/ROS2/micros_ws/firmware/freertos_apps/microros_intel_A53Anony_extensions/../.. -DHAVE_CONFIG_H -isystem /home/zhous/ROS2/micros_ws/firmware/freertos_apps/microros_intel_A53Anony_extensions/include -isystem /home/zhous/ROS2/micros_ws/firmware/freertos_apps/microros_intel_A53Anony_extensions/include/private -isystem /home/zhous/ROS2/micros_ws/firmware/freertos_apps/microros_intel_A53Anony_extensions/include/FreeRTOS_POSIX -isystem /home/zhous/ROS2/micros_ws/firmware/freertos_apps/microros_intel_A53Anony_extensions/FreeRTOS-Plus-POSIX/include -isystem /home/zhous/ROS2/micros_ws/firmware/freertos_apps/microros_intel_A53Anony_extensions/include/FreeRTOS_POSIX/sys -isystem /home/zhous/A53Anony/uros/os/freertos/os_shared/include -isystem /home/zhous/A53Anony/uros/os/freertos/os_shared/core/include -isystem /home/zhous/A53Anony/uros/os/freertos/FreeRTOS/Source/include -isystem /home/zhous/A53Anony/uros/os/freertos/Boards/A53Anony/freertos-smp -isystem /home/zhous/A53Anony/uros/os/freertos/Boards/A53Anony/freertos-smp/include -isystem /home/zhous/A53Anony/uros/os/freertos/Boards/A53Anony/freertos-smp/portable/include -isystem /home/zhous/A53Anony/uros/os/freertos/Boards/A53Anony/drivers -isystem /home/zhous/A53Anony/uros/os/freertos/Boards/A53Anony/drivers/delay_timer -isystem /home/zhous/A53Anony/uros/os/freertos/Boards/A53Anony/drivers/ehu -isystem /home/zhous/A53Anony/uros/os/freertos/Boards/A53Anony/drivers/gic -isystem /home/zhous/A53Anony/uros/os/freertos/Boards/A53Anony/drivers/hal -isystem /home/zhous/A53Anony/uros/os/freertos/Boards/A53Anony/drivers/A53Anony -isystem /home/zhous/A53Anony/uros/os/freertos/Boards/A53Anony/drivers/include -isystem /home/zhous/A53Anony/uros/os/freertos/Boards/A53Anony/drivers/mmu -isystem /home/zhous/A53Anony/uros/os/freertos/Boards/A53Anony/drivers/perf_pmu -isystem /home/zhous/A53Anony/uros/os/freertos/Boards/A53Anony/drivers/uart -isystem /home/zhous/A53Anony/uros/os/freertos/Boards/A53Anony/drivers/wdt -isystem /home/zhous/A53Anony/uros/os/freertos/Boards/A53Anony/heaps -isystem /home/zhous/A53Anony/uros/os/freertos/Boards/A53Anony/include -isystem /home/zhous/A53Anony/uros/os/freertos/Boards/A53Anony/rtos_support/include -isystem /home/zhous/A53Anony/uros/os/freertos/Boards/A53Anony/tests/benchmarks -isystem /home/zhous/A53Anony/uros/os/freertos/Boards/A53Anony/tests/freertos-test/include -isystem /home/zhous/A53Anony/uros/os/freertos/Boards/A53Anony/third-party -isystem /home/zhous/A53Anony/uros/os/freertos/Boards/A53Anony/third-party/benchmark/include -isystem /home/zhous/A53Anony/uros/os/freertos/Boards/A53Anony/third-party/console -isystem /home/zhous/A53Anony/uros/os/freertos/Boards/A53Anony/third-party/debug -isystem /home/zhous/A53Anony/uros/os/freertos/FreeRTOS-Posix/FreeRTOS-Plus-POSIX/include -isystem /home/zhous/A53Anony/uros/os/freertos/FreeRTOS-Posix/FreeRTOS-Plus-POSIX/include/portable -isystem /home/zhous/A53Anony/uros/os/freertos/FreeRTOS-Posix/FreeRTOS-Plus-POSIX/include/portable/intel/A53Anony -isystem /home/zhous/A53Anony/uros/io/ethernet -isystem /home/zhous/A53Anony/uros/io/ethernet/eqos -isystem /home/zhous/A53Anony/uros/io/ethernet/include -isystem /home/zhous/A53Anony/uros/io/ethernet/include/freertos -isystem /home/zhous/A53Anony/uros/io/ethernet/phy -isystem /home/zhous/A53Anony/uros/os/freertos/FreeRTOS-Plus/Source/FreeRTOS-Plus-TCP/include -isystem /home/zhous/A53Anony/uros/os/freertos/FreeRTOS-Plus/Source/FreeRTOS-Plus-TCP/portable/Compiler/GCC -isystem /home/zhous/A53Anony/uros/runtime/ert_cxx/include -isystem /home/zhous/A53Anony/uros/runtime/libc/include -isystem /home/zhous/A53Anony/uros/runtime/libc/include/sys -isystem /home/zhous/A53Anony/uros/runtime/libc/include/aarch64 -isystem /home/zhous/A53Anony/uros/runtime/libc/src/math -isystem /home/zhous/A53Anony/uros/runtime/libcxx/include -isystem /home/zhous/A53Anony/uros/runtime/osal/include -isystem /home/zhous/A53Anony/uros/common/cbm/include -isystem /home/zhous/A53Anony/uros/common/component_base/interface -isystem /home/zhous/A53Anony/uros/common/drv_utils/include -isystem /home/zhous/A53Anony/uros/common/kosal/interface -isystem /home/zhous/A53Anony/uros/common/mef/include -isystem /home/zhous/A53Anony/uros/common/pm/include -isystem /home/zhous/A53Anony/uros/common/socket/include -isystem /home/zhous/A53Anony/uros/common/top_pbk/include -isystem /home/zhous/A53Anony/uros/common/trace_log/include -I/home/zhous/ROS2/micros_ws/firmware/mcu_ws/build/libyaml_vendor/libyaml-10c9078-prefix/src/libyaml-10c9078/include -I/home/zhous/ROS2/micros_ws/firmware/mcu_ws/build/libyaml_vendor/libyaml-10c9078-prefix/src/libyaml-10c9078-build/include  -std=c99 -mcpu=cortex-a53 -fno-exceptions -fno-non-call-exceptions   -g -O0 -DFREERTOS -DGUEST -DBOARD_A53Anony=1 -DPLAT_A53Anony -DBUILD_RVP -DBOOT_FW_FROM_SRAM -DENABLE_MMU -DBUILD_UNITY -DBUILD_ETH -DNETWORK_UTILS -DNET_AUTOLOAD -DBUILD_DM -DBUILD_SYSM -DFOOTPRINT_TEST  -nostdinc -fno-builtin -Wall -fdata-sections -ffunction-sections -g   -o CMakeFiles/yaml.dir/src/parser.c.obj   -c /home/zhous/ROS2/micros_ws/firmware/mcu_ws/build/libyaml_vendor/libyaml-10c9078-prefix/src/libyaml-10c9078/src/parser.c
/home/zhous/ROS2/micros_ws/firmware/freertos_apps/microros_intel_A53Anony_extensions/../../toolchain/bin/aarch64-none-elf-gcc --sysroot=/home/zhous/ROS2/micros_ws/firmware/freertos_apps/microros_intel_A53Anony_extensions/../.. -DHAVE_CONFIG_H -isystem /home/zhous/ROS2/micros_ws/firmware/freertos_apps/microros_intel_A53Anony_extensions/include -isystem /home/zhous/ROS2/micros_ws/firmware/freertos_apps/microros_intel_A53Anony_extensions/include/private -isystem /home/zhous/ROS2/micros_ws/firmware/freertos_apps/microros_intel_A53Anony_extensions/include/FreeRTOS_POSIX -isystem /home/zhous/ROS2/micros_ws/firmware/freertos_apps/microros_intel_A53Anony_extensions/FreeRTOS-Plus-POSIX/include -isystem /home/zhous/ROS2/micros_ws/firmware/freertos_apps/microros_intel_A53Anony_extensions/include/FreeRTOS_POSIX/sys -isystem /home/zhous/A53Anony/uros/os/freertos/os_shared/include -isystem /home/zhous/A53Anony/uros/os/freertos/os_shared/core/include -isystem /home/zhous/A53Anony/uros/os/freertos/FreeRTOS/Source/include -isystem /home/zhous/A53Anony/uros/os/freertos/Boards/A53Anony/freertos-smp -isystem /home/zhous/A53Anony/uros/os/freertos/Boards/A53Anony/freertos-smp/include -isystem /home/zhous/A53Anony/uros/os/freertos/Boards/A53Anony/freertos-smp/portable/include -isystem /home/zhous/A53Anony/uros/os/freertos/Boards/A53Anony/drivers -isystem /home/zhous/A53Anony/uros/os/freertos/Boards/A53Anony/drivers/delay_timer -isystem /home/zhous/A53Anony/uros/os/freertos/Boards/A53Anony/drivers/ehu -isystem /home/zhous/A53Anony/uros/os/freertos/Boards/A53Anony/drivers/gic -isystem /home/zhous/A53Anony/uros/os/freertos/Boards/A53Anony/drivers/hal -isystem /home/zhous/A53Anony/uros/os/freertos/Boards/A53Anony/drivers/A53Anony -isystem /home/zhous/A53Anony/uros/os/freertos/Boards/A53Anony/drivers/include -isystem /home/zhous/A53Anony/uros/os/freertos/Boards/A53Anony/drivers/mmu -isystem /home/zhous/A53Anony/uros/os/freertos/Boards/A53Anony/drivers/perf_pmu -isystem /home/zhous/A53Anony/uros/os/freertos/Boards/A53Anony/drivers/uart -isystem /home/zhous/A53Anony/uros/os/freertos/Boards/A53Anony/drivers/wdt -isystem /home/zhous/A53Anony/uros/os/freertos/Boards/A53Anony/heaps -isystem /home/zhous/A53Anony/uros/os/freertos/Boards/A53Anony/include -isystem /home/zhous/A53Anony/uros/os/freertos/Boards/A53Anony/rtos_support/include -isystem /home/zhous/A53Anony/uros/os/freertos/Boards/A53Anony/tests/benchmarks -isystem /home/zhous/A53Anony/uros/os/freertos/Boards/A53Anony/tests/freertos-test/include -isystem /home/zhous/A53Anony/uros/os/freertos/Boards/A53Anony/third-party -isystem /home/zhous/A53Anony/uros/os/freertos/Boards/A53Anony/third-party/benchmark/include -isystem /home/zhous/A53Anony/uros/os/freertos/Boards/A53Anony/third-party/console -isystem /home/zhous/A53Anony/uros/os/freertos/Boards/A53Anony/third-party/debug -isystem /home/zhous/A53Anony/uros/os/freertos/FreeRTOS-Posix/FreeRTOS-Plus-POSIX/include -isystem /home/zhous/A53Anony/uros/os/freertos/FreeRTOS-Posix/FreeRTOS-Plus-POSIX/include/portable -isystem /home/zhous/A53Anony/uros/os/freertos/FreeRTOS-Posix/FreeRTOS-Plus-POSIX/include/portable/intel/A53Anony -isystem /home/zhous/A53Anony/uros/io/ethernet -isystem /home/zhous/A53Anony/uros/io/ethernet/eqos -isystem /home/zhous/A53Anony/uros/io/ethernet/include -isystem /home/zhous/A53Anony/uros/io/ethernet/include/freertos -isystem /home/zhous/A53Anony/uros/io/ethernet/phy -isystem /home/zhous/A53Anony/uros/os/freertos/FreeRTOS-Plus/Source/FreeRTOS-Plus-TCP/include -isystem /home/zhous/A53Anony/uros/os/freertos/FreeRTOS-Plus/Source/FreeRTOS-Plus-TCP/portable/Compiler/GCC -isystem /home/zhous/A53Anony/uros/runtime/ert_cxx/include -isystem /home/zhous/A53Anony/uros/runtime/libc/include -isystem /home/zhous/A53Anony/uros/runtime/libc/include/sys -isystem /home/zhous/A53Anony/uros/runtime/libc/include/aarch64 -isystem /home/zhous/A53Anony/uros/runtime/libc/src/math -isystem /home/zhous/A53Anony/uros/runtime/libcxx/include -isystem /home/zhous/A53Anony/uros/runtime/osal/include -isystem /home/zhous/A53Anony/uros/common/cbm/include -isystem /home/zhous/A53Anony/uros/common/component_base/interface -isystem /home/zhous/A53Anony/uros/common/drv_utils/include -isystem /home/zhous/A53Anony/uros/common/kosal/interface -isystem /home/zhous/A53Anony/uros/common/mef/include -isystem /home/zhous/A53Anony/uros/common/pm/include -isystem /home/zhous/A53Anony/uros/common/socket/include -isystem /home/zhous/A53Anony/uros/common/top_pbk/include -isystem /home/zhous/A53Anony/uros/common/trace_log/include -I/home/zhous/ROS2/micros_ws/firmware/mcu_ws/build/libyaml_vendor/libyaml-10c9078-prefix/src/libyaml-10c9078/include -I/home/zhous/ROS2/micros_ws/firmware/mcu_ws/build/libyaml_vendor/libyaml-10c9078-prefix/src/libyaml-10c9078-build/include  -std=c99 -mcpu=cortex-a53 -fno-exceptions -fno-non-call-exceptions   -g -O0 -DFREERTOS -DGUEST -DBOARD_A53Anony=1 -DPLAT_A53Anony -DBUILD_RVP -DBOOT_FW_FROM_SRAM -DENABLE_MMU -DBUILD_UNITY -DBUILD_ETH -DNETWORK_UTILS -DNET_AUTOLOAD -DBUILD_DM -DBUILD_SYSM -DFOOTPRINT_TEST  -nostdinc -fno-builtin -Wall -fdata-sections -ffunction-sections -g   -o CMakeFiles/yaml.dir/src/loader.c.obj   -c /home/zhous/ROS2/micros_ws/firmware/mcu_ws/build/libyaml_vendor/libyaml-10c9078-prefix/src/libyaml-10c9078/src/loader.c
[ 66%] [32mBuilding C object CMakeFiles/yaml.dir/src/reader.c.obj[0m
/home/zhous/ROS2/micros_ws/firmware/freertos_apps/microros_intel_A53Anony_extensions/../../toolchain/bin/aarch64-none-elf-gcc --sysroot=/home/zhous/ROS2/micros_ws/firmware/freertos_apps/microros_intel_A53Anony_extensions/../.. -DHAVE_CONFIG_H -isystem /home/zhous/ROS2/micros_ws/firmware/freertos_apps/microros_intel_A53Anony_extensions/include -isystem /home/zhous/ROS2/micros_ws/firmware/freertos_apps/microros_intel_A53Anony_extensions/include/private -isystem /home/zhous/ROS2/micros_ws/firmware/freertos_apps/microros_intel_A53Anony_extensions/include/FreeRTOS_POSIX -isystem /home/zhous/ROS2/micros_ws/firmware/freertos_apps/microros_intel_A53Anony_extensions/FreeRTOS-Plus-POSIX/include -isystem /home/zhous/ROS2/micros_ws/firmware/freertos_apps/microros_intel_A53Anony_extensions/include/FreeRTOS_POSIX/sys -isystem /home/zhous/A53Anony/uros/os/freertos/os_shared/include -isystem /home/zhous/A53Anony/uros/os/freertos/os_shared/core/include -isystem /home/zhous/A53Anony/uros/os/freertos/FreeRTOS/Source/include -isystem /home/zhous/A53Anony/uros/os/freertos/Boards/A53Anony/freertos-smp -isystem /home/zhous/A53Anony/uros/os/freertos/Boards/A53Anony/freertos-smp/include -isystem /home/zhous/A53Anony/uros/os/freertos/Boards/A53Anony/freertos-smp/portable/include -isystem /home/zhous/A53Anony/uros/os/freertos/Boards/A53Anony/drivers -isystem /home/zhous/A53Anony/uros/os/freertos/Boards/A53Anony/drivers/delay_timer -isystem /home/zhous/A53Anony/uros/os/freertos/Boards/A53Anony/drivers/ehu -isystem /home/zhous/A53Anony/uros/os/freertos/Boards/A53Anony/drivers/gic -isystem /home/zhous/A53Anony/uros/os/freertos/Boards/A53Anony/drivers/hal -isystem /home/zhous/A53Anony/uros/os/freertos/Boards/A53Anony/drivers/A53Anony -isystem /home/zhous/A53Anony/uros/os/freertos/Boards/A53Anony/drivers/include -isystem /home/zhous/A53Anony/uros/os/freertos/Boards/A53Anony/drivers/mmu -isystem /home/zhous/A53Anony/uros/os/freertos/Boards/A53Anony/drivers/perf_pmu -isystem /home/zhous/A53Anony/uros/os/freertos/Boards/A53Anony/drivers/uart -isystem /home/zhous/A53Anony/uros/os/freertos/Boards/A53Anony/drivers/wdt -isystem /home/zhous/A53Anony/uros/os/freertos/Boards/A53Anony/heaps -isystem /home/zhous/A53Anony/uros/os/freertos/Boards/A53Anony/include -isystem /home/zhous/A53Anony/uros/os/freertos/Boards/A53Anony/rtos_support/include -isystem /home/zhous/A53Anony/uros/os/freertos/Boards/A53Anony/tests/benchmarks -isystem /home/zhous/A53Anony/uros/os/freertos/Boards/A53Anony/tests/freertos-test/include -isystem /home/zhous/A53Anony/uros/os/freertos/Boards/A53Anony/third-party -isystem /home/zhous/A53Anony/uros/os/freertos/Boards/A53Anony/third-party/benchmark/include -isystem /home/zhous/A53Anony/uros/os/freertos/Boards/A53Anony/third-party/console -isystem /home/zhous/A53Anony/uros/os/freertos/Boards/A53Anony/third-party/debug -isystem /home/zhous/A53Anony/uros/os/freertos/FreeRTOS-Posix/FreeRTOS-Plus-POSIX/include -isystem /home/zhous/A53Anony/uros/os/freertos/FreeRTOS-Posix/FreeRTOS-Plus-POSIX/include/portable -isystem /home/zhous/A53Anony/uros/os/freertos/FreeRTOS-Posix/FreeRTOS-Plus-POSIX/include/portable/intel/A53Anony -isystem /home/zhous/A53Anony/uros/io/ethernet -isystem /home/zhous/A53Anony/uros/io/ethernet/eqos -isystem /home/zhous/A53Anony/uros/io/ethernet/include -isystem /home/zhous/A53Anony/uros/io/ethernet/include/freertos -isystem /home/zhous/A53Anony/uros/io/ethernet/phy -isystem /home/zhous/A53Anony/uros/os/freertos/FreeRTOS-Plus/Source/FreeRTOS-Plus-TCP/include -isystem /home/zhous/A53Anony/uros/os/freertos/FreeRTOS-Plus/Source/FreeRTOS-Plus-TCP/portable/Compiler/GCC -isystem /home/zhous/A53Anony/uros/runtime/ert_cxx/include -isystem /home/zhous/A53Anony/uros/runtime/libc/include -isystem /home/zhous/A53Anony/uros/runtime/libc/include/sys -isystem /home/zhous/A53Anony/uros/runtime/libc/include/aarch64 -isystem /home/zhous/A53Anony/uros/runtime/libc/src/math -isystem /home/zhous/A53Anony/uros/runtime/libcxx/include -isystem /home/zhous/A53Anony/uros/runtime/osal/include -isystem /home/zhous/A53Anony/uros/common/cbm/include -isystem /home/zhous/A53Anony/uros/common/component_base/interface -isystem /home/zhous/A53Anony/uros/common/drv_utils/include -isystem /home/zhous/A53Anony/uros/common/kosal/interface -isystem /home/zhous/A53Anony/uros/common/mef/include -isystem /home/zhous/A53Anony/uros/common/pm/include -isystem /home/zhous/A53Anony/uros/common/socket/include -isystem /home/zhous/A53Anony/uros/common/top_pbk/include -isystem /home/zhous/A53Anony/uros/common/trace_log/include -I/home/zhous/ROS2/micros_ws/firmware/mcu_ws/build/libyaml_vendor/libyaml-10c9078-prefix/src/libyaml-10c9078/include -I/home/zhous/ROS2/micros_ws/firmware/mcu_ws/build/libyaml_vendor/libyaml-10c9078-prefix/src/libyaml-10c9078-build/include  -std=c99 -mcpu=cortex-a53 -fno-exceptions -fno-non-call-exceptions   -g -O0 -DFREERTOS -DGUEST -DBOARD_A53Anony=1 -DPLAT_A53Anony -DBUILD_RVP -DBOOT_FW_FROM_SRAM -DENABLE_MMU -DBUILD_UNITY -DBUILD_ETH -DNETWORK_UTILS -DNET_AUTOLOAD -DBUILD_DM -DBUILD_SYSM -DFOOTPRINT_TEST  -nostdinc -fno-builtin -Wall -fdata-sections -ffunction-sections -g   -o CMakeFiles/yaml.dir/src/writer.c.obj   -c /home/zhous/ROS2/micros_ws/firmware/mcu_ws/build/libyaml_vendor/libyaml-10c9078-prefix/src/libyaml-10c9078/src/writer.c
/home/zhous/ROS2/micros_ws/firmware/freertos_apps/microros_intel_A53Anony_extensions/../../toolchain/bin/aarch64-none-elf-gcc --sysroot=/home/zhous/ROS2/micros_ws/firmware/freertos_apps/microros_intel_A53Anony_extensions/../.. -DHAVE_CONFIG_H -isystem /home/zhous/ROS2/micros_ws/firmware/freertos_apps/microros_intel_A53Anony_extensions/include -isystem /home/zhous/ROS2/micros_ws/firmware/freertos_apps/microros_intel_A53Anony_extensions/include/private -isystem /home/zhous/ROS2/micros_ws/firmware/freertos_apps/microros_intel_A53Anony_extensions/include/FreeRTOS_POSIX -isystem /home/zhous/ROS2/micros_ws/firmware/freertos_apps/microros_intel_A53Anony_extensions/FreeRTOS-Plus-POSIX/include -isystem /home/zhous/ROS2/micros_ws/firmware/freertos_apps/microros_intel_A53Anony_extensions/include/FreeRTOS_POSIX/sys -isystem /home/zhous/A53Anony/uros/os/freertos/os_shared/include -isystem /home/zhous/A53Anony/uros/os/freertos/os_shared/core/include -isystem /home/zhous/A53Anony/uros/os/freertos/FreeRTOS/Source/include -isystem /home/zhous/A53Anony/uros/os/freertos/Boards/A53Anony/freertos-smp -isystem /home/zhous/A53Anony/uros/os/freertos/Boards/A53Anony/freertos-smp/include -isystem /home/zhous/A53Anony/uros/os/freertos/Boards/A53Anony/freertos-smp/portable/include -isystem /home/zhous/A53Anony/uros/os/freertos/Boards/A53Anony/drivers -isystem /home/zhous/A53Anony/uros/os/freertos/Boards/A53Anony/drivers/delay_timer -isystem /home/zhous/A53Anony/uros/os/freertos/Boards/A53Anony/drivers/ehu -isystem /home/zhous/A53Anony/uros/os/freertos/Boards/A53Anony/drivers/gic -isystem /home/zhous/A53Anony/uros/os/freertos/Boards/A53Anony/drivers/hal -isystem /home/zhous/A53Anony/uros/os/freertos/Boards/A53Anony/drivers/A53Anony -isystem /home/zhous/A53Anony/uros/os/freertos/Boards/A53Anony/drivers/include -isystem /home/zhous/A53Anony/uros/os/freertos/Boards/A53Anony/drivers/mmu -isystem /home/zhous/A53Anony/uros/os/freertos/Boards/A53Anony/drivers/perf_pmu -isystem /home/zhous/A53Anony/uros/os/freertos/Boards/A53Anony/drivers/uart -isystem /home/zhous/A53Anony/uros/os/freertos/Boards/A53Anony/drivers/wdt -isystem /home/zhous/A53Anony/uros/os/freertos/Boards/A53Anony/heaps -isystem /home/zhous/A53Anony/uros/os/freertos/Boards/A53Anony/include -isystem /home/zhous/A53Anony/uros/os/freertos/Boards/A53Anony/rtos_support/include -isystem /home/zhous/A53Anony/uros/os/freertos/Boards/A53Anony/tests/benchmarks -isystem /home/zhous/A53Anony/uros/os/freertos/Boards/A53Anony/tests/freertos-test/include -isystem /home/zhous/A53Anony/uros/os/freertos/Boards/A53Anony/third-party -isystem /home/zhous/A53Anony/uros/os/freertos/Boards/A53Anony/third-party/benchmark/include -isystem /home/zhous/A53Anony/uros/os/freertos/Boards/A53Anony/third-party/console -isystem /home/zhous/A53Anony/uros/os/freertos/Boards/A53Anony/third-party/debug -isystem /home/zhous/A53Anony/uros/os/freertos/FreeRTOS-Posix/FreeRTOS-Plus-POSIX/include -isystem /home/zhous/A53Anony/uros/os/freertos/FreeRTOS-Posix/FreeRTOS-Plus-POSIX/include/portable -isystem /home/zhous/A53Anony/uros/os/freertos/FreeRTOS-Posix/FreeRTOS-Plus-POSIX/include/portable/intel/A53Anony -isystem /home/zhous/A53Anony/uros/io/ethernet -isystem /home/zhous/A53Anony/uros/io/ethernet/eqos -isystem /home/zhous/A53Anony/uros/io/ethernet/include -isystem /home/zhous/A53Anony/uros/io/ethernet/include/freertos -isystem /home/zhous/A53Anony/uros/io/ethernet/phy -isystem /home/zhous/A53Anony/uros/os/freertos/FreeRTOS-Plus/Source/FreeRTOS-Plus-TCP/include -isystem /home/zhous/A53Anony/uros/os/freertos/FreeRTOS-Plus/Source/FreeRTOS-Plus-TCP/portable/Compiler/GCC -isystem /home/zhous/A53Anony/uros/runtime/ert_cxx/include -isystem /home/zhous/A53Anony/uros/runtime/libc/include -isystem /home/zhous/A53Anony/uros/runtime/libc/include/sys -isystem /home/zhous/A53Anony/uros/runtime/libc/include/aarch64 -isystem /home/zhous/A53Anony/uros/runtime/libc/src/math -isystem /home/zhous/A53Anony/uros/runtime/libcxx/include -isystem /home/zhous/A53Anony/uros/runtime/osal/include -isystem /home/zhous/A53Anony/uros/common/cbm/include -isystem /home/zhous/A53Anony/uros/common/component_base/interface -isystem /home/zhous/A53Anony/uros/common/drv_utils/include -isystem /home/zhous/A53Anony/uros/common/kosal/interface -isystem /home/zhous/A53Anony/uros/common/mef/include -isystem /home/zhous/A53Anony/uros/common/pm/include -isystem /home/zhous/A53Anony/uros/common/socket/include -isystem /home/zhous/A53Anony/uros/common/top_pbk/include -isystem /home/zhous/A53Anony/uros/common/trace_log/include -I/home/zhous/ROS2/micros_ws/firmware/mcu_ws/build/libyaml_vendor/libyaml-10c9078-prefix/src/libyaml-10c9078/include -I/home/zhous/ROS2/micros_ws/firmware/mcu_ws/build/libyaml_vendor/libyaml-10c9078-prefix/src/libyaml-10c9078-build/include  -std=c99 -mcpu=cortex-a53 -fno-exceptions -fno-non-call-exceptions   -g -O0 -DFREERTOS -DGUEST -DBOARD_A53Anony=1 -DPLAT_A53Anony -DBUILD_RVP -DBOOT_FW_FROM_SRAM -DENABLE_MMU -DBUILD_UNITY -DBUILD_ETH -DNETWORK_UTILS -DNET_AUTOLOAD -DBUILD_DM -DBUILD_SYSM -DFOOTPRINT_TEST  -nostdinc -fno-builtin -Wall -fdata-sections -ffunction-sections -g   -o CMakeFiles/yaml.dir/src/reader.c.obj   -c /home/zhous/ROS2/micros_ws/firmware/mcu_ws/build/libyaml_vendor/libyaml-10c9078-prefix/src/libyaml-10c9078/src/reader.c
[ 77%] [32mBuilding C object CMakeFiles/yaml.dir/src/emitter.c.obj[0m
/home/zhous/ROS2/micros_ws/firmware/freertos_apps/microros_intel_A53Anony_extensions/../../toolchain/bin/aarch64-none-elf-gcc --sysroot=/home/zhous/ROS2/micros_ws/firmware/freertos_apps/microros_intel_A53Anony_extensions/../.. -DHAVE_CONFIG_H -isystem /home/zhous/ROS2/micros_ws/firmware/freertos_apps/microros_intel_A53Anony_extensions/include -isystem /home/zhous/ROS2/micros_ws/firmware/freertos_apps/microros_intel_A53Anony_extensions/include/private -isystem /home/zhous/ROS2/micros_ws/firmware/freertos_apps/microros_intel_A53Anony_extensions/include/FreeRTOS_POSIX -isystem /home/zhous/ROS2/micros_ws/firmware/freertos_apps/microros_intel_A53Anony_extensions/FreeRTOS-Plus-POSIX/include -isystem /home/zhous/ROS2/micros_ws/firmware/freertos_apps/microros_intel_A53Anony_extensions/include/FreeRTOS_POSIX/sys -isystem /home/zhous/A53Anony/uros/os/freertos/os_shared/include -isystem /home/zhous/A53Anony/uros/os/freertos/os_shared/core/include -isystem /home/zhous/A53Anony/uros/os/freertos/FreeRTOS/Source/include -isystem /home/zhous/A53Anony/uros/os/freertos/Boards/A53Anony/freertos-smp -isystem /home/zhous/A53Anony/uros/os/freertos/Boards/A53Anony/freertos-smp/include -isystem /home/zhous/A53Anony/uros/os/freertos/Boards/A53Anony/freertos-smp/portable/include -isystem /home/zhous/A53Anony/uros/os/freertos/Boards/A53Anony/drivers -isystem /home/zhous/A53Anony/uros/os/freertos/Boards/A53Anony/drivers/delay_timer -isystem /home/zhous/A53Anony/uros/os/freertos/Boards/A53Anony/drivers/ehu -isystem /home/zhous/A53Anony/uros/os/freertos/Boards/A53Anony/drivers/gic -isystem /home/zhous/A53Anony/uros/os/freertos/Boards/A53Anony/drivers/hal -isystem /home/zhous/A53Anony/uros/os/freertos/Boards/A53Anony/drivers/A53Anony -isystem /home/zhous/A53Anony/uros/os/freertos/Boards/A53Anony/drivers/include -isystem /home/zhous/A53Anony/uros/os/freertos/Boards/A53Anony/drivers/mmu -isystem /home/zhous/A53Anony/uros/os/freertos/Boards/A53Anony/drivers/perf_pmu -isystem /home/zhous/A53Anony/uros/os/freertos/Boards/A53Anony/drivers/uart -isystem /home/zhous/A53Anony/uros/os/freertos/Boards/A53Anony/drivers/wdt -isystem /home/zhous/A53Anony/uros/os/freertos/Boards/A53Anony/heaps -isystem /home/zhous/A53Anony/uros/os/freertos/Boards/A53Anony/include -isystem /home/zhous/A53Anony/uros/os/freertos/Boards/A53Anony/rtos_support/include -isystem /home/zhous/A53Anony/uros/os/freertos/Boards/A53Anony/tests/benchmarks -isystem /home/zhous/A53Anony/uros/os/freertos/Boards/A53Anony/tests/freertos-test/include -isystem /home/zhous/A53Anony/uros/os/freertos/Boards/A53Anony/third-party -isystem /home/zhous/A53Anony/uros/os/freertos/Boards/A53Anony/third-party/benchmark/include -isystem /home/zhous/A53Anony/uros/os/freertos/Boards/A53Anony/third-party/console -isystem /home/zhous/A53Anony/uros/os/freertos/Boards/A53Anony/third-party/debug -isystem /home/zhous/A53Anony/uros/os/freertos/FreeRTOS-Posix/FreeRTOS-Plus-POSIX/include -isystem /home/zhous/A53Anony/uros/os/freertos/FreeRTOS-Posix/FreeRTOS-Plus-POSIX/include/portable -isystem /home/zhous/A53Anony/uros/os/freertos/FreeRTOS-Posix/FreeRTOS-Plus-POSIX/include/portable/intel/A53Anony -isystem /home/zhous/A53Anony/uros/io/ethernet -isystem /home/zhous/A53Anony/uros/io/ethernet/eqos -isystem /home/zhous/A53Anony/uros/io/ethernet/include -isystem /home/zhous/A53Anony/uros/io/ethernet/include/freertos -isystem /home/zhous/A53Anony/uros/io/ethernet/phy -isystem /home/zhous/A53Anony/uros/os/freertos/FreeRTOS-Plus/Source/FreeRTOS-Plus-TCP/include -isystem /home/zhous/A53Anony/uros/os/freertos/FreeRTOS-Plus/Source/FreeRTOS-Plus-TCP/portable/Compiler/GCC -isystem /home/zhous/A53Anony/uros/runtime/ert_cxx/include -isystem /home/zhous/A53Anony/uros/runtime/libc/include -isystem /home/zhous/A53Anony/uros/runtime/libc/include/sys -isystem /home/zhous/A53Anony/uros/runtime/libc/include/aarch64 -isystem /home/zhous/A53Anony/uros/runtime/libc/src/math -isystem /home/zhous/A53Anony/uros/runtime/libcxx/include -isystem /home/zhous/A53Anony/uros/runtime/osal/include -isystem /home/zhous/A53Anony/uros/common/cbm/include -isystem /home/zhous/A53Anony/uros/common/component_base/interface -isystem /home/zhous/A53Anony/uros/common/drv_utils/include -isystem /home/zhous/A53Anony/uros/common/kosal/interface -isystem /home/zhous/A53Anony/uros/common/mef/include -isystem /home/zhous/A53Anony/uros/common/pm/include -isystem /home/zhous/A53Anony/uros/common/socket/include -isystem /home/zhous/A53Anony/uros/common/top_pbk/include -isystem /home/zhous/A53Anony/uros/common/trace_log/include -I/home/zhous/ROS2/micros_ws/firmware/mcu_ws/build/libyaml_vendor/libyaml-10c9078-prefix/src/libyaml-10c9078/include -I/home/zhous/ROS2/micros_ws/firmware/mcu_ws/build/libyaml_vendor/libyaml-10c9078-prefix/src/libyaml-10c9078-build/include  -std=c99 -mcpu=cortex-a53 -fno-exceptions -fno-non-call-exceptions   -g -O0 -DFREERTOS -DGUEST -DBOARD_A53Anony=1 -DPLAT_A53Anony -DBUILD_RVP -DBOOT_FW_FROM_SRAM -DENABLE_MMU -DBUILD_UNITY -DBUILD_ETH -DNETWORK_UTILS -DNET_AUTOLOAD -DBUILD_DM -DBUILD_SYSM -DFOOTPRINT_TEST  -nostdinc -fno-builtin -Wall -fdata-sections -ffunction-sections -g   -o CMakeFiles/yaml.dir/src/emitter.c.obj   -c /home/zhous/ROS2/micros_ws/firmware/mcu_ws/build/libyaml_vendor/libyaml-10c9078-prefix/src/libyaml-10c9078/src/emitter.c
[ 88%] [32mBuilding C object CMakeFiles/yaml.dir/src/scanner.c.obj[0m
/home/zhous/ROS2/micros_ws/firmware/freertos_apps/microros_intel_A53Anony_extensions/../../toolchain/bin/aarch64-none-elf-gcc --sysroot=/home/zhous/ROS2/micros_ws/firmware/freertos_apps/microros_intel_A53Anony_extensions/../.. -DHAVE_CONFIG_H -isystem /home/zhous/ROS2/micros_ws/firmware/freertos_apps/microros_intel_A53Anony_extensions/include -isystem /home/zhous/ROS2/micros_ws/firmware/freertos_apps/microros_intel_A53Anony_extensions/include/private -isystem /home/zhous/ROS2/micros_ws/firmware/freertos_apps/microros_intel_A53Anony_extensions/include/FreeRTOS_POSIX -isystem /home/zhous/ROS2/micros_ws/firmware/freertos_apps/microros_intel_A53Anony_extensions/FreeRTOS-Plus-POSIX/include -isystem /home/zhous/ROS2/micros_ws/firmware/freertos_apps/microros_intel_A53Anony_extensions/include/FreeRTOS_POSIX/sys -isystem /home/zhous/A53Anony/uros/os/freertos/os_shared/include -isystem /home/zhous/A53Anony/uros/os/freertos/os_shared/core/include -isystem /home/zhous/A53Anony/uros/os/freertos/FreeRTOS/Source/include -isystem /home/zhous/A53Anony/uros/os/freertos/Boards/A53Anony/freertos-smp -isystem /home/zhous/A53Anony/uros/os/freertos/Boards/A53Anony/freertos-smp/include -isystem /home/zhous/A53Anony/uros/os/freertos/Boards/A53Anony/freertos-smp/portable/include -isystem /home/zhous/A53Anony/uros/os/freertos/Boards/A53Anony/drivers -isystem /home/zhous/A53Anony/uros/os/freertos/Boards/A53Anony/drivers/delay_timer -isystem /home/zhous/A53Anony/uros/os/freertos/Boards/A53Anony/drivers/ehu -isystem /home/zhous/A53Anony/uros/os/freertos/Boards/A53Anony/drivers/gic -isystem /home/zhous/A53Anony/uros/os/freertos/Boards/A53Anony/drivers/hal -isystem /home/zhous/A53Anony/uros/os/freertos/Boards/A53Anony/drivers/A53Anony -isystem /home/zhous/A53Anony/uros/os/freertos/Boards/A53Anony/drivers/include -isystem /home/zhous/A53Anony/uros/os/freertos/Boards/A53Anony/drivers/mmu -isystem /home/zhous/A53Anony/uros/os/freertos/Boards/A53Anony/drivers/perf_pmu -isystem /home/zhous/A53Anony/uros/os/freertos/Boards/A53Anony/drivers/uart -isystem /home/zhous/A53Anony/uros/os/freertos/Boards/A53Anony/drivers/wdt -isystem /home/zhous/A53Anony/uros/os/freertos/Boards/A53Anony/heaps -isystem /home/zhous/A53Anony/uros/os/freertos/Boards/A53Anony/include -isystem /home/zhous/A53Anony/uros/os/freertos/Boards/A53Anony/rtos_support/include -isystem /home/zhous/A53Anony/uros/os/freertos/Boards/A53Anony/tests/benchmarks -isystem /home/zhous/A53Anony/uros/os/freertos/Boards/A53Anony/tests/freertos-test/include -isystem /home/zhous/A53Anony/uros/os/freertos/Boards/A53Anony/third-party -isystem /home/zhous/A53Anony/uros/os/freertos/Boards/A53Anony/third-party/benchmark/include -isystem /home/zhous/A53Anony/uros/os/freertos/Boards/A53Anony/third-party/console -isystem /home/zhous/A53Anony/uros/os/freertos/Boards/A53Anony/third-party/debug -isystem /home/zhous/A53Anony/uros/os/freertos/FreeRTOS-Posix/FreeRTOS-Plus-POSIX/include -isystem /home/zhous/A53Anony/uros/os/freertos/FreeRTOS-Posix/FreeRTOS-Plus-POSIX/include/portable -isystem /home/zhous/A53Anony/uros/os/freertos/FreeRTOS-Posix/FreeRTOS-Plus-POSIX/include/portable/intel/A53Anony -isystem /home/zhous/A53Anony/uros/io/ethernet -isystem /home/zhous/A53Anony/uros/io/ethernet/eqos -isystem /home/zhous/A53Anony/uros/io/ethernet/include -isystem /home/zhous/A53Anony/uros/io/ethernet/include/freertos -isystem /home/zhous/A53Anony/uros/io/ethernet/phy -isystem /home/zhous/A53Anony/uros/os/freertos/FreeRTOS-Plus/Source/FreeRTOS-Plus-TCP/include -isystem /home/zhous/A53Anony/uros/os/freertos/FreeRTOS-Plus/Source/FreeRTOS-Plus-TCP/portable/Compiler/GCC -isystem /home/zhous/A53Anony/uros/runtime/ert_cxx/include -isystem /home/zhous/A53Anony/uros/runtime/libc/include -isystem /home/zhous/A53Anony/uros/runtime/libc/include/sys -isystem /home/zhous/A53Anony/uros/runtime/libc/include/aarch64 -isystem /home/zhous/A53Anony/uros/runtime/libc/src/math -isystem /home/zhous/A53Anony/uros/runtime/libcxx/include -isystem /home/zhous/A53Anony/uros/runtime/osal/include -isystem /home/zhous/A53Anony/uros/common/cbm/include -isystem /home/zhous/A53Anony/uros/common/component_base/interface -isystem /home/zhous/A53Anony/uros/common/drv_utils/include -isystem /home/zhous/A53Anony/uros/common/kosal/interface -isystem /home/zhous/A53Anony/uros/common/mef/include -isystem /home/zhous/A53Anony/uros/common/pm/include -isystem /home/zhous/A53Anony/uros/common/socket/include -isystem /home/zhous/A53Anony/uros/common/top_pbk/include -isystem /home/zhous/A53Anony/uros/common/trace_log/include -I/home/zhous/ROS2/micros_ws/firmware/mcu_ws/build/libyaml_vendor/libyaml-10c9078-prefix/src/libyaml-10c9078/include -I/home/zhous/ROS2/micros_ws/firmware/mcu_ws/build/libyaml_vendor/libyaml-10c9078-prefix/src/libyaml-10c9078-build/include  -std=c99 -mcpu=cortex-a53 -fno-exceptions -fno-non-call-exceptions   -g -O0 -DFREERTOS -DGUEST -DBOARD_A53Anony=1 -DPLAT_A53Anony -DBUILD_RVP -DBOOT_FW_FROM_SRAM -DENABLE_MMU -DBUILD_UNITY -DBUILD_ETH -DNETWORK_UTILS -DNET_AUTOLOAD -DBUILD_DM -DBUILD_SYSM -DFOOTPRINT_TEST  -nostdinc -fno-builtin -Wall -fdata-sections -ffunction-sections -g   -o CMakeFiles/yaml.dir/src/scanner.c.obj   -c /home/zhous/ROS2/micros_ws/firmware/mcu_ws/build/libyaml_vendor/libyaml-10c9078-prefix/src/libyaml-10c9078/src/scanner.c
In file included from [01m[K/home/zhous/ROS2/micros_ws/firmware/mcu_ws/build/libyaml_vendor/libyaml-10c9078-prefix/src/libyaml-10c9078/src/api.c:2[m[K:
[01m[K/home/zhous/ROS2/micros_ws/firmware/mcu_ws/build/libyaml_vendor/libyaml-10c9078-prefix/src/libyaml-10c9078/src/yaml_private.h:214:[m[K [01;35m[Kwarning: [m[K"IS_DIGIT" redefined
  214 | #define IS_DIGIT(string)    IS_DIGIT_AT((string),0)
      | 
In file included from [01m[K/home/zhous/ROS2/micros_ws/firmware/mcu_ws/build/libyaml_vendor/libyaml-10c9078-prefix/src/libyaml-10c9078/include/yaml.h:19[m[K,
                 from [01m[K/home/zhous/ROS2/micros_ws/firmware/mcu_ws/build/libyaml_vendor/libyaml-10c9078-prefix/src/libyaml-10c9078/src/yaml_private.h:5[m[K,
                 from [01m[K/home/zhous/ROS2/micros_ws/firmware/mcu_ws/build/libyaml_vendor/libyaml-10c9078-prefix/src/libyaml-10c9078/src/api.c:2[m[K:
[01m[K/home/zhous/A53Anony/uros/runtime/libc/include/stdio.h:41:[m[K [01;36m[Knote: [m[Kthis is the location of the previous definition
   41 | #define IS_DIGIT(x)       (((x) >= '0') && ((x) <= '9'))
      | 
[01m[K/home/zhous/ROS2/micros_ws/firmware/mcu_ws/build/libyaml_vendor/libyaml-10c9078-prefix/src/libyaml-10c9078/src/api.c:[m[K In function '[01m[Kyaml_strdup[m[K':
[01m[K/home/zhous/ROS2/micros_ws/firmware/mcu_ws/build/libyaml_vendor/libyaml-10c9078-prefix/src/libyaml-10c9078/src/api.c:66:27:[m[K [01;35m[Kwarning: [m[Kimplicit declaration of function '[01m[Kstrdup[m[K'; did you mean '[01m[Kstrcmp[m[K'? [[01;35m[K-Wimplicit-function-declaration[m[K]
   66 |     return (yaml_char_t *)[01;35m[Kstrdup[m[K((char *)str);
      |                           [01;35m[K^~~~~~[m[K
      |                           [32m[Kstrcmp[m[K
[01m[K/home/zhous/ROS2/micros_ws/firmware/mcu_ws/build/libyaml_vendor/libyaml-10c9078-prefix/src/libyaml-10c9078/src/api.c:66:12:[m[K [01;35m[Kwarning: [m[Kcast to pointer from integer of different size [[01;35m[K-Wint-to-pointer-cast[m[K]
   66 |     return [01;35m[K([m[Kyaml_char_t *)strdup((char *)str);
      |            [01;35m[K^[m[K
[01m[K/home/zhous/ROS2/micros_ws/firmware/mcu_ws/build/libyaml_vendor/libyaml-10c9078-prefix/src/libyaml-10c9078/src/api.c:[m[K In function '[01m[Kyaml_file_read_handler[m[K':
[01m[K/home/zhous/ROS2/micros_ws/firmware/mcu_ws/build/libyaml_vendor/libyaml-10c9078-prefix/src/libyaml-10c9078/src/api.c:275:13:[m[K [01;35m[Kwarning: [m[Kimplicit declaration of function '[01m[Kferror[m[K' [[01;35m[K-Wimplicit-function-declaration[m[K]
  275 |     return ![01;35m[Kferror[m[K(parser->input.file);
      |             [01;35m[K^~~~~~[m[K
In file included from [01m[K/home/zhous/ROS2/micros_ws/firmware/mcu_ws/build/libyaml_vendor/libyaml-10c9078-prefix/src/libyaml-10c9078/src/dumper.c:2[m[K:
[01m[K/home/zhous/ROS2/micros_ws/firmware/mcu_ws/build/libyaml_vendor/libyaml-10c9078-prefix/src/libyaml-10c9078/src/yaml_private.h:214:[m[K [01;35m[Kwarning: [m[K"IS_DIGIT" redefined
  214 | #define IS_DIGIT(string)    IS_DIGIT_AT((string),0)
      | 
In file included from [01m[K/home/zhous/ROS2/micros_ws/firmware/mcu_ws/build/libyaml_vendor/libyaml-10c9078-prefix/src/libyaml-10c9078/include/yaml.h:19[m[K,
                 from [01m[K/home/zhous/ROS2/micros_ws/firmware/mcu_ws/build/libyaml_vendor/libyaml-10c9078-prefix/src/libyaml-10c9078/src/yaml_private.h:5[m[K,
                 from [01m[K/home/zhous/ROS2/micros_ws/firmware/mcu_ws/build/libyaml_vendor/libyaml-10c9078-prefix/src/libyaml-10c9078/src/dumper.c:2[m[K:
[01m[K/home/zhous/A53Anony/uros/runtime/libc/include/stdio.h:41:[m[K [01;36m[Knote: [m[Kthis is the location of the previous definition
   41 | #define IS_DIGIT(x)       (((x) >= '0') && ((x) <= '9'))
      | 
In file included from [01m[K/home/zhous/ROS2/micros_ws/firmware/mcu_ws/build/libyaml_vendor/libyaml-10c9078-prefix/src/libyaml-10c9078/src/reader.c:2[m[K:
[01m[K/home/zhous/ROS2/micros_ws/firmware/mcu_ws/build/libyaml_vendor/libyaml-10c9078-prefix/src/libyaml-10c9078/src/yaml_private.h:214:[m[K [01;35m[Kwarning: [m[K"IS_DIGIT" redefined
  214 | #define IS_DIGIT(string)    IS_DIGIT_AT((string),0)
      | 
In file included from [01m[K/home/zhous/ROS2/micros_ws/firmware/mcu_ws/build/libyaml_vendor/libyaml-10c9078-prefix/src/libyaml-10c9078/include/yaml.h:19[m[K,
                 from [01m[K/home/zhous/ROS2/micros_ws/firmware/mcu_ws/build/libyaml_vendor/libyaml-10c9078-prefix/src/libyaml-10c9078/src/yaml_private.h:5[m[K,
                 from [01m[K/home/zhous/ROS2/micros_ws/firmware/mcu_ws/build/libyaml_vendor/libyaml-10c9078-prefix/src/libyaml-10c9078/src/reader.c:2[m[K:
[01m[K/home/zhous/A53Anony/uros/runtime/libc/include/stdio.h:41:[m[K [01;36m[Knote: [m[Kthis is the location of the previous definition
   41 | #define IS_DIGIT(x)       (((x) >= '0') && ((x) <= '9'))
      | 
In file included from [01m[K/home/zhous/ROS2/micros_ws/firmware/mcu_ws/build/libyaml_vendor/libyaml-10c9078-prefix/src/libyaml-10c9078/src/parser.c:42[m[K:
[01m[K/home/zhous/ROS2/micros_ws/firmware/mcu_ws/build/libyaml_vendor/libyaml-10c9078-prefix/src/libyaml-10c9078/src/yaml_private.h:214:[m[K [01;35m[Kwarning: [m[K"IS_DIGIT" redefined
  214 | #define IS_DIGIT(string)    IS_DIGIT_AT((string),0)
      | 
In file included from [01m[K/home/zhous/ROS2/micros_ws/firmware/mcu_ws/build/libyaml_vendor/libyaml-10c9078-prefix/src/libyaml-10c9078/src/writer.c:2[m[K:
[01m[K/home/zhous/ROS2/micros_ws/firmware/mcu_ws/build/libyaml_vendor/libyaml-10c9078-prefix/src/libyaml-10c9078/src/yaml_private.h:214:[m[K [01;35m[Kwarning: [m[K"IS_DIGIT" redefined
  214 | #define IS_DIGIT(string)    IS_DIGIT_AT((string),0)
      | 
In file included from [01m[K/home/zhous/ROS2/micros_ws/firmware/mcu_ws/build/libyaml_vendor/libyaml-10c9078-prefix/src/libyaml-10c9078/include/yaml.h:19[m[K,
                 from [01m[K/home/zhous/ROS2/micros_ws/firmware/mcu_ws/build/libyaml_vendor/libyaml-10c9078-prefix/src/libyaml-10c9078/src/yaml_private.h:5[m[K,
                 from [01m[K/home/zhous/ROS2/micros_ws/firmware/mcu_ws/build/libyaml_vendor/libyaml-10c9078-prefix/src/libyaml-10c9078/src/writer.c:2[m[K:
[01m[K/home/zhous/A53Anony/uros/runtime/libc/include/stdio.h:41:[m[K [01;36m[Knote: [m[Kthis is the location of the previous definition
   41 | #define IS_DIGIT(x)       (((x) >= '0') && ((x) <= '9'))
      | 
In file included from [01m[K/home/zhous/ROS2/micros_ws/firmware/mcu_ws/build/libyaml_vendor/libyaml-10c9078-prefix/src/libyaml-10c9078/include/yaml.h:19[m[K,
                 from [01m[K/home/zhous/ROS2/micros_ws/firmware/mcu_ws/build/libyaml_vendor/libyaml-10c9078-prefix/src/libyaml-10c9078/src/yaml_private.h:5[m[K,
                 from [01m[K/home/zhous/ROS2/micros_ws/firmware/mcu_ws/build/libyaml_vendor/libyaml-10c9078-prefix/src/libyaml-10c9078/src/parser.c:42[m[K:
[01m[K/home/zhous/A53Anony/uros/runtime/libc/include/stdio.h:41:[m[K [01;36m[Knote: [m[Kthis is the location of the previous definition
   41 | #define IS_DIGIT(x)       (((x) >= '0') && ((x) <= '9'))
      | 
In file included from [01m[K/home/zhous/ROS2/micros_ws/firmware/mcu_ws/build/libyaml_vendor/libyaml-10c9078-prefix/src/libyaml-10c9078/src/emitter.c:2[m[K:
[01m[K/home/zhous/ROS2/micros_ws/firmware/mcu_ws/build/libyaml_vendor/libyaml-10c9078-prefix/src/libyaml-10c9078/src/yaml_private.h:214:[m[K [01;35m[Kwarning: [m[K"IS_DIGIT" redefined
  214 | #define IS_DIGIT(string)    IS_DIGIT_AT((string),0)
      | 
In file included from [01m[K/home/zhous/ROS2/micros_ws/firmware/mcu_ws/build/libyaml_vendor/libyaml-10c9078-prefix/src/libyaml-10c9078/include/yaml.h:19[m[K,
                 from [01m[K/home/zhous/ROS2/micros_ws/firmware/mcu_ws/build/libyaml_vendor/libyaml-10c9078-prefix/src/libyaml-10c9078/src/yaml_private.h:5[m[K,
                 from [01m[K/home/zhous/ROS2/micros_ws/firmware/mcu_ws/build/libyaml_vendor/libyaml-10c9078-prefix/src/libyaml-10c9078/src/emitter.c:2[m[K:
[01m[K/home/zhous/A53Anony/uros/runtime/libc/include/stdio.h:41:[m[K [01;36m[Knote: [m[Kthis is the location of the previous definition
   41 | #define IS_DIGIT(x)       (((x) >= '0') && ((x) <= '9'))
      | 
[01m[K/home/zhous/ROS2/micros_ws/firmware/mcu_ws/build/libyaml_vendor/libyaml-10c9078-prefix/src/libyaml-10c9078/src/api.c:[m[K In function '[01m[Kyaml_document_delete[m[K':
[01m[K/home/zhous/ROS2/micros_ws/firmware/mcu_ws/build/libyaml_vendor/libyaml-10c9078-prefix/src/libyaml-10c9078/src/api.c:1121:7:[m[K [01;35m[Kwarning: [m[Kvariable '[01m[Kcontext[m[K' set but not used [[01;35m[K-Wunused-but-set-variable[m[K]
 1121 |     } [01;35m[Kcontext[m[K;
      |       [01;35m[K^~~~~~~[m[K
[01m[K/home/zhous/ROS2/micros_ws/firmware/mcu_ws/build/libyaml_vendor/libyaml-10c9078-prefix/src/libyaml-10c9078/src/parser.c:[m[K In function '[01m[Kyaml_parser_parse_block_sequence_entry[m[K':
[01m[K/home/zhous/ROS2/micros_ws/firmware/mcu_ws/build/libyaml_vendor/libyaml-10c9078-prefix/src/libyaml-10c9078/src/parser.c:762:21:[m[K [01;35m[Kwarning: [m[Kvariable '[01m[Kdummy_mark[m[K' set but not used [[01;35m[K-Wunused-but-set-variable[m[K]
  762 |         yaml_mark_t [01;35m[Kdummy_mark[m[K;     /* Used to eliminate a compiler warning. */
      |                     [01;35m[K^~~~~~~~~~[m[K
[01m[K/home/zhous/ROS2/micros_ws/firmware/mcu_ws/build/libyaml_vendor/libyaml-10c9078-prefix/src/libyaml-10c9078/src/parser.c:[m[K In function '[01m[Kyaml_parser_parse_block_mapping_key[m[K':
[01m[K/home/zhous/ROS2/micros_ws/firmware/mcu_ws/build/libyaml_vendor/libyaml-10c9078-prefix/src/libyaml-10c9078/src/parser.c:872:21:[m[K [01;35m[Kwarning: [m[Kvariable '[01m[Kdummy_mark[m[K' set but not used [[01;35m[K-Wunused-but-set-variable[m[K]
  872 |         yaml_mark_t [01;35m[Kdummy_mark[m[K;     /* Used to eliminate a compiler warning. */
      |                     [01;35m[K^~~~~~~~~~[m[K
In file included from [01m[K/home/zhous/ROS2/micros_ws/firmware/mcu_ws/build/libyaml_vendor/libyaml-10c9078-prefix/src/libyaml-10c9078/src/loader.c:2[m[K:
[01m[K/home/zhous/ROS2/micros_ws/firmware/mcu_ws/build/libyaml_vendor/libyaml-10c9078-prefix/src/libyaml-10c9078/src/yaml_private.h:214:[m[K [01;35m[Kwarning: [m[K"IS_DIGIT" redefined
  214 | #define IS_DIGIT(string)    IS_DIGIT_AT((string),0)
      | 
In file included from [01m[K/home/zhous/ROS2/micros_ws/firmware/mcu_ws/build/libyaml_vendor/libyaml-10c9078-prefix/src/libyaml-10c9078/include/yaml.h:19[m[K,
                 from [01m[K/home/zhous/ROS2/micros_ws/firmware/mcu_ws/build/libyaml_vendor/libyaml-10c9078-prefix/src/libyaml-10c9078/src/yaml_private.h:5[m[K,
                 from [01m[K/home/zhous/ROS2/micros_ws/firmware/mcu_ws/build/libyaml_vendor/libyaml-10c9078-prefix/src/libyaml-10c9078/src/loader.c:2[m[K:
[01m[K/home/zhous/A53Anony/uros/runtime/libc/include/stdio.h:41:[m[K [01;36m[Knote: [m[Kthis is the location of the previous definition
   41 | #define IS_DIGIT(x)       (((x) >= '0') && ((x) <= '9'))
      | 
[01m[K/home/zhous/ROS2/micros_ws/firmware/mcu_ws/build/libyaml_vendor/libyaml-10c9078-prefix/src/libyaml-10c9078/src/parser.c:[m[K In function '[01m[Kyaml_parser_parse_flow_sequence_entry[m[K':
[01m[K/home/zhous/ROS2/micros_ws/firmware/mcu_ws/build/libyaml_vendor/libyaml-10c9078-prefix/src/libyaml-10c9078/src/parser.c:955:17:[m[K [01;35m[Kwarning: [m[Kvariable '[01m[Kdummy_mark[m[K' set but not used [[01;35m[K-Wunused-but-set-variable[m[K]
  955 |     yaml_mark_t [01;35m[Kdummy_mark[m[K;     /* Used to eliminate a compiler warning. */
      |                 [01;35m[K^~~~~~~~~~[m[K
[01m[K/home/zhous/ROS2/micros_ws/firmware/mcu_ws/build/libyaml_vendor/libyaml-10c9078-prefix/src/libyaml-10c9078/src/parser.c:[m[K In function '[01m[Kyaml_parser_parse_flow_mapping_key[m[K':
[01m[K/home/zhous/ROS2/micros_ws/firmware/mcu_ws/build/libyaml_vendor/libyaml-10c9078-prefix/src/libyaml-10c9078/src/parser.c:1107:17:[m[K [01;35m[Kwarning: [m[Kvariable '[01m[Kdummy_mark[m[K' set but not used [[01;35m[K-Wunused-but-set-variable[m[K]
 1107 |     yaml_mark_t [01;35m[Kdummy_mark[m[K;     /* Used to eliminate a compiler warning. */
      |                 [01;35m[K^~~~~~~~~~[m[K
[01m[K/home/zhous/ROS2/micros_ws/firmware/mcu_ws/build/libyaml_vendor/libyaml-10c9078-prefix/src/libyaml-10c9078/src/emitter.c:[m[K In function '[01m[Kyaml_emitter_write_plain_scalar[m[K':
[01m[K/home/zhous/ROS2/micros_ws/firmware/mcu_ws/build/libyaml_vendor/libyaml-10c9078-prefix/src/libyaml-10c9078/src/emitter.c:28:6:[m[K [01;35m[Kwarning: [m[Kvalue computed is not used [[01;35m[K-Wunused-value[m[K]
   28 |      [01;35m[K&&[m[K ((emitter->line_break == YAML_CR_BREAK ?                                \
      |      [01;35m[K^~[m[K
[01m[K/home/zhous/ROS2/micros_ws/firmware/mcu_ws/build/libyaml_vendor/libyaml-10c9078-prefix/src/libyaml-10c9078/src/emitter.c:56:11:[m[K [01;36m[Knote: [m[Kin expansion of macro '[01m[KPUT_BREAK[m[K'
   56 |          ([01;36m[KPUT_BREAK[m[K(emitter),                                                   \
      |           [01;36m[K^~~~~~~~~[m[K
[01m[K/home/zhous/ROS2/micros_ws/firmware/mcu_ws/build/libyaml_vendor/libyaml-10c9078-prefix/src/libyaml-10c9078/src/emitter.c:1931:18:[m[K [01;36m[Knote: [m[Kin expansion of macro '[01m[KWRITE_BREAK[m[K'
 1931 |             if (![01;36m[KWRITE_BREAK[m[K(emitter, string)) return 0;
      |                  [01;36m[K^~~~~~~~~~~[m[K
[01m[K/home/zhous/ROS2/micros_ws/firmware/mcu_ws/build/libyaml_vendor/libyaml-10c9078-prefix/src/libyaml-10c9078/src/emitter.c:[m[K In function '[01m[Kyaml_emitter_write_single_quoted_scalar[m[K':
[01m[K/home/zhous/ROS2/micros_ws/firmware/mcu_ws/build/libyaml_vendor/libyaml-10c9078-prefix/src/libyaml-10c9078/src/emitter.c:28:6:[m[K [01;35m[Kwarning: [m[Kvalue computed is not used [[01;35m[K-Wunused-value[m[K]
   28 |      [01;35m[K&&[m[K ((emitter->line_break == YAML_CR_BREAK ?                                \
      |      [01;35m[K^~[m[K
[01m[K/home/zhous/ROS2/micros_ws/firmware/mcu_ws/build/libyaml_vendor/libyaml-10c9078-prefix/src/libyaml-10c9078/src/emitter.c:56:11:[m[K [01;36m[Knote: [m[Kin expansion of macro '[01m[KPUT_BREAK[m[K'
   56 |          ([01;36m[KPUT_BREAK[m[K(emitter),                                                   \
      |           [01;36m[K^~~~~~~~~[m[K
[01m[K/home/zhous/ROS2/micros_ws/firmware/mcu_ws/build/libyaml_vendor/libyaml-10c9078-prefix/src/libyaml-10c9078/src/emitter.c:1988:18:[m[K [01;36m[Knote: [m[Kin expansion of macro '[01m[KWRITE_BREAK[m[K'
 1988 |             if (![01;36m[KWRITE_BREAK[m[K(emitter, string)) return 0;
      |                  [01;36m[K^~~~~~~~~~~[m[K
[01m[K/home/zhous/ROS2/micros_ws/firmware/mcu_ws/build/libyaml_vendor/libyaml-10c9078-prefix/src/libyaml-10c9078/src/emitter.c:[m[K In function '[01m[Kyaml_emitter_write_literal_scalar[m[K':
[01m[K/home/zhous/ROS2/micros_ws/firmware/mcu_ws/build/libyaml_vendor/libyaml-10c9078-prefix/src/libyaml-10c9078/src/emitter.c:28:6:[m[K [01;35m[Kwarning: [m[Kvalue computed is not used [[01;35m[K-Wunused-value[m[K]
   28 |      [01;35m[K&&[m[K ((emitter->line_break == YAML_CR_BREAK ?                                \
      |      [01;35m[K^~[m[K
[01m[K/home/zhous/ROS2/micros_ws/firmware/mcu_ws/build/libyaml_vendor/libyaml-10c9078-prefix/src/libyaml-10c9078/src/emitter.c:56:11:[m[K [01;36m[Knote: [m[Kin expansion of macro '[01m[KPUT_BREAK[m[K'
   56 |          ([01;36m[KPUT_BREAK[m[K(emitter),                                                   \
      |           [01;36m[K^~~~~~~~~[m[K
[01m[K/home/zhous/ROS2/micros_ws/firmware/mcu_ws/build/libyaml_vendor/libyaml-10c9078-prefix/src/libyaml-10c9078/src/emitter.c:2251:18:[m[K [01;36m[Knote: [m[Kin expansion of macro '[01m[KWRITE_BREAK[m[K'
 2251 |             if (![01;36m[KWRITE_BREAK[m[K(emitter, string)) return 0;
      |                  [01;36m[K^~~~~~~~~~~[m[K
In file included from [01m[K/home/zhous/ROS2/micros_ws/firmware/mcu_ws/build/libyaml_vendor/libyaml-10c9078-prefix/src/libyaml-10c9078/src/scanner.c:478[m[K:
[01m[K/home/zhous/ROS2/micros_ws/firmware/mcu_ws/build/libyaml_vendor/libyaml-10c9078-prefix/src/libyaml-10c9078/src/yaml_private.h:214:[m[K [01;35m[Kwarning: [m[K"IS_DIGIT" redefined
  214 | #define IS_DIGIT(string)    IS_DIGIT_AT((string),0)
      | 
In file included from [01m[K/home/zhous/ROS2/micros_ws/firmware/mcu_ws/build/libyaml_vendor/libyaml-10c9078-prefix/src/libyaml-10c9078/include/yaml.h:19[m[K,
                 from [01m[K/home/zhous/ROS2/micros_ws/firmware/mcu_ws/build/libyaml_vendor/libyaml-10c9078-prefix/src/libyaml-10c9078/src/yaml_private.h:5[m[K,
                 from [01m[K/home/zhous/ROS2/micros_ws/firmware/mcu_ws/build/libyaml_vendor/libyaml-10c9078-prefix/src/libyaml-10c9078/src/scanner.c:478[m[K:
[01m[K/home/zhous/A53Anony/uros/runtime/libc/include/stdio.h:41:[m[K [01;36m[Knote: [m[Kthis is the location of the previous definition
   41 | #define IS_DIGIT(x)       (((x) >= '0') && ((x) <= '9'))
      | 
[01m[K/home/zhous/ROS2/micros_ws/firmware/mcu_ws/build/libyaml_vendor/libyaml-10c9078-prefix/src/libyaml-10c9078/src/emitter.c:[m[K In function '[01m[Kyaml_emitter_write_folded_scalar[m[K':
[01m[K/home/zhous/ROS2/micros_ws/firmware/mcu_ws/build/libyaml_vendor/libyaml-10c9078-prefix/src/libyaml-10c9078/src/emitter.c:28:6:[m[K [01;35m[Kwarning: [m[Kvalue computed is not used [[01;35m[K-Wunused-value[m[K]
   28 |      [01;35m[K&&[m[K ((emitter->line_break == YAML_CR_BREAK ?                                \
      |      [01;35m[K^~[m[K
[01m[K/home/zhous/ROS2/micros_ws/firmware/mcu_ws/build/libyaml_vendor/libyaml-10c9078-prefix/src/libyaml-10c9078/src/emitter.c:56:11:[m[K [01;36m[Knote: [m[Kin expansion of macro '[01m[KPUT_BREAK[m[K'
   56 |          ([01;36m[KPUT_BREAK[m[K(emitter),                                                   \
      |           [01;36m[K^~~~~~~~~[m[K
[01m[K/home/zhous/ROS2/micros_ws/firmware/mcu_ws/build/libyaml_vendor/libyaml-10c9078-prefix/src/libyaml-10c9078/src/emitter.c:2300:18:[m[K [01;36m[Knote: [m[Kin expansion of macro '[01m[KWRITE_BREAK[m[K'
 2300 |             if (![01;36m[KWRITE_BREAK[m[K(emitter, string)) return 0;
      |                  [01;36m[K^~~~~~~~~~~[m[K
[01m[K/home/zhous/ROS2/micros_ws/firmware/mcu_ws/build/libyaml_vendor/libyaml-10c9078-prefix/src/libyaml-10c9078/src/scanner.c:[m[K In function '[01m[Kyaml_parser_decrease_flow_level[m[K':
[01m[K/home/zhous/ROS2/micros_ws/firmware/mcu_ws/build/libyaml_vendor/libyaml-10c9078-prefix/src/libyaml-10c9078/src/scanner.c:1189:23:[m[K [01;35m[Kwarning: [m[Kvariable '[01m[Kdummy_key[m[K' set but not used [[01;35m[K-Wunused-but-set-variable[m[K]
 1189 |     yaml_simple_key_t [01;35m[Kdummy_key[m[K;    /* Used to eliminate a compiler warning. */
      |                       [01;35m[K^~~~~~~~~[m[K
[100%] [32m[1mLinking C static library libyaml.a[0m
/usr/bin/cmake -P CMakeFiles/yaml.dir/cmake_clean_target.cmake
/usr/bin/cmake -E cmake_link_script CMakeFiles/yaml.dir/link.txt --verbose=1
/home/zhous/ROS2/micros_ws/firmware/toolchain/bin/aarch64-none-elf-ar qc libyaml.a  CMakeFiles/yaml.dir/src/api.c.obj CMakeFiles/yaml.dir/src/dumper.c.obj CMakeFiles/yaml.dir/src/emitter.c.obj CMakeFiles/yaml.dir/src/loader.c.obj CMakeFiles/yaml.dir/src/parser.c.obj CMakeFiles/yaml.dir/src/reader.c.obj CMakeFiles/yaml.dir/src/scanner.c.obj CMakeFiles/yaml.dir/src/writer.c.obj
/home/zhous/ROS2/micros_ws/firmware/toolchain/bin/aarch64-none-elf-ranlib libyaml.a
make[6]: Leaving directory '/home/zhous/ROS2/micros_ws/firmware/mcu_ws/build/libyaml_vendor/libyaml-10c9078-prefix/src/libyaml-10c9078-build'
[100%] Built target yaml
make[5]: Leaving directory '/home/zhous/ROS2/micros_ws/firmware/mcu_ws/build/libyaml_vendor/libyaml-10c9078-prefix/src/libyaml-10c9078-build'
/usr/bin/cmake -E cmake_progress_start /home/zhous/ROS2/micros_ws/firmware/mcu_ws/build/libyaml_vendor/libyaml-10c9078-prefix/src/libyaml-10c9078-build/CMakeFiles 0
make[4]: Leaving directory '/home/zhous/ROS2/micros_ws/firmware/mcu_ws/build/libyaml_vendor/libyaml-10c9078-prefix/src/libyaml-10c9078-build'
cd /home/zhous/ROS2/micros_ws/firmware/mcu_ws/build/libyaml_vendor/libyaml-10c9078-prefix/src/libyaml-10c9078-build && /usr/bin/cmake -E touch /home/zhous/ROS2/micros_ws/firmware/mcu_ws/build/libyaml_vendor/libyaml-10c9078-prefix/src/libyaml-10c9078-stamp/libyaml-10c9078-build
[ 87%] [34m[1mPerforming install step for 'libyaml-10c9078'[0m
cd /home/zhous/ROS2/micros_ws/firmware/mcu_ws/build/libyaml_vendor/libyaml-10c9078-prefix/src/libyaml-10c9078-build && /usr/bin/make install
make[4]: Entering directory '/home/zhous/ROS2/micros_ws/firmware/mcu_ws/build/libyaml_vendor/libyaml-10c9078-prefix/src/libyaml-10c9078-build'
/usr/bin/cmake -H/home/zhous/ROS2/micros_ws/firmware/mcu_ws/build/libyaml_vendor/libyaml-10c9078-prefix/src/libyaml-10c9078 -B/home/zhous/ROS2/micros_ws/firmware/mcu_ws/build/libyaml_vendor/libyaml-10c9078-prefix/src/libyaml-10c9078-build --check-build-system CMakeFiles/Makefile.cmake 0
/usr/bin/cmake -E cmake_progress_start /home/zhous/ROS2/micros_ws/firmware/mcu_ws/build/libyaml_vendor/libyaml-10c9078-prefix/src/libyaml-10c9078-build/CMakeFiles /home/zhous/ROS2/micros_ws/firmware/mcu_ws/build/libyaml_vendor/libyaml-10c9078-prefix/src/libyaml-10c9078-build/CMakeFiles/progress.marks
/usr/bin/make -f CMakeFiles/Makefile2 all
make[5]: Entering directory '/home/zhous/ROS2/micros_ws/firmware/mcu_ws/build/libyaml_vendor/libyaml-10c9078-prefix/src/libyaml-10c9078-build'
/usr/bin/make -f CMakeFiles/yaml.dir/build.make CMakeFiles/yaml.dir/depend
make[6]: Entering directory '/home/zhous/ROS2/micros_ws/firmware/mcu_ws/build/libyaml_vendor/libyaml-10c9078-prefix/src/libyaml-10c9078-build'
cd /home/zhous/ROS2/micros_ws/firmware/mcu_ws/build/libyaml_vendor/libyaml-10c9078-prefix/src/libyaml-10c9078-build && /usr/bin/cmake -E cmake_depends "Unix Makefiles" /home/zhous/ROS2/micros_ws/firmware/mcu_ws/build/libyaml_vendor/libyaml-10c9078-prefix/src/libyaml-10c9078 /home/zhous/ROS2/micros_ws/firmware/mcu_ws/build/libyaml_vendor/libyaml-10c9078-prefix/src/libyaml-10c9078 /home/zhous/ROS2/micros_ws/firmware/mcu_ws/build/libyaml_vendor/libyaml-10c9078-prefix/src/libyaml-10c9078-build /home/zhous/ROS2/micros_ws/firmware/mcu_ws/build/libyaml_vendor/libyaml-10c9078-prefix/src/libyaml-10c9078-build /home/zhous/ROS2/micros_ws/firmware/mcu_ws/build/libyaml_vendor/libyaml-10c9078-prefix/src/libyaml-10c9078-build/CMakeFiles/yaml.dir/DependInfo.cmake --color=
make[6]: Leaving directory '/home/zhous/ROS2/micros_ws/firmware/mcu_ws/build/libyaml_vendor/libyaml-10c9078-prefix/src/libyaml-10c9078-build'
/usr/bin/make -f CMakeFiles/yaml.dir/build.make CMakeFiles/yaml.dir/build
make[6]: Entering directory '/home/zhous/ROS2/micros_ws/firmware/mcu_ws/build/libyaml_vendor/libyaml-10c9078-prefix/src/libyaml-10c9078-build'
make[6]: Nothing to be done for 'CMakeFiles/yaml.dir/build'.
make[6]: Leaving directory '/home/zhous/ROS2/micros_ws/firmware/mcu_ws/build/libyaml_vendor/libyaml-10c9078-prefix/src/libyaml-10c9078-build'
[100%] Built target yaml
make[5]: Leaving directory '/home/zhous/ROS2/micros_ws/firmware/mcu_ws/build/libyaml_vendor/libyaml-10c9078-prefix/src/libyaml-10c9078-build'
/usr/bin/cmake -E cmake_progress_start /home/zhous/ROS2/micros_ws/firmware/mcu_ws/build/libyaml_vendor/libyaml-10c9078-prefix/src/libyaml-10c9078-build/CMakeFiles 0
/usr/bin/make -f CMakeFiles/Makefile2 preinstall
make[5]: Entering directory '/home/zhous/ROS2/micros_ws/firmware/mcu_ws/build/libyaml_vendor/libyaml-10c9078-prefix/src/libyaml-10c9078-build'
make[5]: Nothing to be done for 'preinstall'.
make[5]: Leaving directory '/home/zhous/ROS2/micros_ws/firmware/mcu_ws/build/libyaml_vendor/libyaml-10c9078-prefix/src/libyaml-10c9078-build'
[36mInstall the project...[0m
/usr/bin/cmake -P cmake_install.cmake
-- Install configuration: "Debug"
-- Installing: /home/zhous/ROS2/micros_ws/firmware/mcu_ws/build/libyaml_vendor/libyaml_install/include/yaml.h
-- Installing: /home/zhous/ROS2/micros_ws/firmware/mcu_ws/build/libyaml_vendor/libyaml_install/include/config.h
-- Installing: /home/zhous/ROS2/micros_ws/firmware/mcu_ws/build/libyaml_vendor/libyaml_install/lib/libyaml.a
-- Installing: /home/zhous/ROS2/micros_ws/firmware/mcu_ws/build/libyaml_vendor/libyaml_install/cmake/yamlConfig.cmake
-- Installing: /home/zhous/ROS2/micros_ws/firmware/mcu_ws/build/libyaml_vendor/libyaml_install/cmake/yamlTargets.cmake
-- Installing: /home/zhous/ROS2/micros_ws/firmware/mcu_ws/build/libyaml_vendor/libyaml_install/cmake/yamlTargets-debug.cmake
-- Installing: /home/zhous/ROS2/micros_ws/firmware/mcu_ws/build/libyaml_vendor/libyaml_install/cmake/yamlConfigVersion.cmake
make[4]: Leaving directory '/home/zhous/ROS2/micros_ws/firmware/mcu_ws/build/libyaml_vendor/libyaml-10c9078-prefix/src/libyaml-10c9078-build'
cd /home/zhous/ROS2/micros_ws/firmware/mcu_ws/build/libyaml_vendor/libyaml-10c9078-prefix/src/libyaml-10c9078-build && /usr/bin/cmake -E touch /home/zhous/ROS2/micros_ws/firmware/mcu_ws/build/libyaml_vendor/libyaml-10c9078-prefix/src/libyaml-10c9078-stamp/libyaml-10c9078-install
[100%] [34m[1mCompleted 'libyaml-10c9078'[0m
/usr/bin/cmake -E make_directory /home/zhous/ROS2/micros_ws/firmware/mcu_ws/build/libyaml_vendor/CMakeFiles
/usr/bin/cmake -E touch /home/zhous/ROS2/micros_ws/firmware/mcu_ws/build/libyaml_vendor/CMakeFiles/libyaml-10c9078-complete
/usr/bin/cmake -E touch /home/zhous/ROS2/micros_ws/firmware/mcu_ws/build/libyaml_vendor/libyaml-10c9078-prefix/src/libyaml-10c9078-stamp/libyaml-10c9078-done
make[3]: Leaving directory '/home/zhous/ROS2/micros_ws/firmware/mcu_ws/build/libyaml_vendor'
[100%] Built target libyaml-10c9078
make[2]: Leaving directory '/home/zhous/ROS2/micros_ws/firmware/mcu_ws/build/libyaml_vendor'
/usr/bin/cmake -E cmake_progress_start /home/zhous/ROS2/micros_ws/firmware/mcu_ws/build/libyaml_vendor/CMakeFiles 0
make[1]: Leaving directory '/home/zhous/ROS2/micros_ws/firmware/mcu_ws/build/libyaml_vendor'
make[1]: Entering directory '/home/zhous/ROS2/micros_ws/firmware/mcu_ws/build/libyaml_vendor'
/usr/bin/cmake -H/home/zhous/ROS2/micros_ws/firmware/mcu_ws/ros2/libyaml_vendor -B/home/zhous/ROS2/micros_ws/firmware/mcu_ws/build/libyaml_vendor --check-build-system CMakeFiles/Makefile.cmake 0
/usr/bin/cmake -E cmake_progress_start /home/zhous/ROS2/micros_ws/firmware/mcu_ws/build/libyaml_vendor/CMakeFiles /home/zhous/ROS2/micros_ws/firmware/mcu_ws/build/libyaml_vendor/CMakeFiles/progress.marks
/usr/bin/make -f CMakeFiles/Makefile2 all
make[2]: Entering directory '/home/zhous/ROS2/micros_ws/firmware/mcu_ws/build/libyaml_vendor'
/usr/bin/make -f CMakeFiles/libyaml-10c9078.dir/build.make CMakeFiles/libyaml-10c9078.dir/depend
make[3]: Entering directory '/home/zhous/ROS2/micros_ws/firmware/mcu_ws/build/libyaml_vendor'
cd /home/zhous/ROS2/micros_ws/firmware/mcu_ws/build/libyaml_vendor && /usr/bin/cmake -E cmake_depends "Unix Makefiles" /home/zhous/ROS2/micros_ws/firmware/mcu_ws/ros2/libyaml_vendor /home/zhous/ROS2/micros_ws/firmware/mcu_ws/ros2/libyaml_vendor /home/zhous/ROS2/micros_ws/firmware/mcu_ws/build/libyaml_vendor /home/zhous/ROS2/micros_ws/firmware/mcu_ws/build/libyaml_vendor /home/zhous/ROS2/micros_ws/firmware/mcu_ws/build/libyaml_vendor/CMakeFiles/libyaml-10c9078.dir/DependInfo.cmake --color=
make[3]: Leaving directory '/home/zhous/ROS2/micros_ws/firmware/mcu_ws/build/libyaml_vendor'
/usr/bin/make -f CMakeFiles/libyaml-10c9078.dir/build.make CMakeFiles/libyaml-10c9078.dir/build
make[3]: Entering directory '/home/zhous/ROS2/micros_ws/firmware/mcu_ws/build/libyaml_vendor'
make[3]: Nothing to be done for 'CMakeFiles/libyaml-10c9078.dir/build'.
make[3]: Leaving directory '/home/zhous/ROS2/micros_ws/firmware/mcu_ws/build/libyaml_vendor'
[100%] Built target libyaml-10c9078
make[2]: Leaving directory '/home/zhous/ROS2/micros_ws/firmware/mcu_ws/build/libyaml_vendor'
/usr/bin/cmake -E cmake_progress_start /home/zhous/ROS2/micros_ws/firmware/mcu_ws/build/libyaml_vendor/CMakeFiles 0
/usr/bin/make -f CMakeFiles/Makefile2 preinstall
make[2]: Entering directory '/home/zhous/ROS2/micros_ws/firmware/mcu_ws/build/libyaml_vendor'
make[2]: Nothing to be done for 'preinstall'.
make[2]: Leaving directory '/home/zhous/ROS2/micros_ws/firmware/mcu_ws/build/libyaml_vendor'
[36mInstall the project...[0m
/usr/bin/cmake -P cmake_install.cmake
-- Install configuration: "Debug"
-- Installing: /home/zhous/ROS2/micros_ws/firmware/mcu_ws/install/libyaml_vendor
-- Installing: /home/zhous/ROS2/micros_ws/firmware/mcu_ws/install/libyaml_vendor/cmake
-- Installing: /home/zhous/ROS2/micros_ws/firmware/mcu_ws/install/libyaml_vendor/cmake/yamlTargets-debug.cmake
-- Installing: /home/zhous/ROS2/micros_ws/firmware/mcu_ws/install/libyaml_vendor/cmake/yamlTargets.cmake
-- Installing: /home/zhous/ROS2/micros_ws/firmware/mcu_ws/install/libyaml_vendor/cmake/yamlConfig.cmake
-- Installing: /home/zhous/ROS2/micros_ws/firmware/mcu_ws/install/libyaml_vendor/cmake/yamlConfigVersion.cmake
-- Installing: /home/zhous/ROS2/micros_ws/firmware/mcu_ws/install/libyaml_vendor/lib
-- Installing: /home/zhous/ROS2/micros_ws/firmware/mcu_ws/install/libyaml_vendor/lib/libyaml.a
-- Installing: /home/zhous/ROS2/micros_ws/firmware/mcu_ws/install/libyaml_vendor/include
-- Installing: /home/zhous/ROS2/micros_ws/firmware/mcu_ws/install/libyaml_vendor/include/yaml.h
-- Installing: /home/zhous/ROS2/micros_ws/firmware/mcu_ws/install/libyaml_vendor/share/libyaml_vendor/environment/library_path.sh
-- Installing: /home/zhous/ROS2/micros_ws/firmware/mcu_ws/install/libyaml_vendor/share/ament_index/resource_index/package_run_dependencies/libyaml_vendor
-- Installing: /home/zhous/ROS2/micros_ws/firmware/mcu_ws/install/libyaml_vendor/share/ament_index/resource_index/parent_prefix_path/libyaml_vendor
-- Installing: /home/zhous/ROS2/micros_ws/firmware/mcu_ws/install/libyaml_vendor/share/libyaml_vendor/environment/ament_prefix_path.sh
-- Installing: /home/zhous/ROS2/micros_ws/firmware/mcu_ws/install/libyaml_vendor/share/libyaml_vendor/environment/path.sh
-- Installing: /home/zhous/ROS2/micros_ws/firmware/mcu_ws/install/libyaml_vendor/share/libyaml_vendor/local_setup.bash
-- Installing: /home/zhous/ROS2/micros_ws/firmware/mcu_ws/install/libyaml_vendor/share/libyaml_vendor/local_setup.sh
-- Installing: /home/zhous/ROS2/micros_ws/firmware/mcu_ws/install/libyaml_vendor/share/libyaml_vendor/local_setup.zsh
-- Installing: /home/zhous/ROS2/micros_ws/firmware/mcu_ws/install/libyaml_vendor/share/ament_index/resource_index/packages/libyaml_vendor
-- Installing: /home/zhous/ROS2/micros_ws/firmware/mcu_ws/install/libyaml_vendor/share/libyaml_vendor/cmake/ament_cmake_export_libraries-extras.cmake
-- Installing: /home/zhous/ROS2/micros_ws/firmware/mcu_ws/install/libyaml_vendor/share/libyaml_vendor/cmake/libyaml_vendorConfig.cmake
-- Installing: /home/zhous/ROS2/micros_ws/firmware/mcu_ws/install/libyaml_vendor/share/libyaml_vendor/cmake/libyaml_vendorConfig-version.cmake
-- Installing: /home/zhous/ROS2/micros_ws/firmware/mcu_ws/install/libyaml_vendor/share/libyaml_vendor/package.xml
make[1]: Leaving directory '/home/zhous/ROS2/micros_ws/firmware/mcu_ws/build/libyaml_vendor'
