Re-run cmake no build system arguments
-- Found ament_cmake: 0.7.6 (/home/zhous/ROS2/micros_ws/firmware/dev_ws/install/ament_cmake/share/ament_cmake/cmake)
-- Found PythonInterp: /usr/bin/python3 (found suitable version "3.6.9", minimum required is "3") 
-- Using PYTHON_EXECUTABLE: /usr/bin/python3
-- Configuring done
-- Generating done
-- Build files have been written to: /home/zhous/ROS2/micros_ws/firmware/mcu_ws/build/rosidl_default_runtime
make[1]: Entering directory '/home/zhous/ROS2/micros_ws/firmware/mcu_ws/build/rosidl_default_runtime'
/usr/bin/cmake -H/home/zhous/ROS2/micros_ws/firmware/mcu_ws/ros2/rosidl_defaults/rosidl_default_runtime -B/home/zhous/ROS2/micros_ws/firmware/mcu_ws/build/rosidl_default_runtime --check-build-system CMakeFiles/Makefile.cmake 0
/usr/bin/cmake -E cmake_progress_start /home/zhous/ROS2/micros_ws/firmware/mcu_ws/build/rosidl_default_runtime/CMakeFiles /home/zhous/ROS2/micros_ws/firmware/mcu_ws/build/rosidl_default_runtime/CMakeFiles/progress.marks
/usr/bin/make -f CMakeFiles/Makefile2 all
make[2]: Entering directory '/home/zhous/ROS2/micros_ws/firmware/mcu_ws/build/rosidl_default_runtime'
make[2]: Nothing to be done for 'all'.
make[2]: Leaving directory '/home/zhous/ROS2/micros_ws/firmware/mcu_ws/build/rosidl_default_runtime'
/usr/bin/cmake -E cmake_progress_start /home/zhous/ROS2/micros_ws/firmware/mcu_ws/build/rosidl_default_runtime/CMakeFiles 0
make[1]: Leaving directory '/home/zhous/ROS2/micros_ws/firmware/mcu_ws/build/rosidl_default_runtime'
make[1]: Entering directory '/home/zhous/ROS2/micros_ws/firmware/mcu_ws/build/rosidl_default_runtime'
/usr/bin/cmake -H/home/zhous/ROS2/micros_ws/firmware/mcu_ws/ros2/rosidl_defaults/rosidl_default_runtime -B/home/zhous/ROS2/micros_ws/firmware/mcu_ws/build/rosidl_default_runtime --check-build-system CMakeFiles/Makefile.cmake 0
/usr/bin/cmake -E cmake_progress_start /home/zhous/ROS2/micros_ws/firmware/mcu_ws/build/rosidl_default_runtime/CMakeFiles /home/zhous/ROS2/micros_ws/firmware/mcu_ws/build/rosidl_default_runtime/CMakeFiles/progress.marks
/usr/bin/make -f CMakeFiles/Makefile2 all
make[2]: Entering directory '/home/zhous/ROS2/micros_ws/firmware/mcu_ws/build/rosidl_default_runtime'
make[2]: Nothing to be done for 'all'.
make[2]: Leaving directory '/home/zhous/ROS2/micros_ws/firmware/mcu_ws/build/rosidl_default_runtime'
/usr/bin/cmake -E cmake_progress_start /home/zhous/ROS2/micros_ws/firmware/mcu_ws/build/rosidl_default_runtime/CMakeFiles 0
/usr/bin/make -f CMakeFiles/Makefile2 preinstall
make[2]: Entering directory '/home/zhous/ROS2/micros_ws/firmware/mcu_ws/build/rosidl_default_runtime'
make[2]: Nothing to be done for 'preinstall'.
make[2]: Leaving directory '/home/zhous/ROS2/micros_ws/firmware/mcu_ws/build/rosidl_default_runtime'
[36mInstall the project...[0m
/usr/bin/cmake -P cmake_install.cmake
-- Install configuration: "Debug"
-- Installing: /home/zhous/ROS2/micros_ws/firmware/mcu_ws/install/rosidl_default_runtime/share/ament_index/resource_index/package_run_dependencies/rosidl_default_runtime
-- Installing: /home/zhous/ROS2/micros_ws/firmware/mcu_ws/install/rosidl_default_runtime/share/ament_index/resource_index/parent_prefix_path/rosidl_default_runtime
-- Installing: /home/zhous/ROS2/micros_ws/firmware/mcu_ws/install/rosidl_default_runtime/share/rosidl_default_runtime/environment/ament_prefix_path.sh
-- Installing: /home/zhous/ROS2/micros_ws/firmware/mcu_ws/install/rosidl_default_runtime/share/rosidl_default_runtime/environment/path.sh
-- Installing: /home/zhous/ROS2/micros_ws/firmware/mcu_ws/install/rosidl_default_runtime/share/rosidl_default_runtime/local_setup.bash
-- Installing: /home/zhous/ROS2/micros_ws/firmware/mcu_ws/install/rosidl_default_runtime/share/rosidl_default_runtime/local_setup.sh
-- Installing: /home/zhous/ROS2/micros_ws/firmware/mcu_ws/install/rosidl_default_runtime/share/rosidl_default_runtime/local_setup.zsh
-- Installing: /home/zhous/ROS2/micros_ws/firmware/mcu_ws/install/rosidl_default_runtime/share/ament_index/resource_index/packages/rosidl_default_runtime
-- Installing: /home/zhous/ROS2/micros_ws/firmware/mcu_ws/install/rosidl_default_runtime/share/rosidl_default_runtime/cmake/rosidl_default_runtime-extras.cmake
-- Installing: /home/zhous/ROS2/micros_ws/firmware/mcu_ws/install/rosidl_default_runtime/share/rosidl_default_runtime/cmake/rosidl_default_runtimeConfig.cmake
-- Installing: /home/zhous/ROS2/micros_ws/firmware/mcu_ws/install/rosidl_default_runtime/share/rosidl_default_runtime/cmake/rosidl_default_runtimeConfig-version.cmake
-- Installing: /home/zhous/ROS2/micros_ws/firmware/mcu_ws/install/rosidl_default_runtime/share/rosidl_default_runtime/package.xml
make[1]: Leaving directory '/home/zhous/ROS2/micros_ws/firmware/mcu_ws/build/rosidl_default_runtime'
