[0.110s] Invoking command in '/home/zhous/ROS2/micros_ws/firmware/mcu_ws/build/rosidl_adapter': CMAKE_PREFIX_PATH=${CMAKE_PREFIX_PATH}:/home/zhous/ROS2/micros_ws/firmware/dev_ws/install/ament_uncrustify:/home/zhous/ROS2/micros_ws/firmware/dev_ws/install/ament_xmllint:/home/zhous/ROS2/micros_ws/firmware/dev_ws/install/ament_pyflakes:/home/zhous/ROS2/micros_ws/firmware/dev_ws/install/ament_pep8:/home/zhous/ROS2/micros_ws/firmware/dev_ws/install/ament_pep257:/home/zhous/ROS2/micros_ws/firmware/dev_ws/install/ament_pclint:/home/zhous/ROS2/micros_ws/firmware/dev_ws/install/ament_package:/home/zhous/ROS2/micros_ws/firmware/dev_ws/install/ament_lint_cmake:/home/zhous/ROS2/micros_ws/firmware/dev_ws/install/ament_flake8:/home/zhous/ROS2/micros_ws/firmware/dev_ws/install/ament_copyright:/home/zhous/ROS2/micros_ws/firmware/dev_ws/install/ament_lint:/home/zhous/ROS2/micros_ws/firmware/dev_ws/install/ament_index_python:/home/zhous/ROS2/micros_ws/firmware/dev_ws/install/ament_cpplint:/home/zhous/ROS2/micros_ws/firmware/dev_ws/install/ament_cppcheck:/home/zhous/ROS2/micros_ws/firmware/dev_ws/install/ament_clang_tidy:/home/zhous/ROS2/micros_ws/firmware/dev_ws/install/ament_clang_format mytag_args= *.h -o -name *.c -o -name *.inc -o -name *.hpp -o -name *.cpp -o -name *.S -o -name *.s /usr/bin/cmake /home/zhous/ROS2/micros_ws/firmware/mcu_ws/ros2/rosidl/rosidl_adapter -DCMAKE_POSITION_INDEPENDENT_CODE=OFF -DTHIRDPARTY=ON -DBUILD_SHARED_LIBS=OFF -DBUILD_TESTING=OFF -DCMAKE_BUILD_TYPE=Debug -DCMAKE_TOOLCHAIN_FILE=/home/zhous/ROS2/micros_ws/firmware/freertos_apps/microros_intel_A53Anony_extensions/arm_toolchain.cmake -DCMAKE_VERBOSE_MAKEFILE=ON -DCMAKE_INSTALL_PREFIX=/home/zhous/ROS2/micros_ws/firmware/mcu_ws/install/rosidl_adapter
[0.180s] Re-run cmake no build system arguments
[0.180s] -- Found ament_cmake: 0.7.6 (/home/zhous/ROS2/micros_ws/firmware/dev_ws/install/ament_cmake/share/ament_cmake/cmake)
[0.181s] -- Found PythonInterp: /usr/bin/python3 (found suitable version "3.6.9", minimum required is "3") 
[0.181s] -- Using PYTHON_EXECUTABLE: /usr/bin/python3
[0.636s] -- Configuring done
[0.640s] -- Generating done
[0.641s] -- Build files have been written to: /home/zhous/ROS2/micros_ws/firmware/mcu_ws/build/rosidl_adapter
[0.642s] CMake Warning:
[0.642s]   Manually-specified variables were not used by the project:
[0.643s] 
[0.643s]     BUILD_SHARED_LIBS
[0.644s]     THIRDPARTY
[0.645s] 
[0.645s] 
[0.645s] Invoked command in '/home/zhous/ROS2/micros_ws/firmware/mcu_ws/build/rosidl_adapter' returned '0': CMAKE_PREFIX_PATH=${CMAKE_PREFIX_PATH}:/home/zhous/ROS2/micros_ws/firmware/dev_ws/install/ament_uncrustify:/home/zhous/ROS2/micros_ws/firmware/dev_ws/install/ament_xmllint:/home/zhous/ROS2/micros_ws/firmware/dev_ws/install/ament_pyflakes:/home/zhous/ROS2/micros_ws/firmware/dev_ws/install/ament_pep8:/home/zhous/ROS2/micros_ws/firmware/dev_ws/install/ament_pep257:/home/zhous/ROS2/micros_ws/firmware/dev_ws/install/ament_pclint:/home/zhous/ROS2/micros_ws/firmware/dev_ws/install/ament_package:/home/zhous/ROS2/micros_ws/firmware/dev_ws/install/ament_lint_cmake:/home/zhous/ROS2/micros_ws/firmware/dev_ws/install/ament_flake8:/home/zhous/ROS2/micros_ws/firmware/dev_ws/install/ament_copyright:/home/zhous/ROS2/micros_ws/firmware/dev_ws/install/ament_lint:/home/zhous/ROS2/micros_ws/firmware/dev_ws/install/ament_index_python:/home/zhous/ROS2/micros_ws/firmware/dev_ws/install/ament_cpplint:/home/zhous/ROS2/micros_ws/firmware/dev_ws/install/ament_cppcheck:/home/zhous/ROS2/micros_ws/firmware/dev_ws/install/ament_clang_tidy:/home/zhous/ROS2/micros_ws/firmware/dev_ws/install/ament_clang_format mytag_args= *.h -o -name *.c -o -name *.inc -o -name *.hpp -o -name *.cpp -o -name *.S -o -name *.s /usr/bin/cmake /home/zhous/ROS2/micros_ws/firmware/mcu_ws/ros2/rosidl/rosidl_adapter -DCMAKE_POSITION_INDEPENDENT_CODE=OFF -DTHIRDPARTY=ON -DBUILD_SHARED_LIBS=OFF -DBUILD_TESTING=OFF -DCMAKE_BUILD_TYPE=Debug -DCMAKE_TOOLCHAIN_FILE=/home/zhous/ROS2/micros_ws/firmware/freertos_apps/microros_intel_A53Anony_extensions/arm_toolchain.cmake -DCMAKE_VERBOSE_MAKEFILE=ON -DCMAKE_INSTALL_PREFIX=/home/zhous/ROS2/micros_ws/firmware/mcu_ws/install/rosidl_adapter
[0.646s] Invoking command in '/home/zhous/ROS2/micros_ws/firmware/mcu_ws/build/rosidl_adapter': CMAKE_PREFIX_PATH=${CMAKE_PREFIX_PATH}:/home/zhous/ROS2/micros_ws/firmware/dev_ws/install/ament_uncrustify:/home/zhous/ROS2/micros_ws/firmware/dev_ws/install/ament_xmllint:/home/zhous/ROS2/micros_ws/firmware/dev_ws/install/ament_pyflakes:/home/zhous/ROS2/micros_ws/firmware/dev_ws/install/ament_pep8:/home/zhous/ROS2/micros_ws/firmware/dev_ws/install/ament_pep257:/home/zhous/ROS2/micros_ws/firmware/dev_ws/install/ament_pclint:/home/zhous/ROS2/micros_ws/firmware/dev_ws/install/ament_package:/home/zhous/ROS2/micros_ws/firmware/dev_ws/install/ament_lint_cmake:/home/zhous/ROS2/micros_ws/firmware/dev_ws/install/ament_flake8:/home/zhous/ROS2/micros_ws/firmware/dev_ws/install/ament_copyright:/home/zhous/ROS2/micros_ws/firmware/dev_ws/install/ament_lint:/home/zhous/ROS2/micros_ws/firmware/dev_ws/install/ament_index_python:/home/zhous/ROS2/micros_ws/firmware/dev_ws/install/ament_cpplint:/home/zhous/ROS2/micros_ws/firmware/dev_ws/install/ament_cppcheck:/home/zhous/ROS2/micros_ws/firmware/dev_ws/install/ament_clang_tidy:/home/zhous/ROS2/micros_ws/firmware/dev_ws/install/ament_clang_format mytag_args= *.h -o -name *.c -o -name *.inc -o -name *.hpp -o -name *.cpp -o -name *.S -o -name *.s /usr/bin/cmake --build /home/zhous/ROS2/micros_ws/firmware/mcu_ws/build/rosidl_adapter -- -j8 -l8
[0.659s] make[1]: Entering directory '/home/zhous/ROS2/micros_ws/firmware/mcu_ws/build/rosidl_adapter'
[0.659s] /usr/bin/cmake -H/home/zhous/ROS2/micros_ws/firmware/mcu_ws/ros2/rosidl/rosidl_adapter -B/home/zhous/ROS2/micros_ws/firmware/mcu_ws/build/rosidl_adapter --check-build-system CMakeFiles/Makefile.cmake 0
[0.672s] /usr/bin/cmake -E cmake_progress_start /home/zhous/ROS2/micros_ws/firmware/mcu_ws/build/rosidl_adapter/CMakeFiles /home/zhous/ROS2/micros_ws/firmware/mcu_ws/build/rosidl_adapter/CMakeFiles/progress.marks
[0.679s] /usr/bin/make -f CMakeFiles/Makefile2 all
[0.680s] make[2]: Entering directory '/home/zhous/ROS2/micros_ws/firmware/mcu_ws/build/rosidl_adapter'
[0.680s] make[2]: Nothing to be done for 'all'.
[0.680s] make[2]: Leaving directory '/home/zhous/ROS2/micros_ws/firmware/mcu_ws/build/rosidl_adapter'
[0.681s] /usr/bin/cmake -E cmake_progress_start /home/zhous/ROS2/micros_ws/firmware/mcu_ws/build/rosidl_adapter/CMakeFiles 0
[0.690s] make[1]: Leaving directory '/home/zhous/ROS2/micros_ws/firmware/mcu_ws/build/rosidl_adapter'
[0.697s] Invoked command in '/home/zhous/ROS2/micros_ws/firmware/mcu_ws/build/rosidl_adapter' returned '0': CMAKE_PREFIX_PATH=${CMAKE_PREFIX_PATH}:/home/zhous/ROS2/micros_ws/firmware/dev_ws/install/ament_uncrustify:/home/zhous/ROS2/micros_ws/firmware/dev_ws/install/ament_xmllint:/home/zhous/ROS2/micros_ws/firmware/dev_ws/install/ament_pyflakes:/home/zhous/ROS2/micros_ws/firmware/dev_ws/install/ament_pep8:/home/zhous/ROS2/micros_ws/firmware/dev_ws/install/ament_pep257:/home/zhous/ROS2/micros_ws/firmware/dev_ws/install/ament_pclint:/home/zhous/ROS2/micros_ws/firmware/dev_ws/install/ament_package:/home/zhous/ROS2/micros_ws/firmware/dev_ws/install/ament_lint_cmake:/home/zhous/ROS2/micros_ws/firmware/dev_ws/install/ament_flake8:/home/zhous/ROS2/micros_ws/firmware/dev_ws/install/ament_copyright:/home/zhous/ROS2/micros_ws/firmware/dev_ws/install/ament_lint:/home/zhous/ROS2/micros_ws/firmware/dev_ws/install/ament_index_python:/home/zhous/ROS2/micros_ws/firmware/dev_ws/install/ament_cpplint:/home/zhous/ROS2/micros_ws/firmware/dev_ws/install/ament_cppcheck:/home/zhous/ROS2/micros_ws/firmware/dev_ws/install/ament_clang_tidy:/home/zhous/ROS2/micros_ws/firmware/dev_ws/install/ament_clang_format mytag_args= *.h -o -name *.c -o -name *.inc -o -name *.hpp -o -name *.cpp -o -name *.S -o -name *.s /usr/bin/cmake --build /home/zhous/ROS2/micros_ws/firmware/mcu_ws/build/rosidl_adapter -- -j8 -l8
[0.735s] Invoking command in '/home/zhous/ROS2/micros_ws/firmware/mcu_ws/build/rosidl_adapter': CMAKE_PREFIX_PATH=${CMAKE_PREFIX_PATH}:/home/zhous/ROS2/micros_ws/firmware/dev_ws/install/ament_uncrustify:/home/zhous/ROS2/micros_ws/firmware/dev_ws/install/ament_xmllint:/home/zhous/ROS2/micros_ws/firmware/dev_ws/install/ament_pyflakes:/home/zhous/ROS2/micros_ws/firmware/dev_ws/install/ament_pep8:/home/zhous/ROS2/micros_ws/firmware/dev_ws/install/ament_pep257:/home/zhous/ROS2/micros_ws/firmware/dev_ws/install/ament_pclint:/home/zhous/ROS2/micros_ws/firmware/dev_ws/install/ament_package:/home/zhous/ROS2/micros_ws/firmware/dev_ws/install/ament_lint_cmake:/home/zhous/ROS2/micros_ws/firmware/dev_ws/install/ament_flake8:/home/zhous/ROS2/micros_ws/firmware/dev_ws/install/ament_copyright:/home/zhous/ROS2/micros_ws/firmware/dev_ws/install/ament_lint:/home/zhous/ROS2/micros_ws/firmware/dev_ws/install/ament_index_python:/home/zhous/ROS2/micros_ws/firmware/dev_ws/install/ament_cpplint:/home/zhous/ROS2/micros_ws/firmware/dev_ws/install/ament_cppcheck:/home/zhous/ROS2/micros_ws/firmware/dev_ws/install/ament_clang_tidy:/home/zhous/ROS2/micros_ws/firmware/dev_ws/install/ament_clang_format mytag_args= *.h -o -name *.c -o -name *.inc -o -name *.hpp -o -name *.cpp -o -name *.S -o -name *.s /usr/bin/cmake --build /home/zhous/ROS2/micros_ws/firmware/mcu_ws/build/rosidl_adapter --target install -- -j8 -l8
[0.754s] make[1]: Entering directory '/home/zhous/ROS2/micros_ws/firmware/mcu_ws/build/rosidl_adapter'
[0.754s] /usr/bin/cmake -H/home/zhous/ROS2/micros_ws/firmware/mcu_ws/ros2/rosidl/rosidl_adapter -B/home/zhous/ROS2/micros_ws/firmware/mcu_ws/build/rosidl_adapter --check-build-system CMakeFiles/Makefile.cmake 0
[0.768s] /usr/bin/cmake -E cmake_progress_start /home/zhous/ROS2/micros_ws/firmware/mcu_ws/build/rosidl_adapter/CMakeFiles /home/zhous/ROS2/micros_ws/firmware/mcu_ws/build/rosidl_adapter/CMakeFiles/progress.marks
[0.785s] /usr/bin/make -f CMakeFiles/Makefile2 all
[0.786s] make[2]: Entering directory '/home/zhous/ROS2/micros_ws/firmware/mcu_ws/build/rosidl_adapter'
[0.786s] make[2]: Nothing to be done for 'all'.
[0.786s] make[2]: Leaving directory '/home/zhous/ROS2/micros_ws/firmware/mcu_ws/build/rosidl_adapter'
[0.787s] /usr/bin/cmake -E cmake_progress_start /home/zhous/ROS2/micros_ws/firmware/mcu_ws/build/rosidl_adapter/CMakeFiles 0
[0.789s] /usr/bin/make -f CMakeFiles/Makefile2 preinstall
[0.804s] make[2]: Entering directory '/home/zhous/ROS2/micros_ws/firmware/mcu_ws/build/rosidl_adapter'
[0.805s] make[2]: Nothing to be done for 'preinstall'.
[0.807s] make[2]: Leaving directory '/home/zhous/ROS2/micros_ws/firmware/mcu_ws/build/rosidl_adapter'
[0.843s] [36mInstall the project...[0m
[0.843s] /usr/bin/cmake -P cmake_install.cmake
[0.857s] -- Install configuration: "Debug"
[0.858s] -- Installing: /home/zhous/ROS2/micros_ws/firmware/mcu_ws/install/rosidl_adapter/share/rosidl_adapter/environment/pythonpath.sh
[0.858s] -- Installing: /home/zhous/ROS2/micros_ws/firmware/mcu_ws/install/rosidl_adapter/lib/python3.6/site-packages/rosidl_adapter
[0.858s] -- Installing: /home/zhous/ROS2/micros_ws/firmware/mcu_ws/install/rosidl_adapter/lib/python3.6/site-packages/rosidl_adapter/main.py
[0.858s] -- Installing: /home/zhous/ROS2/micros_ws/firmware/mcu_ws/install/rosidl_adapter/lib/python3.6/site-packages/rosidl_adapter/__init__.py
[0.859s] -- Installing: /home/zhous/ROS2/micros_ws/firmware/mcu_ws/install/rosidl_adapter/lib/python3.6/site-packages/rosidl_adapter/msg
[0.859s] -- Installing: /home/zhous/ROS2/micros_ws/firmware/mcu_ws/install/rosidl_adapter/lib/python3.6/site-packages/rosidl_adapter/msg/__init__.py
[0.859s] -- Installing: /home/zhous/ROS2/micros_ws/firmware/mcu_ws/install/rosidl_adapter/lib/python3.6/site-packages/rosidl_adapter/resource
[0.860s] -- Installing: /home/zhous/ROS2/micros_ws/firmware/mcu_ws/install/rosidl_adapter/lib/python3.6/site-packages/rosidl_adapter/resource/__init__.py
[0.860s] -- Installing: /home/zhous/ROS2/micros_ws/firmware/mcu_ws/install/rosidl_adapter/lib/python3.6/site-packages/rosidl_adapter/resource/srv.idl.em
[0.861s] -- Installing: /home/zhous/ROS2/micros_ws/firmware/mcu_ws/install/rosidl_adapter/lib/python3.6/site-packages/rosidl_adapter/resource/msg.idl.em
[0.861s] -- Installing: /home/zhous/ROS2/micros_ws/firmware/mcu_ws/install/rosidl_adapter/lib/python3.6/site-packages/rosidl_adapter/resource/action.idl.em
[0.875s] -- Installing: /home/zhous/ROS2/micros_ws/firmware/mcu_ws/install/rosidl_adapter/lib/python3.6/site-packages/rosidl_adapter/resource/struct.idl.em
[0.875s] -- Installing: /home/zhous/ROS2/micros_ws/firmware/mcu_ws/install/rosidl_adapter/lib/python3.6/site-packages/rosidl_adapter/parser.py
[0.876s] -- Installing: /home/zhous/ROS2/micros_ws/firmware/mcu_ws/install/rosidl_adapter/lib/python3.6/site-packages/rosidl_adapter/cli.py
[0.876s] -- Installing: /home/zhous/ROS2/micros_ws/firmware/mcu_ws/install/rosidl_adapter/lib/python3.6/site-packages/rosidl_adapter/action
[0.876s] -- Installing: /home/zhous/ROS2/micros_ws/firmware/mcu_ws/install/rosidl_adapter/lib/python3.6/site-packages/rosidl_adapter/action/__init__.py
[0.877s] -- Installing: /home/zhous/ROS2/micros_ws/firmware/mcu_ws/install/rosidl_adapter/lib/python3.6/site-packages/rosidl_adapter/__main__.py
[0.877s] -- Installing: /home/zhous/ROS2/micros_ws/firmware/mcu_ws/install/rosidl_adapter/lib/python3.6/site-packages/rosidl_adapter/srv
[0.877s] -- Installing: /home/zhous/ROS2/micros_ws/firmware/mcu_ws/install/rosidl_adapter/lib/python3.6/site-packages/rosidl_adapter/srv/__init__.py
[0.880s] Listing '/home/zhous/ROS2/micros_ws/firmware/mcu_ws/install/rosidl_adapter/lib/python3.6/site-packages/rosidl_adapter'...
[0.880s] Compiling '/home/zhous/ROS2/micros_ws/firmware/mcu_ws/install/rosidl_adapter/lib/python3.6/site-packages/rosidl_adapter/__init__.py'...
[0.880s] Compiling '/home/zhous/ROS2/micros_ws/firmware/mcu_ws/install/rosidl_adapter/lib/python3.6/site-packages/rosidl_adapter/__main__.py'...
[0.881s] Listing '/home/zhous/ROS2/micros_ws/firmware/mcu_ws/install/rosidl_adapter/lib/python3.6/site-packages/rosidl_adapter/action'...
[0.881s] Compiling '/home/zhous/ROS2/micros_ws/firmware/mcu_ws/install/rosidl_adapter/lib/python3.6/site-packages/rosidl_adapter/action/__init__.py'...
[0.881s] Compiling '/home/zhous/ROS2/micros_ws/firmware/mcu_ws/install/rosidl_adapter/lib/python3.6/site-packages/rosidl_adapter/cli.py'...
[0.882s] Compiling '/home/zhous/ROS2/micros_ws/firmware/mcu_ws/install/rosidl_adapter/lib/python3.6/site-packages/rosidl_adapter/main.py'...
[0.883s] Listing '/home/zhous/ROS2/micros_ws/firmware/mcu_ws/install/rosidl_adapter/lib/python3.6/site-packages/rosidl_adapter/msg'...
[0.884s] Compiling '/home/zhous/ROS2/micros_ws/firmware/mcu_ws/install/rosidl_adapter/lib/python3.6/site-packages/rosidl_adapter/msg/__init__.py'...
[0.884s] Compiling '/home/zhous/ROS2/micros_ws/firmware/mcu_ws/install/rosidl_adapter/lib/python3.6/site-packages/rosidl_adapter/parser.py'...
[0.884s] Listing '/home/zhous/ROS2/micros_ws/firmware/mcu_ws/install/rosidl_adapter/lib/python3.6/site-packages/rosidl_adapter/resource'...
[0.884s] Compiling '/home/zhous/ROS2/micros_ws/firmware/mcu_ws/install/rosidl_adapter/lib/python3.6/site-packages/rosidl_adapter/resource/__init__.py'...
[0.884s] Listing '/home/zhous/ROS2/micros_ws/firmware/mcu_ws/install/rosidl_adapter/lib/python3.6/site-packages/rosidl_adapter/srv'...
[0.884s] Compiling '/home/zhous/ROS2/micros_ws/firmware/mcu_ws/install/rosidl_adapter/lib/python3.6/site-packages/rosidl_adapter/srv/__init__.py'...
[0.885s] -- Installing: /home/zhous/ROS2/micros_ws/firmware/mcu_ws/install/rosidl_adapter/share/ament_index/resource_index/package_run_dependencies/rosidl_adapter
[0.886s] -- Installing: /home/zhous/ROS2/micros_ws/firmware/mcu_ws/install/rosidl_adapter/share/ament_index/resource_index/parent_prefix_path/rosidl_adapter
[0.886s] -- Installing: /home/zhous/ROS2/micros_ws/firmware/mcu_ws/install/rosidl_adapter/share/rosidl_adapter/environment/ament_prefix_path.sh
[0.886s] -- Installing: /home/zhous/ROS2/micros_ws/firmware/mcu_ws/install/rosidl_adapter/share/rosidl_adapter/environment/path.sh
[0.886s] -- Installing: /home/zhous/ROS2/micros_ws/firmware/mcu_ws/install/rosidl_adapter/share/rosidl_adapter/local_setup.bash
[0.886s] -- Installing: /home/zhous/ROS2/micros_ws/firmware/mcu_ws/install/rosidl_adapter/share/rosidl_adapter/local_setup.sh
[0.886s] -- Installing: /home/zhous/ROS2/micros_ws/firmware/mcu_ws/install/rosidl_adapter/share/rosidl_adapter/local_setup.zsh
[0.887s] -- Installing: /home/zhous/ROS2/micros_ws/firmware/mcu_ws/install/rosidl_adapter/share/ament_index/resource_index/packages/rosidl_adapter
[0.887s] -- Installing: /home/zhous/ROS2/micros_ws/firmware/mcu_ws/install/rosidl_adapter/share/rosidl_adapter/cmake/rosidl_adapter-extras.cmake
[0.887s] -- Installing: /home/zhous/ROS2/micros_ws/firmware/mcu_ws/install/rosidl_adapter/share/rosidl_adapter/cmake/rosidl_adapterConfig.cmake
[0.887s] -- Installing: /home/zhous/ROS2/micros_ws/firmware/mcu_ws/install/rosidl_adapter/share/rosidl_adapter/cmake/rosidl_adapterConfig-version.cmake
[0.887s] -- Installing: /home/zhous/ROS2/micros_ws/firmware/mcu_ws/install/rosidl_adapter/share/rosidl_adapter/package.xml
[0.893s] -- Up-to-date: /home/zhous/ROS2/micros_ws/firmware/mcu_ws/install/rosidl_adapter/share/rosidl_adapter/cmake
[0.906s] -- Installing: /home/zhous/ROS2/micros_ws/firmware/mcu_ws/install/rosidl_adapter/share/rosidl_adapter/cmake/rosidl_adapt_interfaces.cmake
[0.907s] -- Installing: /home/zhous/ROS2/micros_ws/firmware/mcu_ws/install/rosidl_adapter/lib/rosidl_adapter/msg2idl.py
[0.907s] -- Installing: /home/zhous/ROS2/micros_ws/firmware/mcu_ws/install/rosidl_adapter/lib/rosidl_adapter/srv2idl.py
[0.907s] make[1]: Leaving directory '/home/zhous/ROS2/micros_ws/firmware/mcu_ws/build/rosidl_adapter'
[0.987s] Invoked command in '/home/zhous/ROS2/micros_ws/firmware/mcu_ws/build/rosidl_adapter' returned '0': CMAKE_PREFIX_PATH=${CMAKE_PREFIX_PATH}:/home/zhous/ROS2/micros_ws/firmware/dev_ws/install/ament_uncrustify:/home/zhous/ROS2/micros_ws/firmware/dev_ws/install/ament_xmllint:/home/zhous/ROS2/micros_ws/firmware/dev_ws/install/ament_pyflakes:/home/zhous/ROS2/micros_ws/firmware/dev_ws/install/ament_pep8:/home/zhous/ROS2/micros_ws/firmware/dev_ws/install/ament_pep257:/home/zhous/ROS2/micros_ws/firmware/dev_ws/install/ament_pclint:/home/zhous/ROS2/micros_ws/firmware/dev_ws/install/ament_package:/home/zhous/ROS2/micros_ws/firmware/dev_ws/install/ament_lint_cmake:/home/zhous/ROS2/micros_ws/firmware/dev_ws/install/ament_flake8:/home/zhous/ROS2/micros_ws/firmware/dev_ws/install/ament_copyright:/home/zhous/ROS2/micros_ws/firmware/dev_ws/install/ament_lint:/home/zhous/ROS2/micros_ws/firmware/dev_ws/install/ament_index_python:/home/zhous/ROS2/micros_ws/firmware/dev_ws/install/ament_cpplint:/home/zhous/ROS2/micros_ws/firmware/dev_ws/install/ament_cppcheck:/home/zhous/ROS2/micros_ws/firmware/dev_ws/install/ament_clang_tidy:/home/zhous/ROS2/micros_ws/firmware/dev_ws/install/ament_clang_format mytag_args= *.h -o -name *.c -o -name *.inc -o -name *.hpp -o -name *.cpp -o -name *.S -o -name *.s /usr/bin/cmake --build /home/zhous/ROS2/micros_ws/firmware/mcu_ws/build/rosidl_adapter --target install -- -j8 -l8
